<?xml version="1.0" encoding="UTF-8"?>
<!-- Generated by org.testng.reporters.JUnitXMLReporter -->
<testsuite ignored="0" hostname="Revathis-MacBook-Air.local" failures="5" tests="20" name="Test" time="374.833" errors="0" timestamp="2024-10-07T11:52:52 MST">
  <testcase classname="com.demoq.testcases.ElementsPageTest" name="@BeforeMethod setUp" time="27.854">
    <failure type="org.openqa.selenium.NoSuchSessionException" message="Session ID is null. Using WebDriver after calling quit()?
Build info: version: &amp;apos;4.8.3&amp;apos;, revision: &amp;apos;e5e76298c3&amp;apos;
System info: os.name: &amp;apos;Mac OS X&amp;apos;, os.arch: &amp;apos;aarch64&amp;apos;, os.version: &amp;apos;14.4.1&amp;apos;, java.version: &amp;apos;20.0.1&amp;apos;
Driver info: org.openqa.selenium.chrome.ChromeDriver
Command: [null, executeScript {script=arguments[0].scrollIntoView();, args=[{ELEMENT=f.0FA8F3E5373197044A4BE36577F52FDF.d.D0085A5A07A4E43D90BB7CF3851EA9AE.e.45, element-6066-11e4-a52e-4f735466cecf=f.0FA8F3E5373197044A4BE36577F52FDF.d.D0085A5A07A4E43D90BB7CF3851EA9AE.e.45}]}]
Capabilities {acceptInsecureCerts: false, browserName: chrome, browserVersion: 129.0.6668.90, chrome: {chromedriverVersion: 128.0.6613.137 (fe621c5aa2d..., userDataDir: /var/folders/sy/w4kkw0kx79l...}, fedcm:accounts: true, goog:chromeOptions: {debuggerAddress: localhost:57033}, networkConnectionEnabled: false, pageLoadStrategy: normal, platformName: MAC, proxy: Proxy(), se:cdp: ws://localhost:57033/devtoo..., se:cdpVersion: 129.0.6668.90, setWindowRect: true, strictFileInteractability: false, timeouts: {implicit: 0, pageLoad: 300000, script: 30000}, unhandledPromptBehavior: dismiss and notify, webauthn:extension:credBlob: true, webauthn:extension:largeBlob: true, webauthn:extension:minPinLength: true, webauthn:extension:prf: true, webauthn:virtualAuthenticators: true}">
      <![CDATA[org.openqa.selenium.NoSuchSessionException: Session ID is null. Using WebDriver after calling quit()?
Build info: version: '4.8.3', revision: 'e5e76298c3'
System info: os.name: 'Mac OS X', os.arch: 'aarch64', os.version: '14.4.1', java.version: '20.0.1'
Driver info: org.openqa.selenium.chrome.ChromeDriver
Command: [null, executeScript {script=arguments[0].scrollIntoView();, args=[{ELEMENT=f.0FA8F3E5373197044A4BE36577F52FDF.d.D0085A5A07A4E43D90BB7CF3851EA9AE.e.45, element-6066-11e4-a52e-4f735466cecf=f.0FA8F3E5373197044A4BE36577F52FDF.d.D0085A5A07A4E43D90BB7CF3851EA9AE.e.45}]}]
Capabilities {acceptInsecureCerts: false, browserName: chrome, browserVersion: 129.0.6668.90, chrome: {chromedriverVersion: 128.0.6613.137 (fe621c5aa2d..., userDataDir: /var/folders/sy/w4kkw0kx79l...}, fedcm:accounts: true, goog:chromeOptions: {debuggerAddress: localhost:57033}, networkConnectionEnabled: false, pageLoadStrategy: normal, platformName: MAC, proxy: Proxy(), se:cdp: ws://localhost:57033/devtoo..., se:cdpVersion: 129.0.6668.90, setWindowRect: true, strictFileInteractability: false, timeouts: {implicit: 0, pageLoad: 300000, script: 30000}, unhandledPromptBehavior: dismiss and notify, webauthn:extension:credBlob: true, webauthn:extension:largeBlob: true, webauthn:extension:minPinLength: true, webauthn:extension:prf: true, webauthn:virtualAuthenticators: true}
at org.openqa.selenium.remote.HttpCommandExecutor.execute(HttpCommandExecutor.java:154)
at org.openqa.selenium.remote.service.DriverCommandExecutor.invokeExecute(DriverCommandExecutor.java:183)
at org.openqa.selenium.remote.service.DriverCommandExecutor.execute(DriverCommandExecutor.java:158)
at org.openqa.selenium.remote.RemoteWebDriver.execute(RemoteWebDriver.java:543)
at org.openqa.selenium.remote.RemoteWebDriver.executeScript(RemoteWebDriver.java:480)
at com.demoq.util.TestUtil.windowScroll(TestUtil.java:28)
at com.demoq.pages.HomePage.clickOnElements(HomePage.java:52)
at com.demoq.testcases.ElementsPageTest.setUp(ElementsPageTest.java:26)
at java.base/java.util.ArrayList.forEach(ArrayList.java:1511)
... Removed 29 stack frames]]>
    </failure>
  </testcase> <!-- @BeforeMethod setUp -->
  <testcase classname="com.demoq.testcases.ElementsPageTest" name="@AfterMethod cleanUp" time="-1.728327172123E9">
    <skipped/>
  </testcase> <!-- @AfterMethod cleanUp -->
  <testcase classname="com.demoq.testcases.ElementsPageTest" name="@BeforeMethod setUp" time="-1.728327172124E9">
    <skipped/>
  </testcase> <!-- @BeforeMethod setUp -->
  <testcase classname="com.demoq.testcases.ElementsPageTest" name="@AfterMethod cleanUp" time="-1.728327172125E9">
    <skipped/>
  </testcase> <!-- @AfterMethod cleanUp -->
  <testcase classname="com.demoq.testcases.ElementsPageTest" name="@BeforeMethod setUp" time="-1.728327172126E9">
    <skipped/>
  </testcase> <!-- @BeforeMethod setUp -->
  <testcase classname="com.demoq.testcases.ElementsPageTest" name="@AfterMethod cleanUp" time="-1.728327172128E9">
    <skipped/>
  </testcase> <!-- @AfterMethod cleanUp -->
  <testcase classname="com.demoq.testcases.ElementsPageTest" name="@BeforeMethod setUp" time="-1.728327172129E9">
    <skipped/>
  </testcase> <!-- @BeforeMethod setUp -->
  <testcase classname="com.demoq.testcases.ElementsPageTest" name="@AfterMethod cleanUp" time="-1.728327172131E9">
    <skipped/>
  </testcase> <!-- @AfterMethod cleanUp -->
  <testcase classname="com.demoq.testcases.ElementsPageTest" name="@BeforeMethod setUp" time="-1.728327172132E9">
    <skipped/>
  </testcase> <!-- @BeforeMethod setUp -->
  <testcase classname="com.demoq.testcases.ElementsPageTest" name="@AfterMethod cleanUp" time="-1.728327172133E9">
    <skipped/>
  </testcase> <!-- @AfterMethod cleanUp -->
  <testcase classname="com.demoq.testcases.ElementsPageTest" name="@BeforeMethod setUp" time="-1.728327172134E9">
    <skipped/>
  </testcase> <!-- @BeforeMethod setUp -->
  <testcase classname="com.demoq.testcases.ElementsPageTest" name="@AfterMethod cleanUp" time="-1.728327172136E9">
    <skipped/>
  </testcase> <!-- @AfterMethod cleanUp -->
  <testcase classname="com.demoq.testcases.ElementsPageTest" name="@BeforeMethod setUp" time="-1.728327172137E9">
    <skipped/>
  </testcase> <!-- @BeforeMethod setUp -->
  <testcase classname="com.demoq.testcases.ElementsPageTest" name="@AfterMethod cleanUp" time="-1.728327172139E9">
    <skipped/>
  </testcase> <!-- @AfterMethod cleanUp -->
  <testcase classname="com.demoq.testcases.ElementsPageTest" name="@BeforeMethod setUp" time="-1.728327172139E9">
    <skipped/>
  </testcase> <!-- @BeforeMethod setUp -->
  <testcase classname="com.demoq.testcases.ElementsPageTest" name="@AfterMethod cleanUp" time="-1.72832717214E9">
    <skipped/>
  </testcase> <!-- @AfterMethod cleanUp -->
  <testcase classname="com.demoq.testcases.ElementsPageTest" name="@BeforeMethod setUp" time="-1.728327172141E9">
    <skipped/>
  </testcase> <!-- @BeforeMethod setUp -->
  <testcase classname="com.demoq.testcases.ElementsPageTest" name="@AfterMethod cleanUp" time="-1.728327172142E9">
    <skipped/>
  </testcase> <!-- @AfterMethod cleanUp -->
  <testcase classname="com.demoq.testcases.ElementsPageTest" name="@BeforeMethod setUp" time="-1.728327172143E9">
    <skipped/>
  </testcase> <!-- @BeforeMethod setUp -->
  <testcase classname="com.demoq.testcases.ElementsPageTest" name="@AfterMethod cleanUp" time="-1.728327172145E9">
    <skipped/>
  </testcase> <!-- @AfterMethod cleanUp -->
  <testcase classname="com.demoq.testcases.HomePageTest" name="clickOnAlertsFramesWindowTest" time="5.566"/>
  <testcase classname="com.demoq.testcases.HomePageTest" name="clickOnBookStoreApplicationTest" time="1.452">
    <failure type="org.openqa.selenium.NoSuchSessionException" message="Session ID is null. Using WebDriver after calling quit()?
Build info: version: &amp;apos;4.8.3&amp;apos;, revision: &amp;apos;e5e76298c3&amp;apos;
System info: os.name: &amp;apos;Mac OS X&amp;apos;, os.arch: &amp;apos;aarch64&amp;apos;, os.version: &amp;apos;14.4.1&amp;apos;, java.version: &amp;apos;20.0.1&amp;apos;
Driver info: org.openqa.selenium.chrome.ChromeDriver
Command: [null, executeScript {script=arguments[0].scrollIntoView();, args=[{ELEMENT=f.5B6958F5759C9408DD6F4F6369CBFA72.d.1308555F20C2267C36AB9BD30EF4B935.e.30, element-6066-11e4-a52e-4f735466cecf=f.5B6958F5759C9408DD6F4F6369CBFA72.d.1308555F20C2267C36AB9BD30EF4B935.e.30}]}]
Capabilities {acceptInsecureCerts: false, browserName: chrome, browserVersion: 129.0.6668.90, chrome: {chromedriverVersion: 128.0.6613.137 (fe621c5aa2d..., userDataDir: /var/folders/sy/w4kkw0kx79l...}, fedcm:accounts: true, goog:chromeOptions: {debuggerAddress: localhost:57033}, networkConnectionEnabled: false, pageLoadStrategy: normal, platformName: MAC, proxy: Proxy(), se:cdp: ws://localhost:57033/devtoo..., se:cdpVersion: 129.0.6668.90, setWindowRect: true, strictFileInteractability: false, timeouts: {implicit: 0, pageLoad: 300000, script: 30000}, unhandledPromptBehavior: dismiss and notify, webauthn:extension:credBlob: true, webauthn:extension:largeBlob: true, webauthn:extension:minPinLength: true, webauthn:extension:prf: true, webauthn:virtualAuthenticators: true}">
      <![CDATA[org.openqa.selenium.NoSuchSessionException: Session ID is null. Using WebDriver after calling quit()?
Build info: version: '4.8.3', revision: 'e5e76298c3'
System info: os.name: 'Mac OS X', os.arch: 'aarch64', os.version: '14.4.1', java.version: '20.0.1'
Driver info: org.openqa.selenium.chrome.ChromeDriver
Command: [null, executeScript {script=arguments[0].scrollIntoView();, args=[{ELEMENT=f.5B6958F5759C9408DD6F4F6369CBFA72.d.1308555F20C2267C36AB9BD30EF4B935.e.30, element-6066-11e4-a52e-4f735466cecf=f.5B6958F5759C9408DD6F4F6369CBFA72.d.1308555F20C2267C36AB9BD30EF4B935.e.30}]}]
Capabilities {acceptInsecureCerts: false, browserName: chrome, browserVersion: 129.0.6668.90, chrome: {chromedriverVersion: 128.0.6613.137 (fe621c5aa2d..., userDataDir: /var/folders/sy/w4kkw0kx79l...}, fedcm:accounts: true, goog:chromeOptions: {debuggerAddress: localhost:57033}, networkConnectionEnabled: false, pageLoadStrategy: normal, platformName: MAC, proxy: Proxy(), se:cdp: ws://localhost:57033/devtoo..., se:cdpVersion: 129.0.6668.90, setWindowRect: true, strictFileInteractability: false, timeouts: {implicit: 0, pageLoad: 300000, script: 30000}, unhandledPromptBehavior: dismiss and notify, webauthn:extension:credBlob: true, webauthn:extension:largeBlob: true, webauthn:extension:minPinLength: true, webauthn:extension:prf: true, webauthn:virtualAuthenticators: true}
at org.openqa.selenium.remote.HttpCommandExecutor.execute(HttpCommandExecutor.java:154)
at org.openqa.selenium.remote.service.DriverCommandExecutor.invokeExecute(DriverCommandExecutor.java:183)
at org.openqa.selenium.remote.service.DriverCommandExecutor.execute(DriverCommandExecutor.java:158)
at org.openqa.selenium.remote.RemoteWebDriver.execute(RemoteWebDriver.java:543)
at org.openqa.selenium.remote.RemoteWebDriver.executeScript(RemoteWebDriver.java:480)
at com.demoq.util.TestUtil.windowScroll(TestUtil.java:28)
at com.demoq.pages.HomePage.clickOnBookStoreApplication(HomePage.java:83)
at com.demoq.testcases.HomePageTest.clickOnBookStoreApplicationTest(HomePageTest.java:67)
at java.base/java.util.ArrayList.forEach(ArrayList.java:1511)
... Removed 25 stack frames]]>
    </failure>
  </testcase> <!-- clickOnBookStoreApplicationTest -->
  <testcase classname="com.demoq.testcases.HomePageTest" name="clickOnElementsTest" time="0.853">
    <failure type="org.openqa.selenium.NoSuchSessionException" message="Session ID is null. Using WebDriver after calling quit()?
Build info: version: &amp;apos;4.8.3&amp;apos;, revision: &amp;apos;e5e76298c3&amp;apos;
System info: os.name: &amp;apos;Mac OS X&amp;apos;, os.arch: &amp;apos;aarch64&amp;apos;, os.version: &amp;apos;14.4.1&amp;apos;, java.version: &amp;apos;20.0.1&amp;apos;
Driver info: org.openqa.selenium.chrome.ChromeDriver
Command: [null, executeScript {script=arguments[0].scrollIntoView();, args=[{ELEMENT=f.F16949D8D1C2680DA2720288CC2B5ED3.d.AB95180ABE591A9C60C64CEC87497CDB.e.46, element-6066-11e4-a52e-4f735466cecf=f.F16949D8D1C2680DA2720288CC2B5ED3.d.AB95180ABE591A9C60C64CEC87497CDB.e.46}]}]
Capabilities {acceptInsecureCerts: false, browserName: chrome, browserVersion: 129.0.6668.90, chrome: {chromedriverVersion: 128.0.6613.137 (fe621c5aa2d..., userDataDir: /var/folders/sy/w4kkw0kx79l...}, fedcm:accounts: true, goog:chromeOptions: {debuggerAddress: localhost:57033}, networkConnectionEnabled: false, pageLoadStrategy: normal, platformName: MAC, proxy: Proxy(), se:cdp: ws://localhost:57033/devtoo..., se:cdpVersion: 129.0.6668.90, setWindowRect: true, strictFileInteractability: false, timeouts: {implicit: 0, pageLoad: 300000, script: 30000}, unhandledPromptBehavior: dismiss and notify, webauthn:extension:credBlob: true, webauthn:extension:largeBlob: true, webauthn:extension:minPinLength: true, webauthn:extension:prf: true, webauthn:virtualAuthenticators: true}">
      <![CDATA[org.openqa.selenium.NoSuchSessionException: Session ID is null. Using WebDriver after calling quit()?
Build info: version: '4.8.3', revision: 'e5e76298c3'
System info: os.name: 'Mac OS X', os.arch: 'aarch64', os.version: '14.4.1', java.version: '20.0.1'
Driver info: org.openqa.selenium.chrome.ChromeDriver
Command: [null, executeScript {script=arguments[0].scrollIntoView();, args=[{ELEMENT=f.F16949D8D1C2680DA2720288CC2B5ED3.d.AB95180ABE591A9C60C64CEC87497CDB.e.46, element-6066-11e4-a52e-4f735466cecf=f.F16949D8D1C2680DA2720288CC2B5ED3.d.AB95180ABE591A9C60C64CEC87497CDB.e.46}]}]
Capabilities {acceptInsecureCerts: false, browserName: chrome, browserVersion: 129.0.6668.90, chrome: {chromedriverVersion: 128.0.6613.137 (fe621c5aa2d..., userDataDir: /var/folders/sy/w4kkw0kx79l...}, fedcm:accounts: true, goog:chromeOptions: {debuggerAddress: localhost:57033}, networkConnectionEnabled: false, pageLoadStrategy: normal, platformName: MAC, proxy: Proxy(), se:cdp: ws://localhost:57033/devtoo..., se:cdpVersion: 129.0.6668.90, setWindowRect: true, strictFileInteractability: false, timeouts: {implicit: 0, pageLoad: 300000, script: 30000}, unhandledPromptBehavior: dismiss and notify, webauthn:extension:credBlob: true, webauthn:extension:largeBlob: true, webauthn:extension:minPinLength: true, webauthn:extension:prf: true, webauthn:virtualAuthenticators: true}
at org.openqa.selenium.remote.HttpCommandExecutor.execute(HttpCommandExecutor.java:154)
at org.openqa.selenium.remote.service.DriverCommandExecutor.invokeExecute(DriverCommandExecutor.java:183)
at org.openqa.selenium.remote.service.DriverCommandExecutor.execute(DriverCommandExecutor.java:158)
at org.openqa.selenium.remote.RemoteWebDriver.execute(RemoteWebDriver.java:543)
at org.openqa.selenium.remote.RemoteWebDriver.executeScript(RemoteWebDriver.java:480)
at com.demoq.util.TestUtil.windowScroll(TestUtil.java:28)
at com.demoq.pages.HomePage.clickOnElements(HomePage.java:52)
at com.demoq.testcases.HomePageTest.clickOnElementsTest(HomePageTest.java:42)
at java.base/java.util.ArrayList.forEach(ArrayList.java:1511)
... Removed 25 stack frames]]>
    </failure>
  </testcase> <!-- clickOnElementsTest -->
  <testcase classname="com.demoq.testcases.HomePageTest" name="clickOnFormsTest" time="0.003">
    <failure type="org.openqa.selenium.NoSuchSessionException" message="Session ID is null. Using WebDriver after calling quit()?
Build info: version: &amp;apos;4.8.3&amp;apos;, revision: &amp;apos;e5e76298c3&amp;apos;
System info: os.name: &amp;apos;Mac OS X&amp;apos;, os.arch: &amp;apos;aarch64&amp;apos;, os.version: &amp;apos;14.4.1&amp;apos;, java.version: &amp;apos;20.0.1&amp;apos;
Driver info: org.openqa.selenium.chrome.ChromeDriver
Command: [null, executeScript {script=window.scrollBy(x,y), args=[]}]
Capabilities {acceptInsecureCerts: false, browserName: chrome, browserVersion: 129.0.6668.90, chrome: {chromedriverVersion: 128.0.6613.137 (fe621c5aa2d..., userDataDir: /var/folders/sy/w4kkw0kx79l...}, fedcm:accounts: true, goog:chromeOptions: {debuggerAddress: localhost:57033}, networkConnectionEnabled: false, pageLoadStrategy: normal, platformName: MAC, proxy: Proxy(), se:cdp: ws://localhost:57033/devtoo..., se:cdpVersion: 129.0.6668.90, setWindowRect: true, strictFileInteractability: false, timeouts: {implicit: 0, pageLoad: 300000, script: 30000}, unhandledPromptBehavior: dismiss and notify, webauthn:extension:credBlob: true, webauthn:extension:largeBlob: true, webauthn:extension:minPinLength: true, webauthn:extension:prf: true, webauthn:virtualAuthenticators: true}">
      <![CDATA[org.openqa.selenium.NoSuchSessionException: Session ID is null. Using WebDriver after calling quit()?
Build info: version: '4.8.3', revision: 'e5e76298c3'
System info: os.name: 'Mac OS X', os.arch: 'aarch64', os.version: '14.4.1', java.version: '20.0.1'
Driver info: org.openqa.selenium.chrome.ChromeDriver
Command: [null, executeScript {script=window.scrollBy(x,y), args=[]}]
Capabilities {acceptInsecureCerts: false, browserName: chrome, browserVersion: 129.0.6668.90, chrome: {chromedriverVersion: 128.0.6613.137 (fe621c5aa2d..., userDataDir: /var/folders/sy/w4kkw0kx79l...}, fedcm:accounts: true, goog:chromeOptions: {debuggerAddress: localhost:57033}, networkConnectionEnabled: false, pageLoadStrategy: normal, platformName: MAC, proxy: Proxy(), se:cdp: ws://localhost:57033/devtoo..., se:cdpVersion: 129.0.6668.90, setWindowRect: true, strictFileInteractability: false, timeouts: {implicit: 0, pageLoad: 300000, script: 30000}, unhandledPromptBehavior: dismiss and notify, webauthn:extension:credBlob: true, webauthn:extension:largeBlob: true, webauthn:extension:minPinLength: true, webauthn:extension:prf: true, webauthn:virtualAuthenticators: true}
at org.openqa.selenium.remote.HttpCommandExecutor.execute(HttpCommandExecutor.java:154)
at org.openqa.selenium.remote.service.DriverCommandExecutor.invokeExecute(DriverCommandExecutor.java:183)
at org.openqa.selenium.remote.service.DriverCommandExecutor.execute(DriverCommandExecutor.java:158)
at org.openqa.selenium.remote.RemoteWebDriver.execute(RemoteWebDriver.java:543)
at org.openqa.selenium.remote.RemoteWebDriver.executeScript(RemoteWebDriver.java:480)
at com.demoq.util.TestUtil.windowScroll(TestUtil.java:32)
at com.demoq.pages.HomePage.clickOnForms(HomePage.java:59)
at com.demoq.testcases.HomePageTest.clickOnFormsTest(HomePageTest.java:47)
at java.base/java.util.ArrayList.forEach(ArrayList.java:1511)
... Removed 25 stack frames]]>
    </failure>
  </testcase> <!-- clickOnFormsTest -->
  <testcase classname="com.demoq.testcases.HomePageTest" name="clickOnInteractionsTest" time="1.043">
    <failure type="org.openqa.selenium.NoSuchSessionException" message="Session ID is null. Using WebDriver after calling quit()?
Build info: version: &amp;apos;4.8.3&amp;apos;, revision: &amp;apos;e5e76298c3&amp;apos;
System info: os.name: &amp;apos;Mac OS X&amp;apos;, os.arch: &amp;apos;aarch64&amp;apos;, os.version: &amp;apos;14.4.1&amp;apos;, java.version: &amp;apos;20.0.1&amp;apos;
Driver info: org.openqa.selenium.chrome.ChromeDriver
Command: [null, executeScript {script=arguments[0].scrollIntoView();, args=[{ELEMENT=f.9C8B9300BB74A8695710378B50AA29F2.d.0CA9F309405F653C602B0773024F13AF.e.45, element-6066-11e4-a52e-4f735466cecf=f.9C8B9300BB74A8695710378B50AA29F2.d.0CA9F309405F653C602B0773024F13AF.e.45}]}]
Capabilities {acceptInsecureCerts: false, browserName: chrome, browserVersion: 129.0.6668.90, chrome: {chromedriverVersion: 128.0.6613.137 (fe621c5aa2d..., userDataDir: /var/folders/sy/w4kkw0kx79l...}, fedcm:accounts: true, goog:chromeOptions: {debuggerAddress: localhost:57033}, networkConnectionEnabled: false, pageLoadStrategy: normal, platformName: MAC, proxy: Proxy(), se:cdp: ws://localhost:57033/devtoo..., se:cdpVersion: 129.0.6668.90, setWindowRect: true, strictFileInteractability: false, timeouts: {implicit: 0, pageLoad: 300000, script: 30000}, unhandledPromptBehavior: dismiss and notify, webauthn:extension:credBlob: true, webauthn:extension:largeBlob: true, webauthn:extension:minPinLength: true, webauthn:extension:prf: true, webauthn:virtualAuthenticators: true}">
      <![CDATA[org.openqa.selenium.NoSuchSessionException: Session ID is null. Using WebDriver after calling quit()?
Build info: version: '4.8.3', revision: 'e5e76298c3'
System info: os.name: 'Mac OS X', os.arch: 'aarch64', os.version: '14.4.1', java.version: '20.0.1'
Driver info: org.openqa.selenium.chrome.ChromeDriver
Command: [null, executeScript {script=arguments[0].scrollIntoView();, args=[{ELEMENT=f.9C8B9300BB74A8695710378B50AA29F2.d.0CA9F309405F653C602B0773024F13AF.e.45, element-6066-11e4-a52e-4f735466cecf=f.9C8B9300BB74A8695710378B50AA29F2.d.0CA9F309405F653C602B0773024F13AF.e.45}]}]
Capabilities {acceptInsecureCerts: false, browserName: chrome, browserVersion: 129.0.6668.90, chrome: {chromedriverVersion: 128.0.6613.137 (fe621c5aa2d..., userDataDir: /var/folders/sy/w4kkw0kx79l...}, fedcm:accounts: true, goog:chromeOptions: {debuggerAddress: localhost:57033}, networkConnectionEnabled: false, pageLoadStrategy: normal, platformName: MAC, proxy: Proxy(), se:cdp: ws://localhost:57033/devtoo..., se:cdpVersion: 129.0.6668.90, setWindowRect: true, strictFileInteractability: false, timeouts: {implicit: 0, pageLoad: 300000, script: 30000}, unhandledPromptBehavior: dismiss and notify, webauthn:extension:credBlob: true, webauthn:extension:largeBlob: true, webauthn:extension:minPinLength: true, webauthn:extension:prf: true, webauthn:virtualAuthenticators: true}
at org.openqa.selenium.remote.HttpCommandExecutor.execute(HttpCommandExecutor.java:154)
at org.openqa.selenium.remote.service.DriverCommandExecutor.invokeExecute(DriverCommandExecutor.java:183)
at org.openqa.selenium.remote.service.DriverCommandExecutor.execute(DriverCommandExecutor.java:158)
at org.openqa.selenium.remote.RemoteWebDriver.execute(RemoteWebDriver.java:543)
at org.openqa.selenium.remote.RemoteWebDriver.executeScript(RemoteWebDriver.java:480)
at com.demoq.util.TestUtil.windowScroll(TestUtil.java:28)
at com.demoq.pages.HomePage.clickOnInteractions(HomePage.java:77)
at com.demoq.testcases.HomePageTest.clickOnInteractionsTest(HomePageTest.java:62)
at java.base/java.util.ArrayList.forEach(ArrayList.java:1511)
... Removed 25 stack frames]]>
    </failure>
  </testcase> <!-- clickOnInteractionsTest -->
  <testcase classname="com.demoq.testcases.HomePageTest" name="clickOnWidgetsTest" time="1.924">
    <failure type="org.openqa.selenium.NoSuchSessionException" message="Session ID is null. Using WebDriver after calling quit()?
Build info: version: &amp;apos;4.8.3&amp;apos;, revision: &amp;apos;e5e76298c3&amp;apos;
System info: os.name: &amp;apos;Mac OS X&amp;apos;, os.arch: &amp;apos;aarch64&amp;apos;, os.version: &amp;apos;14.4.1&amp;apos;, java.version: &amp;apos;20.0.1&amp;apos;
Driver info: org.openqa.selenium.chrome.ChromeDriver
Command: [null, executeScript {script=arguments[0].scrollIntoView();, args=[{ELEMENT=f.3C2004E9B34DC8B7FBEA088C4B95FBEF.d.88F419E57FF7C5F90E54DB7A5C6A8A93.e.43, element-6066-11e4-a52e-4f735466cecf=f.3C2004E9B34DC8B7FBEA088C4B95FBEF.d.88F419E57FF7C5F90E54DB7A5C6A8A93.e.43}]}]
Capabilities {acceptInsecureCerts: false, browserName: chrome, browserVersion: 129.0.6668.90, chrome: {chromedriverVersion: 128.0.6613.137 (fe621c5aa2d..., userDataDir: /var/folders/sy/w4kkw0kx79l...}, fedcm:accounts: true, goog:chromeOptions: {debuggerAddress: localhost:57033}, networkConnectionEnabled: false, pageLoadStrategy: normal, platformName: MAC, proxy: Proxy(), se:cdp: ws://localhost:57033/devtoo..., se:cdpVersion: 129.0.6668.90, setWindowRect: true, strictFileInteractability: false, timeouts: {implicit: 0, pageLoad: 300000, script: 30000}, unhandledPromptBehavior: dismiss and notify, webauthn:extension:credBlob: true, webauthn:extension:largeBlob: true, webauthn:extension:minPinLength: true, webauthn:extension:prf: true, webauthn:virtualAuthenticators: true}">
      <![CDATA[org.openqa.selenium.NoSuchSessionException: Session ID is null. Using WebDriver after calling quit()?
Build info: version: '4.8.3', revision: 'e5e76298c3'
System info: os.name: 'Mac OS X', os.arch: 'aarch64', os.version: '14.4.1', java.version: '20.0.1'
Driver info: org.openqa.selenium.chrome.ChromeDriver
Command: [null, executeScript {script=arguments[0].scrollIntoView();, args=[{ELEMENT=f.3C2004E9B34DC8B7FBEA088C4B95FBEF.d.88F419E57FF7C5F90E54DB7A5C6A8A93.e.43, element-6066-11e4-a52e-4f735466cecf=f.3C2004E9B34DC8B7FBEA088C4B95FBEF.d.88F419E57FF7C5F90E54DB7A5C6A8A93.e.43}]}]
Capabilities {acceptInsecureCerts: false, browserName: chrome, browserVersion: 129.0.6668.90, chrome: {chromedriverVersion: 128.0.6613.137 (fe621c5aa2d..., userDataDir: /var/folders/sy/w4kkw0kx79l...}, fedcm:accounts: true, goog:chromeOptions: {debuggerAddress: localhost:57033}, networkConnectionEnabled: false, pageLoadStrategy: normal, platformName: MAC, proxy: Proxy(), se:cdp: ws://localhost:57033/devtoo..., se:cdpVersion: 129.0.6668.90, setWindowRect: true, strictFileInteractability: false, timeouts: {implicit: 0, pageLoad: 300000, script: 30000}, unhandledPromptBehavior: dismiss and notify, webauthn:extension:credBlob: true, webauthn:extension:largeBlob: true, webauthn:extension:minPinLength: true, webauthn:extension:prf: true, webauthn:virtualAuthenticators: true}
at org.openqa.selenium.remote.HttpCommandExecutor.execute(HttpCommandExecutor.java:154)
at org.openqa.selenium.remote.service.DriverCommandExecutor.invokeExecute(DriverCommandExecutor.java:183)
at org.openqa.selenium.remote.service.DriverCommandExecutor.execute(DriverCommandExecutor.java:158)
at org.openqa.selenium.remote.RemoteWebDriver.execute(RemoteWebDriver.java:543)
at org.openqa.selenium.remote.RemoteWebDriver.executeScript(RemoteWebDriver.java:480)
at com.demoq.util.TestUtil.windowScroll(TestUtil.java:28)
at com.demoq.pages.HomePage.clickOnWidgets(HomePage.java:71)
at com.demoq.testcases.HomePageTest.clickOnWidgetsTest(HomePageTest.java:57)
at java.base/java.util.ArrayList.forEach(ArrayList.java:1511)
... Removed 25 stack frames]]>
    </failure>
  </testcase> <!-- clickOnWidgetsTest -->
  <testcase classname="com.demoq.testcases.HomePageTest" name="verifyHomePageTitleTest" time="1.454"/>
  <testcase classname="com.demoq.testcases.HomePageTest" name="verifyHomePageLogoTest" time="1.437"/>
  <testcase classname="com.demoq.testcases.JoinNowPageTest" name="verifyJoinNowPageTitleTest" time="11.44"/>
  <testcase classname="com.demoq.testcases.JoinNowPageTest" name="verifyJoinNowPageLogoTest" time="11.114"/>
  <testcase classname="com.demoq.testcases.ElementsPageTest" name="clickOnBrokenLinksAndImagesTest" time="0.0">
    <skipped/>
  </testcase> <!-- clickOnBrokenLinksAndImagesTest -->
  <testcase classname="com.demoq.testcases.ElementsPageTest" name="clickOnButtonsTest" time="0.0">
    <skipped/>
  </testcase> <!-- clickOnButtonsTest -->
  <testcase classname="com.demoq.testcases.ElementsPageTest" name="clickOnCheckBoxTest" time="0.0">
    <skipped/>
  </testcase> <!-- clickOnCheckBoxTest -->
  <testcase classname="com.demoq.testcases.ElementsPageTest" name="clickOnDynamicPropertiesTest" time="0.0">
    <skipped/>
  </testcase> <!-- clickOnDynamicPropertiesTest -->
  <testcase classname="com.demoq.testcases.ElementsPageTest" name="clickOnLinksTest" time="0.0">
    <skipped/>
  </testcase> <!-- clickOnLinksTest -->
  <testcase classname="com.demoq.testcases.ElementsPageTest" name="clickOnRadioButtonTest" time="0.0">
    <skipped/>
  </testcase> <!-- clickOnRadioButtonTest -->
  <testcase classname="com.demoq.testcases.ElementsPageTest" name="clickOnTextBoxTest" time="0.0">
    <skipped/>
  </testcase> <!-- clickOnTextBoxTest -->
  <testcase classname="com.demoq.testcases.ElementsPageTest" name="clickOnUploadAndDownloadTest" time="0.0">
    <skipped/>
  </testcase> <!-- clickOnUploadAndDownloadTest -->
  <testcase classname="com.demoq.testcases.ElementsPageTest" name="clickOnWebTablesTest" time="0.0">
    <skipped/>
  </testcase> <!-- clickOnWebTablesTest -->
  <testcase classname="com.demoq.testcases.ElementsPageTest" name="verifyElementPageTest" time="0.0">
    <skipped/>
  </testcase> <!-- verifyElementPageTest -->
</testsuite> <!-- Test -->
