<?xml version="1.0" encoding="UTF-8"?>
<!-- Generated by org.testng.reporters.JUnitXMLReporter -->
<testsuite ignored="6" hostname="Revathis-MacBook-Air.local" failures="4" tests="26" name="Surefire test" time="238.89" errors="0" timestamp="2025-01-28T12:59:29 MST">
  <testcase classname="com.demoqa.testcases.TextBoxTest" name="validateTextBoxFeatureTest" time="0.034"/>
  <testcase classname="com.demoqa.testcases.TextBoxTest" name="validateTextBoxFieldsWithInvalidData" time="2.465">
    <failure type="org.openqa.selenium.ElementClickInterceptedException" message="element click intercepted: Element &amp;lt;button id=&amp;quot;submit&amp;quot; type=&amp;quot;button&amp;quot; class=&amp;quot;btn btn-primary&amp;quot;&amp;gt;...&amp;lt;/button&amp;gt; is not clickable at point (1041, 668). Other element would receive the click: &amp;lt;iframe id=&amp;quot;google_ads_iframe_/21849154601,22343295815/Ad.Plus-300x250_0&amp;quot; name=&amp;quot;google_ads_iframe_/21849154601,22343295815/Ad.Plus-300x250_0&amp;quot; title=&amp;quot;3rd party ad content&amp;quot; width=&amp;quot;1005&amp;quot; height=&amp;quot;124&amp;quot; scrolling=&amp;quot;no&amp;quot; marginwidth=&amp;quot;0&amp;quot; marginheight=&amp;quot;0&amp;quot; frameborder=&amp;quot;0&amp;quot; aria-label=&amp;quot;Advertisement&amp;quot; tabindex=&amp;quot;0&amp;quot; allow=&amp;quot;private-state-token-redemption;attribution-reporting&amp;quot; data-load-complete=&amp;quot;true&amp;quot; data-google-container-id=&amp;quot;2&amp;quot; style=&amp;quot;border: 0px; vertical-align: bottom; max-height: 30vh !important; overflow: hidden !important; display: block; margin: 0px auto;&amp;quot;&amp;gt;&amp;lt;/iframe&amp;gt;
  (Session info: chrome=132.0.6834.111)
Build info: version: &amp;apos;4.8.3&amp;apos;, revision: &amp;apos;e5e76298c3&amp;apos;
System info: os.name: &amp;apos;Mac OS X&amp;apos;, os.arch: &amp;apos;aarch64&amp;apos;, os.version: &amp;apos;14.7.1&amp;apos;, java.version: &amp;apos;23.0.2&amp;apos;
Driver info: org.openqa.selenium.chrome.ChromeDriver
Command: [56f056b43414a2bea8719e78b8e68173, clickElement {id=f.96CBB8208AF28894F0AD4DEFF0D7AC5B.d.D3256FE93B21B3B9D5069FC8AD097822.e.72}]
Capabilities {acceptInsecureCerts: false, browserName: chrome, browserVersion: 132.0.6834.111, chrome: {chromedriverVersion: 132.0.6834.110 (df453a35f09..., userDataDir: /var/folders/sy/w4kkw0kx79l...}, fedcm:accounts: true, goog:chromeOptions: {debuggerAddress: localhost:61404}, networkConnectionEnabled: false, pageLoadStrategy: normal, platformName: MAC, proxy: Proxy(), se:cdp: ws://localhost:61404/devtoo..., se:cdpVersion: 132.0.6834.111, setWindowRect: true, strictFileInteractability: false, timeouts: {implicit: 0, pageLoad: 300000, script: 30000}, unhandledPromptBehavior: dismiss and notify, webauthn:extension:credBlob: true, webauthn:extension:largeBlob: true, webauthn:extension:minPinLength: true, webauthn:extension:prf: true, webauthn:virtualAuthenticators: true}
Element: [[ChromeDriver: chrome on MAC (56f056b43414a2bea8719e78b8e68173)] -&amp;gt; xpath: //button[@id=&amp;apos;submit&amp;apos;]]
Session ID: 56f056b43414a2bea8719e78b8e68173">
      <![CDATA[org.openqa.selenium.ElementClickInterceptedException: element click intercepted: Element <button id="submit" type="button" class="btn btn-primary">...</button> is not clickable at point (1041, 668). Other element would receive the click: <iframe id="google_ads_iframe_/21849154601,22343295815/Ad.Plus-300x250_0" name="google_ads_iframe_/21849154601,22343295815/Ad.Plus-300x250_0" title="3rd party ad content" width="1005" height="124" scrolling="no" marginwidth="0" marginheight="0" frameborder="0" aria-label="Advertisement" tabindex="0" allow="private-state-token-redemption;attribution-reporting" data-load-complete="true" data-google-container-id="2" style="border: 0px; vertical-align: bottom; max-height: 30vh !important; overflow: hidden !important; display: block; margin: 0px auto;"></iframe>
  (Session info: chrome=132.0.6834.111)
Build info: version: '4.8.3', revision: 'e5e76298c3'
System info: os.name: 'Mac OS X', os.arch: 'aarch64', os.version: '14.7.1', java.version: '23.0.2'
Driver info: org.openqa.selenium.chrome.ChromeDriver
Command: [56f056b43414a2bea8719e78b8e68173, clickElement {id=f.96CBB8208AF28894F0AD4DEFF0D7AC5B.d.D3256FE93B21B3B9D5069FC8AD097822.e.72}]
Capabilities {acceptInsecureCerts: false, browserName: chrome, browserVersion: 132.0.6834.111, chrome: {chromedriverVersion: 132.0.6834.110 (df453a35f09..., userDataDir: /var/folders/sy/w4kkw0kx79l...}, fedcm:accounts: true, goog:chromeOptions: {debuggerAddress: localhost:61404}, networkConnectionEnabled: false, pageLoadStrategy: normal, platformName: MAC, proxy: Proxy(), se:cdp: ws://localhost:61404/devtoo..., se:cdpVersion: 132.0.6834.111, setWindowRect: true, strictFileInteractability: false, timeouts: {implicit: 0, pageLoad: 300000, script: 30000}, unhandledPromptBehavior: dismiss and notify, webauthn:extension:credBlob: true, webauthn:extension:largeBlob: true, webauthn:extension:minPinLength: true, webauthn:extension:prf: true, webauthn:virtualAuthenticators: true}
Element: [[ChromeDriver: chrome on MAC (56f056b43414a2bea8719e78b8e68173)] -> xpath: //button[@id='submit']]
Session ID: 56f056b43414a2bea8719e78b8e68173
at org.openqa.selenium.remote.codec.w3c.W3CHttpResponseCodec.createException(W3CHttpResponseCodec.java:200)
at org.openqa.selenium.remote.codec.w3c.W3CHttpResponseCodec.decode(W3CHttpResponseCodec.java:133)
at org.openqa.selenium.remote.codec.w3c.W3CHttpResponseCodec.decode(W3CHttpResponseCodec.java:53)
at org.openqa.selenium.remote.HttpCommandExecutor.execute(HttpCommandExecutor.java:193)
at org.openqa.selenium.remote.service.DriverCommandExecutor.invokeExecute(DriverCommandExecutor.java:183)
at org.openqa.selenium.remote.service.DriverCommandExecutor.execute(DriverCommandExecutor.java:158)
at org.openqa.selenium.remote.RemoteWebDriver.execute(RemoteWebDriver.java:543)
at org.openqa.selenium.remote.RemoteWebElement.execute(RemoteWebElement.java:257)
at org.openqa.selenium.remote.RemoteWebElement.click(RemoteWebElement.java:78)
at org.openqa.selenium.support.decorators.WebDriverDecorator.call(WebDriverDecorator.java:247)
at org.openqa.selenium.support.decorators.DefaultDecorated.call(DefaultDecorated.java:48)
at org.openqa.selenium.support.decorators.WebDriverDecorator.lambda$createProxy$2(WebDriverDecorator.java:314)
at net.bytebuddy.renamed.java.lang.Object$ByteBuddy$yp1bOaUV.click(Unknown Source)
at org.openqa.selenium.support.pagefactory.internal.LocatingElementHandler.invoke(LocatingElementHandler.java:52)
at jdk.proxy2/jdk.proxy2.$Proxy40.click(Unknown Source)
at com.demoqa.pages.elements.TextBox.enteringText(TextBox.java:53)
at com.demoqa.testcases.TextBoxTest.validateTextBoxFieldsWithInvalidData(TextBoxTest.java:68)
at java.base/java.util.ArrayList.forEach(ArrayList.java:1597)
... Removed 37 stack frames]]>
    </failure>
  </testcase> <!-- validateTextBoxFieldsWithInvalidData -->
  <testcase classname="com.demoqa.testcases.TextBoxTest" name="validateTextBoxFieldsWithValidData" time="1.637">
    <failure type="org.openqa.selenium.ElementClickInterceptedException" message="element click intercepted: Element &amp;lt;button id=&amp;quot;submit&amp;quot; type=&amp;quot;button&amp;quot; class=&amp;quot;btn btn-primary&amp;quot;&amp;gt;...&amp;lt;/button&amp;gt; is not clickable at point (1041, 613). Other element would receive the click: &amp;lt;iframe frameborder=&amp;quot;0&amp;quot; src=&amp;quot;https://8aa798d069dc0749b9e77fc911964730.safeframe.googlesyndication.com/safeframe/1-0-40/html/container.html&amp;quot; id=&amp;quot;google_ads_iframe_/21849154601,22343295815/Ad.Plus-300x250_0&amp;quot; title=&amp;quot;3rd party ad content&amp;quot; name=&amp;quot;&amp;quot; scrolling=&amp;quot;no&amp;quot; marginwidth=&amp;quot;0&amp;quot; marginheight=&amp;quot;0&amp;quot; width=&amp;quot;1005&amp;quot; height=&amp;quot;90&amp;quot; data-is-safeframe=&amp;quot;true&amp;quot; sandbox=&amp;quot;allow-forms allow-popups allow-popups-to-escape-sandbox allow-same-origin allow-scripts allow-top-navigation-by-user-activation&amp;quot; allow=&amp;quot;private-state-token-redemption;attribution-reporting&amp;quot; aria-label=&amp;quot;Advertisement&amp;quot; tabindex=&amp;quot;0&amp;quot; data-google-container-id=&amp;quot;2&amp;quot; style=&amp;quot;border: 0px; vertical-align: bottom; max-height: 30vh !important; overflow: hidden !important; display: block; margin: 0px auto;&amp;quot; data-load-complete=&amp;quot;true&amp;quot;&amp;gt;&amp;lt;/iframe&amp;gt;
  (Session info: chrome=132.0.6834.111)
Build info: version: &amp;apos;4.8.3&amp;apos;, revision: &amp;apos;e5e76298c3&amp;apos;
System info: os.name: &amp;apos;Mac OS X&amp;apos;, os.arch: &amp;apos;aarch64&amp;apos;, os.version: &amp;apos;14.7.1&amp;apos;, java.version: &amp;apos;23.0.2&amp;apos;
Driver info: org.openqa.selenium.chrome.ChromeDriver
Command: [0661ab05b83ed033051753c3c72de827, clickElement {id=f.C54AF3B97F0330C9BDC36076357EE7CA.d.D03222502BA97CF148615F0FF291EE7D.e.44}]
Capabilities {acceptInsecureCerts: false, browserName: chrome, browserVersion: 132.0.6834.111, chrome: {chromedriverVersion: 132.0.6834.110 (df453a35f09..., userDataDir: /var/folders/sy/w4kkw0kx79l...}, fedcm:accounts: true, goog:chromeOptions: {debuggerAddress: localhost:61423}, networkConnectionEnabled: false, pageLoadStrategy: normal, platformName: MAC, proxy: Proxy(), se:cdp: ws://localhost:61423/devtoo..., se:cdpVersion: 132.0.6834.111, setWindowRect: true, strictFileInteractability: false, timeouts: {implicit: 0, pageLoad: 300000, script: 30000}, unhandledPromptBehavior: dismiss and notify, webauthn:extension:credBlob: true, webauthn:extension:largeBlob: true, webauthn:extension:minPinLength: true, webauthn:extension:prf: true, webauthn:virtualAuthenticators: true}
Element: [[ChromeDriver: chrome on MAC (0661ab05b83ed033051753c3c72de827)] -&amp;gt; xpath: //button[@id=&amp;apos;submit&amp;apos;]]
Session ID: 0661ab05b83ed033051753c3c72de827">
      <![CDATA[org.openqa.selenium.ElementClickInterceptedException: element click intercepted: Element <button id="submit" type="button" class="btn btn-primary">...</button> is not clickable at point (1041, 613). Other element would receive the click: <iframe frameborder="0" src="https://8aa798d069dc0749b9e77fc911964730.safeframe.googlesyndication.com/safeframe/1-0-40/html/container.html" id="google_ads_iframe_/21849154601,22343295815/Ad.Plus-300x250_0" title="3rd party ad content" name="" scrolling="no" marginwidth="0" marginheight="0" width="1005" height="90" data-is-safeframe="true" sandbox="allow-forms allow-popups allow-popups-to-escape-sandbox allow-same-origin allow-scripts allow-top-navigation-by-user-activation" allow="private-state-token-redemption;attribution-reporting" aria-label="Advertisement" tabindex="0" data-google-container-id="2" style="border: 0px; vertical-align: bottom; max-height: 30vh !important; overflow: hidden !important; display: block; margin: 0px auto;" data-load-complete="true"></iframe>
  (Session info: chrome=132.0.6834.111)
Build info: version: '4.8.3', revision: 'e5e76298c3'
System info: os.name: 'Mac OS X', os.arch: 'aarch64', os.version: '14.7.1', java.version: '23.0.2'
Driver info: org.openqa.selenium.chrome.ChromeDriver
Command: [0661ab05b83ed033051753c3c72de827, clickElement {id=f.C54AF3B97F0330C9BDC36076357EE7CA.d.D03222502BA97CF148615F0FF291EE7D.e.44}]
Capabilities {acceptInsecureCerts: false, browserName: chrome, browserVersion: 132.0.6834.111, chrome: {chromedriverVersion: 132.0.6834.110 (df453a35f09..., userDataDir: /var/folders/sy/w4kkw0kx79l...}, fedcm:accounts: true, goog:chromeOptions: {debuggerAddress: localhost:61423}, networkConnectionEnabled: false, pageLoadStrategy: normal, platformName: MAC, proxy: Proxy(), se:cdp: ws://localhost:61423/devtoo..., se:cdpVersion: 132.0.6834.111, setWindowRect: true, strictFileInteractability: false, timeouts: {implicit: 0, pageLoad: 300000, script: 30000}, unhandledPromptBehavior: dismiss and notify, webauthn:extension:credBlob: true, webauthn:extension:largeBlob: true, webauthn:extension:minPinLength: true, webauthn:extension:prf: true, webauthn:virtualAuthenticators: true}
Element: [[ChromeDriver: chrome on MAC (0661ab05b83ed033051753c3c72de827)] -> xpath: //button[@id='submit']]
Session ID: 0661ab05b83ed033051753c3c72de827
at org.openqa.selenium.remote.codec.w3c.W3CHttpResponseCodec.createException(W3CHttpResponseCodec.java:200)
at org.openqa.selenium.remote.codec.w3c.W3CHttpResponseCodec.decode(W3CHttpResponseCodec.java:133)
at org.openqa.selenium.remote.codec.w3c.W3CHttpResponseCodec.decode(W3CHttpResponseCodec.java:53)
at org.openqa.selenium.remote.HttpCommandExecutor.execute(HttpCommandExecutor.java:193)
at org.openqa.selenium.remote.service.DriverCommandExecutor.invokeExecute(DriverCommandExecutor.java:183)
at org.openqa.selenium.remote.service.DriverCommandExecutor.execute(DriverCommandExecutor.java:158)
at org.openqa.selenium.remote.RemoteWebDriver.execute(RemoteWebDriver.java:543)
at org.openqa.selenium.remote.RemoteWebElement.execute(RemoteWebElement.java:257)
at org.openqa.selenium.remote.RemoteWebElement.click(RemoteWebElement.java:78)
at org.openqa.selenium.support.decorators.WebDriverDecorator.call(WebDriverDecorator.java:247)
at org.openqa.selenium.support.decorators.DefaultDecorated.call(DefaultDecorated.java:48)
at org.openqa.selenium.support.decorators.WebDriverDecorator.lambda$createProxy$2(WebDriverDecorator.java:314)
at net.bytebuddy.renamed.java.lang.Object$ByteBuddy$2Qi4FQg2.click(Unknown Source)
at org.openqa.selenium.support.pagefactory.internal.LocatingElementHandler.invoke(LocatingElementHandler.java:52)
at jdk.proxy2/jdk.proxy2.$Proxy40.click(Unknown Source)
at com.demoqa.pages.elements.TextBox.enteringText(TextBox.java:53)
at com.demoqa.testcases.TextBoxTest.validateTextBoxFieldsWithValidData(TextBoxTest.java:62)
at java.base/java.util.ArrayList.forEach(ArrayList.java:1597)
... Removed 37 stack frames]]>
    </failure>
  </testcase> <!-- validateTextBoxFieldsWithValidData -->
  <testcase classname="com.demoqa.testcases.TextBoxTest" name="validateTextBoxFieldsWithValidData" time="1.823">
    <failure type="org.openqa.selenium.ElementClickInterceptedException" message="element click intercepted: Element &amp;lt;button id=&amp;quot;submit&amp;quot; type=&amp;quot;button&amp;quot; class=&amp;quot;btn btn-primary&amp;quot;&amp;gt;...&amp;lt;/button&amp;gt; is not clickable at point (1041, 666). Other element would receive the click: &amp;lt;iframe id=&amp;quot;google_ads_iframe_/21849154601,22343295815/Ad.Plus-300x250_0&amp;quot; name=&amp;quot;google_ads_iframe_/21849154601,22343295815/Ad.Plus-300x250_0&amp;quot; title=&amp;quot;3rd party ad content&amp;quot; width=&amp;quot;1005&amp;quot; height=&amp;quot;124&amp;quot; scrolling=&amp;quot;no&amp;quot; marginwidth=&amp;quot;0&amp;quot; marginheight=&amp;quot;0&amp;quot; frameborder=&amp;quot;0&amp;quot; aria-label=&amp;quot;Advertisement&amp;quot; tabindex=&amp;quot;0&amp;quot; allow=&amp;quot;private-state-token-redemption;attribution-reporting&amp;quot; data-load-complete=&amp;quot;true&amp;quot; data-google-container-id=&amp;quot;2&amp;quot; style=&amp;quot;border: 0px; vertical-align: bottom; max-height: 30vh !important; overflow: hidden !important; display: block; margin: 0px auto;&amp;quot;&amp;gt;&amp;lt;/iframe&amp;gt;
  (Session info: chrome=132.0.6834.111)
Build info: version: &amp;apos;4.8.3&amp;apos;, revision: &amp;apos;e5e76298c3&amp;apos;
System info: os.name: &amp;apos;Mac OS X&amp;apos;, os.arch: &amp;apos;aarch64&amp;apos;, os.version: &amp;apos;14.7.1&amp;apos;, java.version: &amp;apos;23.0.2&amp;apos;
Driver info: org.openqa.selenium.chrome.ChromeDriver
Command: [f87af4471b92689b459d06b232719a53, clickElement {id=f.3C2604A4E5227EE274AE7F8F7F831408.d.661513475CF5618C1B31C0FBBF84F703.e.75}]
Capabilities {acceptInsecureCerts: false, browserName: chrome, browserVersion: 132.0.6834.111, chrome: {chromedriverVersion: 132.0.6834.110 (df453a35f09..., userDataDir: /var/folders/sy/w4kkw0kx79l...}, fedcm:accounts: true, goog:chromeOptions: {debuggerAddress: localhost:61442}, networkConnectionEnabled: false, pageLoadStrategy: normal, platformName: MAC, proxy: Proxy(), se:cdp: ws://localhost:61442/devtoo..., se:cdpVersion: 132.0.6834.111, setWindowRect: true, strictFileInteractability: false, timeouts: {implicit: 0, pageLoad: 300000, script: 30000}, unhandledPromptBehavior: dismiss and notify, webauthn:extension:credBlob: true, webauthn:extension:largeBlob: true, webauthn:extension:minPinLength: true, webauthn:extension:prf: true, webauthn:virtualAuthenticators: true}
Element: [[ChromeDriver: chrome on MAC (f87af4471b92689b459d06b232719a53)] -&amp;gt; xpath: //button[@id=&amp;apos;submit&amp;apos;]]
Session ID: f87af4471b92689b459d06b232719a53">
      <![CDATA[org.openqa.selenium.ElementClickInterceptedException: element click intercepted: Element <button id="submit" type="button" class="btn btn-primary">...</button> is not clickable at point (1041, 666). Other element would receive the click: <iframe id="google_ads_iframe_/21849154601,22343295815/Ad.Plus-300x250_0" name="google_ads_iframe_/21849154601,22343295815/Ad.Plus-300x250_0" title="3rd party ad content" width="1005" height="124" scrolling="no" marginwidth="0" marginheight="0" frameborder="0" aria-label="Advertisement" tabindex="0" allow="private-state-token-redemption;attribution-reporting" data-load-complete="true" data-google-container-id="2" style="border: 0px; vertical-align: bottom; max-height: 30vh !important; overflow: hidden !important; display: block; margin: 0px auto;"></iframe>
  (Session info: chrome=132.0.6834.111)
Build info: version: '4.8.3', revision: 'e5e76298c3'
System info: os.name: 'Mac OS X', os.arch: 'aarch64', os.version: '14.7.1', java.version: '23.0.2'
Driver info: org.openqa.selenium.chrome.ChromeDriver
Command: [f87af4471b92689b459d06b232719a53, clickElement {id=f.3C2604A4E5227EE274AE7F8F7F831408.d.661513475CF5618C1B31C0FBBF84F703.e.75}]
Capabilities {acceptInsecureCerts: false, browserName: chrome, browserVersion: 132.0.6834.111, chrome: {chromedriverVersion: 132.0.6834.110 (df453a35f09..., userDataDir: /var/folders/sy/w4kkw0kx79l...}, fedcm:accounts: true, goog:chromeOptions: {debuggerAddress: localhost:61442}, networkConnectionEnabled: false, pageLoadStrategy: normal, platformName: MAC, proxy: Proxy(), se:cdp: ws://localhost:61442/devtoo..., se:cdpVersion: 132.0.6834.111, setWindowRect: true, strictFileInteractability: false, timeouts: {implicit: 0, pageLoad: 300000, script: 30000}, unhandledPromptBehavior: dismiss and notify, webauthn:extension:credBlob: true, webauthn:extension:largeBlob: true, webauthn:extension:minPinLength: true, webauthn:extension:prf: true, webauthn:virtualAuthenticators: true}
Element: [[ChromeDriver: chrome on MAC (f87af4471b92689b459d06b232719a53)] -> xpath: //button[@id='submit']]
Session ID: f87af4471b92689b459d06b232719a53
at org.openqa.selenium.remote.codec.w3c.W3CHttpResponseCodec.createException(W3CHttpResponseCodec.java:200)
at org.openqa.selenium.remote.codec.w3c.W3CHttpResponseCodec.decode(W3CHttpResponseCodec.java:133)
at org.openqa.selenium.remote.codec.w3c.W3CHttpResponseCodec.decode(W3CHttpResponseCodec.java:53)
at org.openqa.selenium.remote.HttpCommandExecutor.execute(HttpCommandExecutor.java:193)
at org.openqa.selenium.remote.service.DriverCommandExecutor.invokeExecute(DriverCommandExecutor.java:183)
at org.openqa.selenium.remote.service.DriverCommandExecutor.execute(DriverCommandExecutor.java:158)
at org.openqa.selenium.remote.RemoteWebDriver.execute(RemoteWebDriver.java:543)
at org.openqa.selenium.remote.RemoteWebElement.execute(RemoteWebElement.java:257)
at org.openqa.selenium.remote.RemoteWebElement.click(RemoteWebElement.java:78)
at org.openqa.selenium.support.decorators.WebDriverDecorator.call(WebDriverDecorator.java:247)
at org.openqa.selenium.support.decorators.DefaultDecorated.call(DefaultDecorated.java:48)
at org.openqa.selenium.support.decorators.WebDriverDecorator.lambda$createProxy$2(WebDriverDecorator.java:314)
at net.bytebuddy.renamed.java.lang.Object$ByteBuddy$KpIQCm6C.click(Unknown Source)
at org.openqa.selenium.support.pagefactory.internal.LocatingElementHandler.invoke(LocatingElementHandler.java:52)
at jdk.proxy2/jdk.proxy2.$Proxy40.click(Unknown Source)
at com.demoqa.pages.elements.TextBox.enteringText(TextBox.java:53)
at com.demoqa.testcases.TextBoxTest.validateTextBoxFieldsWithValidData(TextBoxTest.java:62)
at java.base/java.util.ArrayList.forEach(ArrayList.java:1597)
... Removed 37 stack frames]]>
    </failure>
  </testcase> <!-- validateTextBoxFieldsWithValidData -->
  <testcase classname="com.demoqa.testcases.TextBoxTest" name="validateTextBoxPageTest" time="0.027"/>
  <testcase classname="com.demoqa.testcases.TextBoxTest" name="validatingOutputTextField" time="0.034"/>
  <testcase classname="com.demoqa.testcases.JoinNowPageTest" name="verifyJoinNowPageTitleTest" time="1.037">
    <failure type="java.lang.AssertionError" message="JoinNowPage Title not matched expected [Tools QA - Selenium Training] but found []">
      <![CDATA[java.lang.AssertionError: JoinNowPage Title not matched expected [Tools QA - Selenium Training] but found []
at com.demoqa.testcases.JoinNowPageTest.verifyJoinNowPageTitleTest(JoinNowPageTest.java:36)
at java.base/java.util.ArrayList.forEach(ArrayList.java:1597)
... Removed 35 stack frames]]>
    </failure>
  </testcase> <!-- verifyJoinNowPageTitleTest -->
  <testcase classname="com.demoqa.testcases.JoinNowPageTest" name="verifyJoinNowPageLogoTest" time="1.357"/>
  <testcase classname="com.demoqa.testcases.ElementsPageTest" name="clickOnBrokenLinksAndImagesTest" time="0.052"/>
  <testcase classname="com.demoqa.testcases.ElementsPageTest" name="clickOnButtonsTest" time="0.045"/>
  <testcase classname="com.demoqa.testcases.ElementsPageTest" name="clickOnCheckBoxTest" time="0.043"/>
  <testcase classname="com.demoqa.testcases.ElementsPageTest" name="clickOnDynamicPropertiesTest" time="0.062"/>
  <testcase classname="com.demoqa.testcases.ElementsPageTest" name="clickOnLinksTest" time="0.06"/>
  <testcase classname="com.demoqa.testcases.ElementsPageTest" name="clickOnRadioButtonTest" time="0.04"/>
  <testcase classname="com.demoqa.testcases.ElementsPageTest" name="clickOnTextBoxTest" time="0.045"/>
  <testcase classname="com.demoqa.testcases.ElementsPageTest" name="clickOnUploadAndDownloadTest" time="0.054"/>
  <testcase classname="com.demoqa.testcases.ElementsPageTest" name="clickOnWebTablesTest" time="0.047"/>
  <testcase classname="com.demoqa.testcases.ElementsPageTest" name="verifyElementPageTest" time="0.016"/>
  <testcase classname="com.demoqa.testcases.HomePageTest" name="verifyHomePageTitleTest" time="0.005"/>
  <testcase classname="com.demoqa.testcases.HomePageTest" name="verifyHomePageLogoTest" time="0.021"/>
  <testcase classname="com.demoqa.testcases.HomePageTest" name="clickOnElementsTest" time="0.074"/>
  <testcase classname="com.demoqa.testcases.HomePageTest" name="clickOnFormsTest" time="0.083"/>
  <testcase classname="com.demoqa.testcases.HomePageTest" name="clickOnAlertsFramesWindowTest" time="0.075"/>
  <testcase classname="com.demoqa.testcases.HomePageTest" name="clickOnWidgetsTest" time="0.075"/>
  <testcase classname="com.demoqa.testcases.HomePageTest" name="clickOnInteractionsTest" time="0.07"/>
  <testcase classname="com.demoqa.testcases.HomePageTest" name="clickOnBookStoreApplicationTest" time="0.08"/>
  <testcase classname="com.demoqa.base.TestBase" name="@BeforeSuite listnerSetup" time="0.0">
    <ignored/>
  </testcase> <!-- @BeforeSuite listnerSetup -->
  <testcase classname="com.demoqa.base.TestBase" name="@BeforeSuite listnerSetup" time="0.0">
    <ignored/>
  </testcase> <!-- @BeforeSuite listnerSetup -->
  <testcase classname="com.demoqa.base.TestBase" name="@BeforeSuite listnerSetup" time="0.0">
    <ignored/>
  </testcase> <!-- @BeforeSuite listnerSetup -->
  <testcase classname="com.demoqa.base.TestBase" name="@AfterSuite listenerShutDown" time="0.0">
    <ignored/>
  </testcase> <!-- @AfterSuite listenerShutDown -->
  <testcase classname="com.demoqa.base.TestBase" name="@AfterSuite listenerShutDown" time="0.0">
    <ignored/>
  </testcase> <!-- @AfterSuite listenerShutDown -->
  <testcase classname="com.demoqa.base.TestBase" name="@AfterSuite listenerShutDown" time="0.0">
    <ignored/>
  </testcase> <!-- @AfterSuite listenerShutDown -->
</testsuite> <!-- Surefire test -->
