<!DOCTYPE html PUBLIC "-//W3C//DTD XHTML 1.1//EN" "https://www.w3.org/TR/xhtml11/DTD/xhtml11.dtd">
<html xmlns="https://www.w3.org/1999/xhtml">
<head>
<meta http-equiv="content-type" content="text/html; charset=UTF-8"/>
<title>TestNG Report</title>
<style type="text/css">table {margin-bottom:10px;border-collapse:collapse;empty-cells:show}th,td {border:1px solid #009;padding:.25em .5em}th {vertical-align:bottom}td {vertical-align:top}table a {font-weight:bold}.stripe td {background-color: #E6EBF9}.num {text-align:right}.passedodd td {background-color: #3F3}.passedeven td {background-color: #0A0}.skippedodd td {background-color: #DDD}.skippedeven td {background-color: #CCC}.failedodd td,.attn {background-color: #F33}.failedeven td,.stripe .attn {background-color: #D00}.stacktrace {white-space:pre;font-family:monospace}.totop {font-size:85%;text-align:center;border-bottom:2px solid #000}.invisible {display:none}</style>
</head>
<body>
<table>
<tr><th>Test</th><th># Passed</th><th># Skipped</th><th># Retried</th><th># Failed</th><th>Time (ms)</th><th>Included Groups</th><th>Excluded Groups</th></tr>
<tr><th colspan="8">Surefire suite</th></tr>
<tr><td><a href="#t0">Surefire test</a></td><td class="num">22</td><td class="num">0</td><td class="num">0</td><td class="num attn">4</td><td class="num">238,890</td><td></td><td></td></tr>
</table>
<table id='summary'><thead><tr><th>Class</th><th>Method</th><th>Start</th><th>Time (ms)</th></tr></thead><tbody><tr><th colspan="4">Surefire suite</th></tr></tbody><tbody id="t0"><tr><th colspan="4">Surefire test &#8212; failed</th></tr><tr class="failedeven"><td rowspan="1">com.demoqa.testcases.JoinNowPageTest</td><td><a href="#m0">verifyJoinNowPageTitleTest</a></td><td rowspan="1">1738094205726</td><td rowspan="1">1037</td></tr><tr class="failedodd"><td rowspan="3">com.demoqa.testcases.TextBoxTest</td><td><a href="#m1">validateTextBoxFieldsWithInvalidData</a></td><td rowspan="1">1738094153108</td><td rowspan="1">2465</td></tr><tr class="failedodd"><td><a href="#m2">validateTextBoxFieldsWithValidData</a></td><td rowspan="2">1738094175724</td><td rowspan="2">1637</td></tr><tr class="failedodd"><td><a href="#m3">validateTextBoxFieldsWithValidData</a></td></tr><tr><th colspan="4">Surefire test &#8212; passed</th></tr><tr class="passedeven"><td rowspan="10">com.demoqa.testcases.ElementsPageTest</td><td><a href="#m4">clickOnBrokenLinksAndImagesTest</a></td><td rowspan="1">1738094224212</td><td rowspan="1">52</td></tr><tr class="passedeven"><td><a href="#m5">clickOnButtonsTest</a></td><td rowspan="1">1738094231261</td><td rowspan="1">45</td></tr><tr class="passedeven"><td><a href="#m6">clickOnCheckBoxTest</a></td><td rowspan="1">1738094237302</td><td rowspan="1">43</td></tr><tr class="passedeven"><td><a href="#m7">clickOnDynamicPropertiesTest</a></td><td rowspan="1">1738094245662</td><td rowspan="1">62</td></tr><tr class="passedeven"><td><a href="#m8">clickOnLinksTest</a></td><td rowspan="1">1738094253113</td><td rowspan="1">60</td></tr><tr class="passedeven"><td><a href="#m9">clickOnRadioButtonTest</a></td><td rowspan="1">1738094259253</td><td rowspan="1">40</td></tr><tr class="passedeven"><td><a href="#m10">clickOnTextBoxTest</a></td><td rowspan="1">1738094269211</td><td rowspan="1">45</td></tr><tr class="passedeven"><td><a href="#m11">clickOnUploadAndDownloadTest</a></td><td rowspan="1">1738094276774</td><td rowspan="1">54</td></tr><tr class="passedeven"><td><a href="#m12">clickOnWebTablesTest</a></td><td rowspan="1">1738094283289</td><td rowspan="1">47</td></tr><tr class="passedeven"><td><a href="#m13">verifyElementPageTest</a></td><td rowspan="1">1738094302859</td><td rowspan="1">16</td></tr><tr class="passedodd"><td rowspan="8">com.demoqa.testcases.HomePageTest</td><td><a href="#m14">clickOnAlertsFramesWindowTest</a></td><td rowspan="1">1738094348787</td><td rowspan="1">75</td></tr><tr class="passedodd"><td><a href="#m15">clickOnBookStoreApplicationTest</a></td><td rowspan="1">1738094369447</td><td rowspan="1">80</td></tr><tr class="passedodd"><td><a href="#m16">clickOnElementsTest</a></td><td rowspan="1">1738094330593</td><td rowspan="1">74</td></tr><tr class="passedodd"><td><a href="#m17">clickOnFormsTest</a></td><td rowspan="1">1738094337664</td><td rowspan="1">83</td></tr><tr class="passedodd"><td><a href="#m18">clickOnInteractionsTest</a></td><td rowspan="1">1738094363305</td><td rowspan="1">70</td></tr><tr class="passedodd"><td><a href="#m19">clickOnWidgetsTest</a></td><td rowspan="1">1738094356174</td><td rowspan="1">75</td></tr><tr class="passedodd"><td><a href="#m20">verifyHomePageLogoTest</a></td><td rowspan="1">1738094320877</td><td rowspan="1">21</td></tr><tr class="passedodd"><td><a href="#m21">verifyHomePageTitleTest</a></td><td rowspan="1">1738094311220</td><td rowspan="1">5</td></tr><tr class="passedeven"><td rowspan="1">com.demoqa.testcases.JoinNowPageTest</td><td><a href="#m22">verifyJoinNowPageLogoTest</a></td><td rowspan="1">1738094215723</td><td rowspan="1">1357</td></tr><tr class="passedodd"><td rowspan="3">com.demoqa.testcases.TextBoxTest</td><td><a href="#m23">validateTextBoxFeatureTest</a></td><td rowspan="1">1738094146739</td><td rowspan="1">34</td></tr><tr class="passedodd"><td><a href="#m24">validateTextBoxPageTest</a></td><td rowspan="1">1738094191955</td><td rowspan="1">27</td></tr><tr class="passedodd"><td><a href="#m25">validatingOutputTextField</a></td><td rowspan="1">1738094198346</td><td rowspan="1">34</td></tr></tbody>
</table>
<h2>Surefire test</h2><h3 id="m0">com.demoqa.testcases.JoinNowPageTest#verifyJoinNowPageTitleTest</h3><table class="result"><tr><th>Exception</th></tr><tr><td><div class="stacktrace">java.lang.AssertionError: JoinNowPage Title not matched expected [Tools QA - Selenium Training] but found []
	at com.demoqa.testcases.JoinNowPageTest.verifyJoinNowPageTitleTest(JoinNowPageTest.java:36)
	at java.base/java.util.ArrayList.forEach(ArrayList.java:1597)
... Removed 35 stack frames</div></td></tr></table><p class="totop"><a href="#summary">back to summary</a></p>
<h3 id="m1">com.demoqa.testcases.TextBoxTest#validateTextBoxFieldsWithInvalidData</h3><table class="result"><tr class="param"><th>Parameter #1</th><th>Parameter #2</th><th>Parameter #3</th><th>Parameter #4</th></tr><tr class="param stripe"><td>XXX</td><td>XXXXXXXX</td><td>Null</td><td>Null</td></tr><tr><th colspan="4">Exception</th></tr><tr><td colspan="4"><div class="stacktrace">org.openqa.selenium.ElementClickInterceptedException: element click intercepted: Element &lt;button id=&quot;submit&quot; type=&quot;button&quot; class=&quot;btn btn-primary&quot;&gt;...&lt;/button&gt; is not clickable at point (1041, 668). Other element would receive the click: &lt;iframe id=&quot;google_ads_iframe_/21849154601,22343295815/Ad.Plus-300x250_0&quot; name=&quot;google_ads_iframe_/21849154601,22343295815/Ad.Plus-300x250_0&quot; title=&quot;3rd party ad content&quot; width=&quot;1005&quot; height=&quot;124&quot; scrolling=&quot;no&quot; marginwidth=&quot;0&quot; marginheight=&quot;0&quot; frameborder=&quot;0&quot; aria-label=&quot;Advertisement&quot; tabindex=&quot;0&quot; allow=&quot;private-state-token-redemption;attribution-reporting&quot; data-load-complete=&quot;true&quot; data-google-container-id=&quot;2&quot; style=&quot;border: 0px; vertical-align: bottom; max-height: 30vh !important; overflow: hidden !important; display: block; margin: 0px auto;&quot;&gt;&lt;/iframe&gt;
  (Session info: chrome=132.0.6834.111)
Build info: version: &apos;4.8.3&apos;, revision: &apos;e5e76298c3&apos;
System info: os.name: &apos;Mac OS X&apos;, os.arch: &apos;aarch64&apos;, os.version: &apos;14.7.1&apos;, java.version: &apos;23.0.2&apos;
Driver info: org.openqa.selenium.chrome.ChromeDriver
Command: [56f056b43414a2bea8719e78b8e68173, clickElement {id=f.96CBB8208AF28894F0AD4DEFF0D7AC5B.d.D3256FE93B21B3B9D5069FC8AD097822.e.72}]
Capabilities {acceptInsecureCerts: false, browserName: chrome, browserVersion: 132.0.6834.111, chrome: {chromedriverVersion: 132.0.6834.110 (df453a35f09..., userDataDir: /var/folders/sy/w4kkw0kx79l...}, fedcm:accounts: true, goog:chromeOptions: {debuggerAddress: localhost:61404}, networkConnectionEnabled: false, pageLoadStrategy: normal, platformName: MAC, proxy: Proxy(), se:cdp: ws://localhost:61404/devtoo..., se:cdpVersion: 132.0.6834.111, setWindowRect: true, strictFileInteractability: false, timeouts: {implicit: 0, pageLoad: 300000, script: 30000}, unhandledPromptBehavior: dismiss and notify, webauthn:extension:credBlob: true, webauthn:extension:largeBlob: true, webauthn:extension:minPinLength: true, webauthn:extension:prf: true, webauthn:virtualAuthenticators: true}
Element: [[ChromeDriver: chrome on MAC (56f056b43414a2bea8719e78b8e68173)] -&gt; xpath: //button[@id=&apos;submit&apos;]]
Session ID: 56f056b43414a2bea8719e78b8e68173
	at org.openqa.selenium.remote.codec.w3c.W3CHttpResponseCodec.createException(W3CHttpResponseCodec.java:200)
	at org.openqa.selenium.remote.codec.w3c.W3CHttpResponseCodec.decode(W3CHttpResponseCodec.java:133)
	at org.openqa.selenium.remote.codec.w3c.W3CHttpResponseCodec.decode(W3CHttpResponseCodec.java:53)
	at org.openqa.selenium.remote.HttpCommandExecutor.execute(HttpCommandExecutor.java:193)
	at org.openqa.selenium.remote.service.DriverCommandExecutor.invokeExecute(DriverCommandExecutor.java:183)
	at org.openqa.selenium.remote.service.DriverCommandExecutor.execute(DriverCommandExecutor.java:158)
	at org.openqa.selenium.remote.RemoteWebDriver.execute(RemoteWebDriver.java:543)
	at org.openqa.selenium.remote.RemoteWebElement.execute(RemoteWebElement.java:257)
	at org.openqa.selenium.remote.RemoteWebElement.click(RemoteWebElement.java:78)
	at org.openqa.selenium.support.decorators.WebDriverDecorator.call(WebDriverDecorator.java:247)
	at org.openqa.selenium.support.decorators.DefaultDecorated.call(DefaultDecorated.java:48)
	at org.openqa.selenium.support.decorators.WebDriverDecorator.lambda$createProxy$2(WebDriverDecorator.java:314)
	at net.bytebuddy.renamed.java.lang.Object$ByteBuddy$yp1bOaUV.click(Unknown Source)
	at org.openqa.selenium.support.pagefactory.internal.LocatingElementHandler.invoke(LocatingElementHandler.java:52)
	at jdk.proxy2/jdk.proxy2.$Proxy40.click(Unknown Source)
	at com.demoqa.pages.elements.TextBox.enteringText(TextBox.java:53)
	at com.demoqa.testcases.TextBoxTest.validateTextBoxFieldsWithInvalidData(TextBoxTest.java:68)
	at java.base/java.util.ArrayList.forEach(ArrayList.java:1597)
... Removed 37 stack frames</div></td></tr></table><p class="totop"><a href="#summary">back to summary</a></p>
<h3 id="m2">com.demoqa.testcases.TextBoxTest#validateTextBoxFieldsWithValidData</h3><table class="result"><tr class="param"><th>Parameter #1</th><th>Parameter #2</th><th>Parameter #3</th><th>Parameter #4</th></tr><tr class="param stripe"><td>Name</td><td>xxx@gamil.com</td><td>123 xxx Street, USA</td><td>123 xxx Street, USA</td></tr><tr><th colspan="4">Exception</th></tr><tr><td colspan="4"><div class="stacktrace">org.openqa.selenium.ElementClickInterceptedException: element click intercepted: Element &lt;button id=&quot;submit&quot; type=&quot;button&quot; class=&quot;btn btn-primary&quot;&gt;...&lt;/button&gt; is not clickable at point (1041, 613). Other element would receive the click: &lt;iframe frameborder=&quot;0&quot; src=&quot;https://8aa798d069dc0749b9e77fc911964730.safeframe.googlesyndication.com/safeframe/1-0-40/html/container.html&quot; id=&quot;google_ads_iframe_/21849154601,22343295815/Ad.Plus-300x250_0&quot; title=&quot;3rd party ad content&quot; name=&quot;&quot; scrolling=&quot;no&quot; marginwidth=&quot;0&quot; marginheight=&quot;0&quot; width=&quot;1005&quot; height=&quot;90&quot; data-is-safeframe=&quot;true&quot; sandbox=&quot;allow-forms allow-popups allow-popups-to-escape-sandbox allow-same-origin allow-scripts allow-top-navigation-by-user-activation&quot; allow=&quot;private-state-token-redemption;attribution-reporting&quot; aria-label=&quot;Advertisement&quot; tabindex=&quot;0&quot; data-google-container-id=&quot;2&quot; style=&quot;border: 0px; vertical-align: bottom; max-height: 30vh !important; overflow: hidden !important; display: block; margin: 0px auto;&quot; data-load-complete=&quot;true&quot;&gt;&lt;/iframe&gt;
  (Session info: chrome=132.0.6834.111)
Build info: version: &apos;4.8.3&apos;, revision: &apos;e5e76298c3&apos;
System info: os.name: &apos;Mac OS X&apos;, os.arch: &apos;aarch64&apos;, os.version: &apos;14.7.1&apos;, java.version: &apos;23.0.2&apos;
Driver info: org.openqa.selenium.chrome.ChromeDriver
Command: [0661ab05b83ed033051753c3c72de827, clickElement {id=f.C54AF3B97F0330C9BDC36076357EE7CA.d.D03222502BA97CF148615F0FF291EE7D.e.44}]
Capabilities {acceptInsecureCerts: false, browserName: chrome, browserVersion: 132.0.6834.111, chrome: {chromedriverVersion: 132.0.6834.110 (df453a35f09..., userDataDir: /var/folders/sy/w4kkw0kx79l...}, fedcm:accounts: true, goog:chromeOptions: {debuggerAddress: localhost:61423}, networkConnectionEnabled: false, pageLoadStrategy: normal, platformName: MAC, proxy: Proxy(), se:cdp: ws://localhost:61423/devtoo..., se:cdpVersion: 132.0.6834.111, setWindowRect: true, strictFileInteractability: false, timeouts: {implicit: 0, pageLoad: 300000, script: 30000}, unhandledPromptBehavior: dismiss and notify, webauthn:extension:credBlob: true, webauthn:extension:largeBlob: true, webauthn:extension:minPinLength: true, webauthn:extension:prf: true, webauthn:virtualAuthenticators: true}
Element: [[ChromeDriver: chrome on MAC (0661ab05b83ed033051753c3c72de827)] -&gt; xpath: //button[@id=&apos;submit&apos;]]
Session ID: 0661ab05b83ed033051753c3c72de827
	at org.openqa.selenium.remote.codec.w3c.W3CHttpResponseCodec.createException(W3CHttpResponseCodec.java:200)
	at org.openqa.selenium.remote.codec.w3c.W3CHttpResponseCodec.decode(W3CHttpResponseCodec.java:133)
	at org.openqa.selenium.remote.codec.w3c.W3CHttpResponseCodec.decode(W3CHttpResponseCodec.java:53)
	at org.openqa.selenium.remote.HttpCommandExecutor.execute(HttpCommandExecutor.java:193)
	at org.openqa.selenium.remote.service.DriverCommandExecutor.invokeExecute(DriverCommandExecutor.java:183)
	at org.openqa.selenium.remote.service.DriverCommandExecutor.execute(DriverCommandExecutor.java:158)
	at org.openqa.selenium.remote.RemoteWebDriver.execute(RemoteWebDriver.java:543)
	at org.openqa.selenium.remote.RemoteWebElement.execute(RemoteWebElement.java:257)
	at org.openqa.selenium.remote.RemoteWebElement.click(RemoteWebElement.java:78)
	at org.openqa.selenium.support.decorators.WebDriverDecorator.call(WebDriverDecorator.java:247)
	at org.openqa.selenium.support.decorators.DefaultDecorated.call(DefaultDecorated.java:48)
	at org.openqa.selenium.support.decorators.WebDriverDecorator.lambda$createProxy$2(WebDriverDecorator.java:314)
	at net.bytebuddy.renamed.java.lang.Object$ByteBuddy$2Qi4FQg2.click(Unknown Source)
	at org.openqa.selenium.support.pagefactory.internal.LocatingElementHandler.invoke(LocatingElementHandler.java:52)
	at jdk.proxy2/jdk.proxy2.$Proxy40.click(Unknown Source)
	at com.demoqa.pages.elements.TextBox.enteringText(TextBox.java:53)
	at com.demoqa.testcases.TextBoxTest.validateTextBoxFieldsWithValidData(TextBoxTest.java:62)
	at java.base/java.util.ArrayList.forEach(ArrayList.java:1597)
... Removed 37 stack frames</div></td></tr></table><p class="totop"><a href="#summary">back to summary</a></p>
<h3 id="m3">com.demoqa.testcases.TextBoxTest#validateTextBoxFieldsWithValidData</h3><table class="result"><tr class="param"><th>Parameter #1</th><th>Parameter #2</th><th>Parameter #3</th><th>Parameter #4</th></tr><tr class="param stripe"><td>XXX</td><td>YYYY@Yahoo.com</td><td>India</td><td>India</td></tr><tr><th colspan="4">Exception</th></tr><tr><td colspan="4"><div class="stacktrace">org.openqa.selenium.ElementClickInterceptedException: element click intercepted: Element &lt;button id=&quot;submit&quot; type=&quot;button&quot; class=&quot;btn btn-primary&quot;&gt;...&lt;/button&gt; is not clickable at point (1041, 666). Other element would receive the click: &lt;iframe id=&quot;google_ads_iframe_/21849154601,22343295815/Ad.Plus-300x250_0&quot; name=&quot;google_ads_iframe_/21849154601,22343295815/Ad.Plus-300x250_0&quot; title=&quot;3rd party ad content&quot; width=&quot;1005&quot; height=&quot;124&quot; scrolling=&quot;no&quot; marginwidth=&quot;0&quot; marginheight=&quot;0&quot; frameborder=&quot;0&quot; aria-label=&quot;Advertisement&quot; tabindex=&quot;0&quot; allow=&quot;private-state-token-redemption;attribution-reporting&quot; data-load-complete=&quot;true&quot; data-google-container-id=&quot;2&quot; style=&quot;border: 0px; vertical-align: bottom; max-height: 30vh !important; overflow: hidden !important; display: block; margin: 0px auto;&quot;&gt;&lt;/iframe&gt;
  (Session info: chrome=132.0.6834.111)
Build info: version: &apos;4.8.3&apos;, revision: &apos;e5e76298c3&apos;
System info: os.name: &apos;Mac OS X&apos;, os.arch: &apos;aarch64&apos;, os.version: &apos;14.7.1&apos;, java.version: &apos;23.0.2&apos;
Driver info: org.openqa.selenium.chrome.ChromeDriver
Command: [f87af4471b92689b459d06b232719a53, clickElement {id=f.3C2604A4E5227EE274AE7F8F7F831408.d.661513475CF5618C1B31C0FBBF84F703.e.75}]
Capabilities {acceptInsecureCerts: false, browserName: chrome, browserVersion: 132.0.6834.111, chrome: {chromedriverVersion: 132.0.6834.110 (df453a35f09..., userDataDir: /var/folders/sy/w4kkw0kx79l...}, fedcm:accounts: true, goog:chromeOptions: {debuggerAddress: localhost:61442}, networkConnectionEnabled: false, pageLoadStrategy: normal, platformName: MAC, proxy: Proxy(), se:cdp: ws://localhost:61442/devtoo..., se:cdpVersion: 132.0.6834.111, setWindowRect: true, strictFileInteractability: false, timeouts: {implicit: 0, pageLoad: 300000, script: 30000}, unhandledPromptBehavior: dismiss and notify, webauthn:extension:credBlob: true, webauthn:extension:largeBlob: true, webauthn:extension:minPinLength: true, webauthn:extension:prf: true, webauthn:virtualAuthenticators: true}
Element: [[ChromeDriver: chrome on MAC (f87af4471b92689b459d06b232719a53)] -&gt; xpath: //button[@id=&apos;submit&apos;]]
Session ID: f87af4471b92689b459d06b232719a53
	at org.openqa.selenium.remote.codec.w3c.W3CHttpResponseCodec.createException(W3CHttpResponseCodec.java:200)
	at org.openqa.selenium.remote.codec.w3c.W3CHttpResponseCodec.decode(W3CHttpResponseCodec.java:133)
	at org.openqa.selenium.remote.codec.w3c.W3CHttpResponseCodec.decode(W3CHttpResponseCodec.java:53)
	at org.openqa.selenium.remote.HttpCommandExecutor.execute(HttpCommandExecutor.java:193)
	at org.openqa.selenium.remote.service.DriverCommandExecutor.invokeExecute(DriverCommandExecutor.java:183)
	at org.openqa.selenium.remote.service.DriverCommandExecutor.execute(DriverCommandExecutor.java:158)
	at org.openqa.selenium.remote.RemoteWebDriver.execute(RemoteWebDriver.java:543)
	at org.openqa.selenium.remote.RemoteWebElement.execute(RemoteWebElement.java:257)
	at org.openqa.selenium.remote.RemoteWebElement.click(RemoteWebElement.java:78)
	at org.openqa.selenium.support.decorators.WebDriverDecorator.call(WebDriverDecorator.java:247)
	at org.openqa.selenium.support.decorators.DefaultDecorated.call(DefaultDecorated.java:48)
	at org.openqa.selenium.support.decorators.WebDriverDecorator.lambda$createProxy$2(WebDriverDecorator.java:314)
	at net.bytebuddy.renamed.java.lang.Object$ByteBuddy$KpIQCm6C.click(Unknown Source)
	at org.openqa.selenium.support.pagefactory.internal.LocatingElementHandler.invoke(LocatingElementHandler.java:52)
	at jdk.proxy2/jdk.proxy2.$Proxy40.click(Unknown Source)
	at com.demoqa.pages.elements.TextBox.enteringText(TextBox.java:53)
	at com.demoqa.testcases.TextBoxTest.validateTextBoxFieldsWithValidData(TextBoxTest.java:62)
	at java.base/java.util.ArrayList.forEach(ArrayList.java:1597)
... Removed 37 stack frames</div></td></tr></table><p class="totop"><a href="#summary">back to summary</a></p>
<h3 id="m4">com.demoqa.testcases.ElementsPageTest#clickOnBrokenLinksAndImagesTest</h3><table class="result"><tr><th class="invisible"/></tr></table><p class="totop"><a href="#summary">back to summary</a></p>
<h3 id="m5">com.demoqa.testcases.ElementsPageTest#clickOnButtonsTest</h3><table class="result"><tr><th class="invisible"/></tr></table><p class="totop"><a href="#summary">back to summary</a></p>
<h3 id="m6">com.demoqa.testcases.ElementsPageTest#clickOnCheckBoxTest</h3><table class="result"><tr><th class="invisible"/></tr></table><p class="totop"><a href="#summary">back to summary</a></p>
<h3 id="m7">com.demoqa.testcases.ElementsPageTest#clickOnDynamicPropertiesTest</h3><table class="result"><tr><th class="invisible"/></tr></table><p class="totop"><a href="#summary">back to summary</a></p>
<h3 id="m8">com.demoqa.testcases.ElementsPageTest#clickOnLinksTest</h3><table class="result"><tr><th class="invisible"/></tr></table><p class="totop"><a href="#summary">back to summary</a></p>
<h3 id="m9">com.demoqa.testcases.ElementsPageTest#clickOnRadioButtonTest</h3><table class="result"><tr><th class="invisible"/></tr></table><p class="totop"><a href="#summary">back to summary</a></p>
<h3 id="m10">com.demoqa.testcases.ElementsPageTest#clickOnTextBoxTest</h3><table class="result"><tr><th class="invisible"/></tr></table><p class="totop"><a href="#summary">back to summary</a></p>
<h3 id="m11">com.demoqa.testcases.ElementsPageTest#clickOnUploadAndDownloadTest</h3><table class="result"><tr><th class="invisible"/></tr></table><p class="totop"><a href="#summary">back to summary</a></p>
<h3 id="m12">com.demoqa.testcases.ElementsPageTest#clickOnWebTablesTest</h3><table class="result"><tr><th class="invisible"/></tr></table><p class="totop"><a href="#summary">back to summary</a></p>
<h3 id="m13">com.demoqa.testcases.ElementsPageTest#verifyElementPageTest</h3><table class="result"><tr><th class="invisible"/></tr></table><p class="totop"><a href="#summary">back to summary</a></p>
<h3 id="m14">com.demoqa.testcases.HomePageTest#clickOnAlertsFramesWindowTest</h3><table class="result"><tr><th class="invisible"/></tr></table><p class="totop"><a href="#summary">back to summary</a></p>
<h3 id="m15">com.demoqa.testcases.HomePageTest#clickOnBookStoreApplicationTest</h3><table class="result"><tr><th class="invisible"/></tr></table><p class="totop"><a href="#summary">back to summary</a></p>
<h3 id="m16">com.demoqa.testcases.HomePageTest#clickOnElementsTest</h3><table class="result"><tr><th class="invisible"/></tr></table><p class="totop"><a href="#summary">back to summary</a></p>
<h3 id="m17">com.demoqa.testcases.HomePageTest#clickOnFormsTest</h3><table class="result"><tr><th class="invisible"/></tr></table><p class="totop"><a href="#summary">back to summary</a></p>
<h3 id="m18">com.demoqa.testcases.HomePageTest#clickOnInteractionsTest</h3><table class="result"><tr><th class="invisible"/></tr></table><p class="totop"><a href="#summary">back to summary</a></p>
<h3 id="m19">com.demoqa.testcases.HomePageTest#clickOnWidgetsTest</h3><table class="result"><tr><th class="invisible"/></tr></table><p class="totop"><a href="#summary">back to summary</a></p>
<h3 id="m20">com.demoqa.testcases.HomePageTest#verifyHomePageLogoTest</h3><table class="result"><tr><th class="invisible"/></tr></table><p class="totop"><a href="#summary">back to summary</a></p>
<h3 id="m21">com.demoqa.testcases.HomePageTest#verifyHomePageTitleTest</h3><table class="result"><tr><th class="invisible"/></tr></table><p class="totop"><a href="#summary">back to summary</a></p>
<h3 id="m22">com.demoqa.testcases.JoinNowPageTest#verifyJoinNowPageLogoTest</h3><table class="result"><tr><th class="invisible"/></tr></table><p class="totop"><a href="#summary">back to summary</a></p>
<h3 id="m23">com.demoqa.testcases.TextBoxTest#validateTextBoxFeatureTest</h3><table class="result"><tr><th class="invisible"/></tr></table><p class="totop"><a href="#summary">back to summary</a></p>
<h3 id="m24">com.demoqa.testcases.TextBoxTest#validateTextBoxPageTest</h3><table class="result"><tr><th class="invisible"/></tr></table><p class="totop"><a href="#summary">back to summary</a></p>
<h3 id="m25">com.demoqa.testcases.TextBoxTest#validatingOutputTextField</h3><table class="result"><tr><th class="invisible"/></tr></table><p class="totop"><a href="#summary">back to summary</a></p>
</body>
</html>
