<?xml version="1.0" encoding="UTF-8"?>
<testng-results ignored="6" total="32" passed="22" failed="4" skipped="0">
  <reporter-output>
  </reporter-output>
  <suite started-at="2025-01-28T12:55:30 MST" name="Surefire suite" finished-at="2025-01-28T12:59:29 MST" duration-ms="238890">
    <groups>
    </groups>
    <test started-at="2025-01-28T12:55:30 MST" name="Surefire test" finished-at="2025-01-28T12:59:29 MST" duration-ms="238890">
      <class name="com.demoqa.testcases.HomePageTest">
        <test-method is-config="true" signature="setUp()[pri:0, instance:com.demoqa.testcases.HomePageTest@147ed70f]" started-at="2025-01-28T12:58:23 MST" name="setUp" finished-at="2025-01-28T12:58:31 MST" duration-ms="8087" status="PASS">
          <reporter-output>
          </reporter-output>
        </test-method> <!-- setUp -->
        <test-method signature="verifyHomePageTitleTest()[pri:1, instance:com.demoqa.testcases.HomePageTest@147ed70f]" started-at="2025-01-28T12:58:31 MST" name="verifyHomePageTitleTest" finished-at="2025-01-28T12:58:31 MST" duration-ms="5" status="PASS">
          <reporter-output>
          </reporter-output>
        </test-method> <!-- verifyHomePageTitleTest -->
        <test-method is-config="true" signature="cleanUp()[pri:0, instance:com.demoqa.testcases.HomePageTest@147ed70f]" started-at="2025-01-28T12:58:31 MST" name="cleanUp" finished-at="2025-01-28T12:58:31 MST" duration-ms="211" status="PASS">
          <reporter-output>
          </reporter-output>
        </test-method> <!-- cleanUp -->
        <test-method is-config="true" signature="setUp()[pri:0, instance:com.demoqa.testcases.HomePageTest@147ed70f]" started-at="2025-01-28T12:58:31 MST" name="setUp" finished-at="2025-01-28T12:58:40 MST" duration-ms="9440" status="PASS">
          <reporter-output>
          </reporter-output>
        </test-method> <!-- setUp -->
        <test-method signature="verifyHomePageLogoTest()[pri:2, instance:com.demoqa.testcases.HomePageTest@147ed70f]" started-at="2025-01-28T12:58:40 MST" name="verifyHomePageLogoTest" finished-at="2025-01-28T12:58:40 MST" duration-ms="21" status="PASS">
          <reporter-output>
          </reporter-output>
        </test-method> <!-- verifyHomePageLogoTest -->
        <test-method is-config="true" signature="cleanUp()[pri:0, instance:com.demoqa.testcases.HomePageTest@147ed70f]" started-at="2025-01-28T12:58:40 MST" name="cleanUp" finished-at="2025-01-28T12:58:41 MST" duration-ms="220" status="PASS">
          <reporter-output>
          </reporter-output>
        </test-method> <!-- cleanUp -->
        <test-method is-config="true" signature="setUp()[pri:0, instance:com.demoqa.testcases.HomePageTest@147ed70f]" started-at="2025-01-28T12:58:41 MST" name="setUp" finished-at="2025-01-28T12:58:50 MST" duration-ms="9473" status="PASS">
          <reporter-output>
          </reporter-output>
        </test-method> <!-- setUp -->
        <test-method signature="clickOnElementsTest()[pri:3, instance:com.demoqa.testcases.HomePageTest@147ed70f]" started-at="2025-01-28T12:58:50 MST" name="clickOnElementsTest" finished-at="2025-01-28T12:58:50 MST" duration-ms="74" status="PASS">
          <reporter-output>
          </reporter-output>
        </test-method> <!-- clickOnElementsTest -->
        <test-method is-config="true" signature="cleanUp()[pri:0, instance:com.demoqa.testcases.HomePageTest@147ed70f]" started-at="2025-01-28T12:58:50 MST" name="cleanUp" finished-at="2025-01-28T12:58:50 MST" duration-ms="200" status="PASS">
          <reporter-output>
          </reporter-output>
        </test-method> <!-- cleanUp -->
        <test-method is-config="true" signature="setUp()[pri:0, instance:com.demoqa.testcases.HomePageTest@147ed70f]" started-at="2025-01-28T12:58:50 MST" name="setUp" finished-at="2025-01-28T12:58:57 MST" duration-ms="6796" status="PASS">
          <reporter-output>
          </reporter-output>
        </test-method> <!-- setUp -->
        <test-method signature="clickOnFormsTest()[pri:4, instance:com.demoqa.testcases.HomePageTest@147ed70f]" started-at="2025-01-28T12:58:57 MST" name="clickOnFormsTest" finished-at="2025-01-28T12:58:57 MST" duration-ms="83" status="PASS">
          <reporter-output>
          </reporter-output>
        </test-method> <!-- clickOnFormsTest -->
        <test-method is-config="true" signature="cleanUp()[pri:0, instance:com.demoqa.testcases.HomePageTest@147ed70f]" started-at="2025-01-28T12:58:57 MST" name="cleanUp" finished-at="2025-01-28T12:58:57 MST" duration-ms="212" status="PASS">
          <reporter-output>
          </reporter-output>
        </test-method> <!-- cleanUp -->
        <test-method is-config="true" signature="setUp()[pri:0, instance:com.demoqa.testcases.HomePageTest@147ed70f]" started-at="2025-01-28T12:58:57 MST" name="setUp" finished-at="2025-01-28T12:59:08 MST" duration-ms="10828" status="PASS">
          <reporter-output>
          </reporter-output>
        </test-method> <!-- setUp -->
        <test-method signature="clickOnAlertsFramesWindowTest()[pri:5, instance:com.demoqa.testcases.HomePageTest@147ed70f]" started-at="2025-01-28T12:59:08 MST" name="clickOnAlertsFramesWindowTest" finished-at="2025-01-28T12:59:08 MST" duration-ms="75" status="PASS">
          <reporter-output>
          </reporter-output>
        </test-method> <!-- clickOnAlertsFramesWindowTest -->
        <test-method is-config="true" signature="cleanUp()[pri:0, instance:com.demoqa.testcases.HomePageTest@147ed70f]" started-at="2025-01-28T12:59:08 MST" name="cleanUp" finished-at="2025-01-28T12:59:09 MST" duration-ms="196" status="PASS">
          <reporter-output>
          </reporter-output>
        </test-method> <!-- cleanUp -->
        <test-method is-config="true" signature="setUp()[pri:0, instance:com.demoqa.testcases.HomePageTest@147ed70f]" started-at="2025-01-28T12:59:09 MST" name="setUp" finished-at="2025-01-28T12:59:16 MST" duration-ms="7115" status="PASS">
          <reporter-output>
          </reporter-output>
        </test-method> <!-- setUp -->
        <test-method signature="clickOnWidgetsTest()[pri:6, instance:com.demoqa.testcases.HomePageTest@147ed70f]" started-at="2025-01-28T12:59:16 MST" name="clickOnWidgetsTest" finished-at="2025-01-28T12:59:16 MST" duration-ms="75" status="PASS">
          <reporter-output>
          </reporter-output>
        </test-method> <!-- clickOnWidgetsTest -->
        <test-method is-config="true" signature="cleanUp()[pri:0, instance:com.demoqa.testcases.HomePageTest@147ed70f]" started-at="2025-01-28T12:59:16 MST" name="cleanUp" finished-at="2025-01-28T12:59:16 MST" duration-ms="251" status="PASS">
          <reporter-output>
          </reporter-output>
        </test-method> <!-- cleanUp -->
        <test-method is-config="true" signature="setUp()[pri:0, instance:com.demoqa.testcases.HomePageTest@147ed70f]" started-at="2025-01-28T12:59:16 MST" name="setUp" finished-at="2025-01-28T12:59:23 MST" duration-ms="6805" status="PASS">
          <reporter-output>
          </reporter-output>
        </test-method> <!-- setUp -->
        <test-method signature="clickOnInteractionsTest()[pri:7, instance:com.demoqa.testcases.HomePageTest@147ed70f]" started-at="2025-01-28T12:59:23 MST" name="clickOnInteractionsTest" finished-at="2025-01-28T12:59:23 MST" duration-ms="70" status="PASS">
          <reporter-output>
          </reporter-output>
        </test-method> <!-- clickOnInteractionsTest -->
        <test-method is-config="true" signature="cleanUp()[pri:0, instance:com.demoqa.testcases.HomePageTest@147ed70f]" started-at="2025-01-28T12:59:23 MST" name="cleanUp" finished-at="2025-01-28T12:59:23 MST" duration-ms="225" status="PASS">
          <reporter-output>
          </reporter-output>
        </test-method> <!-- cleanUp -->
        <test-method is-config="true" signature="setUp()[pri:0, instance:com.demoqa.testcases.HomePageTest@147ed70f]" started-at="2025-01-28T12:59:23 MST" name="setUp" finished-at="2025-01-28T12:59:29 MST" duration-ms="5847" status="PASS">
          <reporter-output>
          </reporter-output>
        </test-method> <!-- setUp -->
        <test-method signature="clickOnBookStoreApplicationTest()[pri:8, instance:com.demoqa.testcases.HomePageTest@147ed70f]" started-at="2025-01-28T12:59:29 MST" name="clickOnBookStoreApplicationTest" finished-at="2025-01-28T12:59:29 MST" duration-ms="80" status="PASS">
          <reporter-output>
          </reporter-output>
        </test-method> <!-- clickOnBookStoreApplicationTest -->
        <test-method is-config="true" signature="cleanUp()[pri:0, instance:com.demoqa.testcases.HomePageTest@147ed70f]" started-at="2025-01-28T12:59:29 MST" name="cleanUp" finished-at="2025-01-28T12:59:29 MST" duration-ms="251" status="PASS">
          <reporter-output>
          </reporter-output>
        </test-method> <!-- cleanUp -->
      </class> <!-- com.demoqa.testcases.HomePageTest -->
      <class name="com.demoqa.testcases.JoinNowPageTest">
        <test-method is-config="true" signature="setUp()[pri:0, instance:com.demoqa.testcases.JoinNowPageTest@2f177a4b]" started-at="2025-01-28T12:56:38 MST" name="setUp" finished-at="2025-01-28T12:56:45 MST" duration-ms="7145" status="PASS">
          <reporter-output>
          </reporter-output>
        </test-method> <!-- setUp -->
        <test-method signature="verifyJoinNowPageTitleTest()[pri:1, instance:com.demoqa.testcases.JoinNowPageTest@2f177a4b]" started-at="2025-01-28T12:56:45 MST" name="verifyJoinNowPageTitleTest" finished-at="2025-01-28T12:56:46 MST" duration-ms="1037" status="FAIL">
          <exception class="java.lang.AssertionError">
            <message>
              <![CDATA[JoinNowPage Title not matched expected [Tools QA - Selenium Training] but found []]]>
            </message>
            <full-stacktrace>
              <![CDATA[java.lang.AssertionError: JoinNowPage Title not matched expected [Tools QA - Selenium Training] but found []
at org.testng.Assert.fail(Assert.java:99)
at org.testng.Assert.failNotEquals(Assert.java:1037)
at org.testng.Assert.assertEqualsImpl(Assert.java:140)
at org.testng.Assert.assertEquals(Assert.java:122)
at org.testng.Assert.assertEquals(Assert.java:629)
at com.demoqa.testcases.JoinNowPageTest.verifyJoinNowPageTitleTest(JoinNowPageTest.java:36)
at java.base/jdk.internal.reflect.DirectMethodHandleAccessor.invoke(DirectMethodHandleAccessor.java:103)
at java.base/java.lang.reflect.Method.invoke(Method.java:580)
at org.testng.internal.MethodInvocationHelper.invokeMethod(MethodInvocationHelper.java:133)
at org.testng.internal.TestInvoker.invokeMethod(TestInvoker.java:598)
at org.testng.internal.TestInvoker.invokeTestMethod(TestInvoker.java:173)
at org.testng.internal.MethodRunner.runInSequence(MethodRunner.java:46)
at org.testng.internal.TestInvoker$MethodInvocationAgent.invoke(TestInvoker.java:824)
at org.testng.internal.TestInvoker.invokeTestMethods(TestInvoker.java:146)
at org.testng.internal.TestMethodWorker.invokeTestMethods(TestMethodWorker.java:146)
at org.testng.internal.TestMethodWorker.run(TestMethodWorker.java:128)
at java.base/java.util.ArrayList.forEach(ArrayList.java:1597)
at org.testng.TestRunner.privateRun(TestRunner.java:794)
at org.testng.TestRunner.run(TestRunner.java:596)
at org.testng.SuiteRunner.runTest(SuiteRunner.java:377)
at org.testng.SuiteRunner.runSequentially(SuiteRunner.java:371)
at org.testng.SuiteRunner.privateRun(SuiteRunner.java:332)
at org.testng.SuiteRunner.run(SuiteRunner.java:276)
at org.testng.SuiteRunnerWorker.runSuite(SuiteRunnerWorker.java:53)
at org.testng.SuiteRunnerWorker.run(SuiteRunnerWorker.java:96)
at org.testng.TestNG.runSuitesSequentially(TestNG.java:1212)
at org.testng.TestNG.runSuitesLocally(TestNG.java:1134)
at org.testng.TestNG.runSuites(TestNG.java:1063)
at org.testng.TestNG.run(TestNG.java:1031)
at org.apache.maven.surefire.testng.TestNGExecutor.run(TestNGExecutor.java:155)
at org.apache.maven.surefire.testng.TestNGDirectoryTestSuite.executeMulti(TestNGDirectoryTestSuite.java:169)
at org.apache.maven.surefire.testng.TestNGDirectoryTestSuite.execute(TestNGDirectoryTestSuite.java:88)
at org.apache.maven.surefire.testng.TestNGProvider.invoke(TestNGProvider.java:137)
at org.apache.maven.surefire.booter.ForkedBooter.runSuitesInProcess(ForkedBooter.java:385)
at org.apache.maven.surefire.booter.ForkedBooter.execute(ForkedBooter.java:162)
at org.apache.maven.surefire.booter.ForkedBooter.run(ForkedBooter.java:507)
at org.apache.maven.surefire.booter.ForkedBooter.main(ForkedBooter.java:495)
]]>
            </full-stacktrace>
          </exception> <!-- java.lang.AssertionError -->
          <reporter-output>
          </reporter-output>
        </test-method> <!-- verifyJoinNowPageTitleTest -->
        <test-method is-config="true" signature="cleanUp()[pri:0, instance:com.demoqa.testcases.JoinNowPageTest@2f177a4b]" started-at="2025-01-28T12:56:46 MST" name="cleanUp" finished-at="2025-01-28T12:56:47 MST" duration-ms="270" status="PASS">
          <reporter-output>
          </reporter-output>
        </test-method> <!-- cleanUp -->
        <test-method is-config="true" signature="setUp()[pri:0, instance:com.demoqa.testcases.JoinNowPageTest@2f177a4b]" started-at="2025-01-28T12:56:47 MST" name="setUp" finished-at="2025-01-28T12:56:55 MST" duration-ms="8689" status="PASS">
          <reporter-output>
          </reporter-output>
        </test-method> <!-- setUp -->
        <test-method signature="verifyJoinNowPageLogoTest()[pri:2, instance:com.demoqa.testcases.JoinNowPageTest@2f177a4b]" started-at="2025-01-28T12:56:55 MST" name="verifyJoinNowPageLogoTest" finished-at="2025-01-28T12:56:57 MST" duration-ms="1357" status="PASS">
          <reporter-output>
          </reporter-output>
        </test-method> <!-- verifyJoinNowPageLogoTest -->
        <test-method is-config="true" signature="cleanUp()[pri:0, instance:com.demoqa.testcases.JoinNowPageTest@2f177a4b]" started-at="2025-01-28T12:56:57 MST" name="cleanUp" finished-at="2025-01-28T12:56:57 MST" duration-ms="239" status="PASS">
          <reporter-output>
          </reporter-output>
        </test-method> <!-- cleanUp -->
      </class> <!-- com.demoqa.testcases.JoinNowPageTest -->
      <class name="com.demoqa.testcases.ElementsPageTest">
        <test-method is-config="true" signature="setUp()[pri:0, instance:com.demoqa.testcases.ElementsPageTest@4278a03f]" started-at="2025-01-28T12:56:57 MST" name="setUp" finished-at="2025-01-28T12:57:04 MST" duration-ms="6893" status="PASS">
          <reporter-output>
          </reporter-output>
        </test-method> <!-- setUp -->
        <test-method signature="clickOnBrokenLinksAndImagesTest()[pri:0, instance:com.demoqa.testcases.ElementsPageTest@4278a03f]" started-at="2025-01-28T12:57:04 MST" name="clickOnBrokenLinksAndImagesTest" finished-at="2025-01-28T12:57:04 MST" duration-ms="52" status="PASS">
          <reporter-output>
          </reporter-output>
        </test-method> <!-- clickOnBrokenLinksAndImagesTest -->
        <test-method is-config="true" signature="cleanUp()[pri:0, instance:com.demoqa.testcases.ElementsPageTest@4278a03f]" started-at="2025-01-28T12:57:04 MST" name="cleanUp" finished-at="2025-01-28T12:57:04 MST" duration-ms="211" status="PASS">
          <reporter-output>
          </reporter-output>
        </test-method> <!-- cleanUp -->
        <test-method is-config="true" signature="setUp()[pri:0, instance:com.demoqa.testcases.ElementsPageTest@4278a03f]" started-at="2025-01-28T12:57:04 MST" name="setUp" finished-at="2025-01-28T12:57:11 MST" duration-ms="6785" status="PASS">
          <reporter-output>
          </reporter-output>
        </test-method> <!-- setUp -->
        <test-method signature="clickOnButtonsTest()[pri:0, instance:com.demoqa.testcases.ElementsPageTest@4278a03f]" started-at="2025-01-28T12:57:11 MST" name="clickOnButtonsTest" finished-at="2025-01-28T12:57:11 MST" duration-ms="45" status="PASS">
          <reporter-output>
          </reporter-output>
        </test-method> <!-- clickOnButtonsTest -->
        <test-method is-config="true" signature="cleanUp()[pri:0, instance:com.demoqa.testcases.ElementsPageTest@4278a03f]" started-at="2025-01-28T12:57:11 MST" name="cleanUp" finished-at="2025-01-28T12:57:11 MST" duration-ms="129" status="PASS">
          <reporter-output>
          </reporter-output>
        </test-method> <!-- cleanUp -->
        <test-method is-config="true" signature="setUp()[pri:0, instance:com.demoqa.testcases.ElementsPageTest@4278a03f]" started-at="2025-01-28T12:57:11 MST" name="setUp" finished-at="2025-01-28T12:57:17 MST" duration-ms="5867" status="PASS">
          <reporter-output>
          </reporter-output>
        </test-method> <!-- setUp -->
        <test-method signature="clickOnCheckBoxTest()[pri:0, instance:com.demoqa.testcases.ElementsPageTest@4278a03f]" started-at="2025-01-28T12:57:17 MST" name="clickOnCheckBoxTest" finished-at="2025-01-28T12:57:17 MST" duration-ms="43" status="PASS">
          <reporter-output>
          </reporter-output>
        </test-method> <!-- clickOnCheckBoxTest -->
        <test-method is-config="true" signature="cleanUp()[pri:0, instance:com.demoqa.testcases.ElementsPageTest@4278a03f]" started-at="2025-01-28T12:57:17 MST" name="cleanUp" finished-at="2025-01-28T12:57:17 MST" duration-ms="288" status="PASS">
          <reporter-output>
          </reporter-output>
        </test-method> <!-- cleanUp -->
        <test-method is-config="true" signature="setUp()[pri:0, instance:com.demoqa.testcases.ElementsPageTest@4278a03f]" started-at="2025-01-28T12:57:17 MST" name="setUp" finished-at="2025-01-28T12:57:25 MST" duration-ms="8028" status="PASS">
          <reporter-output>
          </reporter-output>
        </test-method> <!-- setUp -->
        <test-method signature="clickOnDynamicPropertiesTest()[pri:0, instance:com.demoqa.testcases.ElementsPageTest@4278a03f]" started-at="2025-01-28T12:57:25 MST" name="clickOnDynamicPropertiesTest" finished-at="2025-01-28T12:57:25 MST" duration-ms="62" status="PASS">
          <reporter-output>
          </reporter-output>
        </test-method> <!-- clickOnDynamicPropertiesTest -->
        <test-method is-config="true" signature="cleanUp()[pri:0, instance:com.demoqa.testcases.ElementsPageTest@4278a03f]" started-at="2025-01-28T12:57:25 MST" name="cleanUp" finished-at="2025-01-28T12:57:25 MST" duration-ms="210" status="PASS">
          <reporter-output>
          </reporter-output>
        </test-method> <!-- cleanUp -->
        <test-method is-config="true" signature="setUp()[pri:0, instance:com.demoqa.testcases.ElementsPageTest@4278a03f]" started-at="2025-01-28T12:57:25 MST" name="setUp" finished-at="2025-01-28T12:57:33 MST" duration-ms="7177" status="PASS">
          <reporter-output>
          </reporter-output>
        </test-method> <!-- setUp -->
        <test-method signature="clickOnLinksTest()[pri:0, instance:com.demoqa.testcases.ElementsPageTest@4278a03f]" started-at="2025-01-28T12:57:33 MST" name="clickOnLinksTest" finished-at="2025-01-28T12:57:33 MST" duration-ms="60" status="PASS">
          <reporter-output>
          </reporter-output>
        </test-method> <!-- clickOnLinksTest -->
        <test-method is-config="true" signature="cleanUp()[pri:0, instance:com.demoqa.testcases.ElementsPageTest@4278a03f]" started-at="2025-01-28T12:57:33 MST" name="cleanUp" finished-at="2025-01-28T12:57:33 MST" duration-ms="230" status="PASS">
          <reporter-output>
          </reporter-output>
        </test-method> <!-- cleanUp -->
        <test-method is-config="true" signature="setUp()[pri:0, instance:com.demoqa.testcases.ElementsPageTest@4278a03f]" started-at="2025-01-28T12:57:33 MST" name="setUp" finished-at="2025-01-28T12:57:39 MST" duration-ms="5849" status="PASS">
          <reporter-output>
          </reporter-output>
        </test-method> <!-- setUp -->
        <test-method signature="clickOnRadioButtonTest()[pri:0, instance:com.demoqa.testcases.ElementsPageTest@4278a03f]" started-at="2025-01-28T12:57:39 MST" name="clickOnRadioButtonTest" finished-at="2025-01-28T12:57:39 MST" duration-ms="40" status="PASS">
          <reporter-output>
          </reporter-output>
        </test-method> <!-- clickOnRadioButtonTest -->
        <test-method is-config="true" signature="cleanUp()[pri:0, instance:com.demoqa.testcases.ElementsPageTest@4278a03f]" started-at="2025-01-28T12:57:39 MST" name="cleanUp" finished-at="2025-01-28T12:57:39 MST" duration-ms="193" status="PASS">
          <reporter-output>
          </reporter-output>
        </test-method> <!-- cleanUp -->
        <test-method is-config="true" signature="setUp()[pri:0, instance:com.demoqa.testcases.ElementsPageTest@4278a03f]" started-at="2025-01-28T12:57:39 MST" name="setUp" finished-at="2025-01-28T12:57:49 MST" duration-ms="9725" status="PASS">
          <reporter-output>
          </reporter-output>
        </test-method> <!-- setUp -->
        <test-method signature="clickOnTextBoxTest()[pri:0, instance:com.demoqa.testcases.ElementsPageTest@4278a03f]" started-at="2025-01-28T12:57:49 MST" name="clickOnTextBoxTest" finished-at="2025-01-28T12:57:49 MST" duration-ms="45" status="PASS">
          <reporter-output>
          </reporter-output>
        </test-method> <!-- clickOnTextBoxTest -->
        <test-method is-config="true" signature="cleanUp()[pri:0, instance:com.demoqa.testcases.ElementsPageTest@4278a03f]" started-at="2025-01-28T12:57:49 MST" name="cleanUp" finished-at="2025-01-28T12:57:49 MST" duration-ms="192" status="PASS">
          <reporter-output>
          </reporter-output>
        </test-method> <!-- cleanUp -->
        <test-method is-config="true" signature="setUp()[pri:0, instance:com.demoqa.testcases.ElementsPageTest@4278a03f]" started-at="2025-01-28T12:57:49 MST" name="setUp" finished-at="2025-01-28T12:57:56 MST" duration-ms="7324" status="PASS">
          <reporter-output>
          </reporter-output>
        </test-method> <!-- setUp -->
        <test-method signature="clickOnUploadAndDownloadTest()[pri:0, instance:com.demoqa.testcases.ElementsPageTest@4278a03f]" started-at="2025-01-28T12:57:56 MST" name="clickOnUploadAndDownloadTest" finished-at="2025-01-28T12:57:56 MST" duration-ms="54" status="PASS">
          <reporter-output>
          </reporter-output>
        </test-method> <!-- clickOnUploadAndDownloadTest -->
        <test-method is-config="true" signature="cleanUp()[pri:0, instance:com.demoqa.testcases.ElementsPageTest@4278a03f]" started-at="2025-01-28T12:57:56 MST" name="cleanUp" finished-at="2025-01-28T12:57:56 MST" duration-ms="141" status="PASS">
          <reporter-output>
          </reporter-output>
        </test-method> <!-- cleanUp -->
        <test-method is-config="true" signature="setUp()[pri:0, instance:com.demoqa.testcases.ElementsPageTest@4278a03f]" started-at="2025-01-28T12:57:56 MST" name="setUp" finished-at="2025-01-28T12:58:03 MST" duration-ms="6319" status="PASS">
          <reporter-output>
          </reporter-output>
        </test-method> <!-- setUp -->
        <test-method signature="clickOnWebTablesTest()[pri:0, instance:com.demoqa.testcases.ElementsPageTest@4278a03f]" started-at="2025-01-28T12:58:03 MST" name="clickOnWebTablesTest" finished-at="2025-01-28T12:58:03 MST" duration-ms="47" status="PASS">
          <reporter-output>
          </reporter-output>
        </test-method> <!-- clickOnWebTablesTest -->
        <test-method is-config="true" signature="cleanUp()[pri:0, instance:com.demoqa.testcases.ElementsPageTest@4278a03f]" started-at="2025-01-28T12:58:03 MST" name="cleanUp" finished-at="2025-01-28T12:58:03 MST" duration-ms="165" status="PASS">
          <reporter-output>
          </reporter-output>
        </test-method> <!-- cleanUp -->
        <test-method is-config="true" signature="setUp()[pri:0, instance:com.demoqa.testcases.ElementsPageTest@4278a03f]" started-at="2025-01-28T12:58:03 MST" name="setUp" finished-at="2025-01-28T12:58:22 MST" duration-ms="19358" status="PASS">
          <reporter-output>
          </reporter-output>
        </test-method> <!-- setUp -->
        <test-method signature="verifyElementPageTest()[pri:1, instance:com.demoqa.testcases.ElementsPageTest@4278a03f]" started-at="2025-01-28T12:58:22 MST" name="verifyElementPageTest" finished-at="2025-01-28T12:58:22 MST" duration-ms="16" status="PASS">
          <reporter-output>
          </reporter-output>
        </test-method> <!-- verifyElementPageTest -->
        <test-method is-config="true" signature="cleanUp()[pri:0, instance:com.demoqa.testcases.ElementsPageTest@4278a03f]" started-at="2025-01-28T12:58:22 MST" name="cleanUp" finished-at="2025-01-28T12:58:23 MST" duration-ms="258" status="PASS">
          <reporter-output>
          </reporter-output>
        </test-method> <!-- cleanUp -->
      </class> <!-- com.demoqa.testcases.ElementsPageTest -->
      <class name="com.demoqa.testcases.TextBoxTest">
        <test-method is-config="true" signature="listnerSetup()[pri:0, instance:com.demoqa.testcases.TextBoxTest@7219ec67]" started-at="2025-01-28T12:55:30 MST" name="listnerSetup" finished-at="2025-01-28T12:55:30 MST" duration-ms="129" status="PASS">
          <reporter-output>
          </reporter-output>
        </test-method> <!-- listnerSetup -->
        <test-method is-config="true" signature="setup()[pri:0, instance:com.demoqa.testcases.TextBoxTest@7219ec67]" started-at="2025-01-28T12:55:30 MST" name="setup" finished-at="2025-01-28T12:55:46 MST" duration-ms="15844" status="PASS">
          <reporter-output>
          </reporter-output>
        </test-method> <!-- setup -->
        <test-method signature="validateTextBoxFeatureTest()[pri:0, instance:com.demoqa.testcases.TextBoxTest@7219ec67]" started-at="2025-01-28T12:55:46 MST" name="validateTextBoxFeatureTest" finished-at="2025-01-28T12:55:46 MST" duration-ms="34" status="PASS">
          <reporter-output>
          </reporter-output>
        </test-method> <!-- validateTextBoxFeatureTest -->
        <test-method is-config="true" signature="cleanUp()[pri:0, instance:com.demoqa.testcases.TextBoxTest@7219ec67]" started-at="2025-01-28T12:55:46 MST" name="cleanUp" finished-at="2025-01-28T12:55:47 MST" duration-ms="335" status="PASS">
          <reporter-output>
          </reporter-output>
        </test-method> <!-- cleanUp -->
        <test-method is-config="true" signature="setup()[pri:0, instance:com.demoqa.testcases.TextBoxTest@7219ec67]" started-at="2025-01-28T12:55:47 MST" name="setup" finished-at="2025-01-28T12:55:53 MST" duration-ms="5760" status="PASS">
          <reporter-output>
          </reporter-output>
        </test-method> <!-- setup -->
        <test-method signature="validateTextBoxFieldsWithInvalidData(java.lang.String,java.lang.String,java.lang.String,java.lang.String)[pri:0, instance:com.demoqa.testcases.TextBoxTest@7219ec67]" started-at="2025-01-28T12:55:53 MST" name="validateTextBoxFieldsWithInvalidData" data-provider="getInvalidTextBoxFieldsData" finished-at="2025-01-28T12:55:55 MST" duration-ms="2465" status="FAIL">
          <params>
            <param index="0">
              <value>
                <![CDATA[XXX]]>
              </value>
            </param>
            <param index="1">
              <value>
                <![CDATA[XXXXXXXX]]>
              </value>
            </param>
            <param index="2">
              <value>
                <![CDATA[Null]]>
              </value>
            </param>
            <param index="3">
              <value>
                <![CDATA[Null]]>
              </value>
            </param>
          </params>
          <exception class="org.openqa.selenium.ElementClickInterceptedException">
            <message>
              <![CDATA[element click intercepted: Element <button id="submit" type="button" class="btn btn-primary">...</button> is not clickable at point (1041, 668). Other element would receive the click: <iframe id="google_ads_iframe_/21849154601,22343295815/Ad.Plus-300x250_0" name="google_ads_iframe_/21849154601,22343295815/Ad.Plus-300x250_0" title="3rd party ad content" width="1005" height="124" scrolling="no" marginwidth="0" marginheight="0" frameborder="0" aria-label="Advertisement" tabindex="0" allow="private-state-token-redemption;attribution-reporting" data-load-complete="true" data-google-container-id="2" style="border: 0px; vertical-align: bottom; max-height: 30vh !important; overflow: hidden !important; display: block; margin: 0px auto;"></iframe>
  (Session info: chrome=132.0.6834.111)
Build info: version: '4.8.3', revision: 'e5e76298c3'
System info: os.name: 'Mac OS X', os.arch: 'aarch64', os.version: '14.7.1', java.version: '23.0.2'
Driver info: org.openqa.selenium.chrome.ChromeDriver
Command: [56f056b43414a2bea8719e78b8e68173, clickElement {id=f.96CBB8208AF28894F0AD4DEFF0D7AC5B.d.D3256FE93B21B3B9D5069FC8AD097822.e.72}]
Capabilities {acceptInsecureCerts: false, browserName: chrome, browserVersion: 132.0.6834.111, chrome: {chromedriverVersion: 132.0.6834.110 (df453a35f09..., userDataDir: /var/folders/sy/w4kkw0kx79l...}, fedcm:accounts: true, goog:chromeOptions: {debuggerAddress: localhost:61404}, networkConnectionEnabled: false, pageLoadStrategy: normal, platformName: MAC, proxy: Proxy(), se:cdp: ws://localhost:61404/devtoo..., se:cdpVersion: 132.0.6834.111, setWindowRect: true, strictFileInteractability: false, timeouts: {implicit: 0, pageLoad: 300000, script: 30000}, unhandledPromptBehavior: dismiss and notify, webauthn:extension:credBlob: true, webauthn:extension:largeBlob: true, webauthn:extension:minPinLength: true, webauthn:extension:prf: true, webauthn:virtualAuthenticators: true}
Element: [[ChromeDriver: chrome on MAC (56f056b43414a2bea8719e78b8e68173)] -> xpath: //button[@id='submit']]
Session ID: 56f056b43414a2bea8719e78b8e68173]]>
            </message>
            <full-stacktrace>
              <![CDATA[org.openqa.selenium.ElementClickInterceptedException: element click intercepted: Element <button id="submit" type="button" class="btn btn-primary">...</button> is not clickable at point (1041, 668). Other element would receive the click: <iframe id="google_ads_iframe_/21849154601,22343295815/Ad.Plus-300x250_0" name="google_ads_iframe_/21849154601,22343295815/Ad.Plus-300x250_0" title="3rd party ad content" width="1005" height="124" scrolling="no" marginwidth="0" marginheight="0" frameborder="0" aria-label="Advertisement" tabindex="0" allow="private-state-token-redemption;attribution-reporting" data-load-complete="true" data-google-container-id="2" style="border: 0px; vertical-align: bottom; max-height: 30vh !important; overflow: hidden !important; display: block; margin: 0px auto;"></iframe>
  (Session info: chrome=132.0.6834.111)
Build info: version: '4.8.3', revision: 'e5e76298c3'
System info: os.name: 'Mac OS X', os.arch: 'aarch64', os.version: '14.7.1', java.version: '23.0.2'
Driver info: org.openqa.selenium.chrome.ChromeDriver
Command: [56f056b43414a2bea8719e78b8e68173, clickElement {id=f.96CBB8208AF28894F0AD4DEFF0D7AC5B.d.D3256FE93B21B3B9D5069FC8AD097822.e.72}]
Capabilities {acceptInsecureCerts: false, browserName: chrome, browserVersion: 132.0.6834.111, chrome: {chromedriverVersion: 132.0.6834.110 (df453a35f09..., userDataDir: /var/folders/sy/w4kkw0kx79l...}, fedcm:accounts: true, goog:chromeOptions: {debuggerAddress: localhost:61404}, networkConnectionEnabled: false, pageLoadStrategy: normal, platformName: MAC, proxy: Proxy(), se:cdp: ws://localhost:61404/devtoo..., se:cdpVersion: 132.0.6834.111, setWindowRect: true, strictFileInteractability: false, timeouts: {implicit: 0, pageLoad: 300000, script: 30000}, unhandledPromptBehavior: dismiss and notify, webauthn:extension:credBlob: true, webauthn:extension:largeBlob: true, webauthn:extension:minPinLength: true, webauthn:extension:prf: true, webauthn:virtualAuthenticators: true}
Element: [[ChromeDriver: chrome on MAC (56f056b43414a2bea8719e78b8e68173)] -> xpath: //button[@id='submit']]
Session ID: 56f056b43414a2bea8719e78b8e68173
at java.base/jdk.internal.reflect.DirectConstructorHandleAccessor.newInstance(DirectConstructorHandleAccessor.java:62)
at java.base/java.lang.reflect.Constructor.newInstanceWithCaller(Constructor.java:501)
at java.base/java.lang.reflect.Constructor.newInstance(Constructor.java:485)
at org.openqa.selenium.remote.codec.w3c.W3CHttpResponseCodec.createException(W3CHttpResponseCodec.java:200)
at org.openqa.selenium.remote.codec.w3c.W3CHttpResponseCodec.decode(W3CHttpResponseCodec.java:133)
at org.openqa.selenium.remote.codec.w3c.W3CHttpResponseCodec.decode(W3CHttpResponseCodec.java:53)
at org.openqa.selenium.remote.HttpCommandExecutor.execute(HttpCommandExecutor.java:193)
at org.openqa.selenium.remote.service.DriverCommandExecutor.invokeExecute(DriverCommandExecutor.java:183)
at org.openqa.selenium.remote.service.DriverCommandExecutor.execute(DriverCommandExecutor.java:158)
at org.openqa.selenium.remote.RemoteWebDriver.execute(RemoteWebDriver.java:543)
at org.openqa.selenium.remote.RemoteWebElement.execute(RemoteWebElement.java:257)
at org.openqa.selenium.remote.RemoteWebElement.click(RemoteWebElement.java:78)
at java.base/jdk.internal.reflect.DirectMethodHandleAccessor.invoke(DirectMethodHandleAccessor.java:103)
at java.base/java.lang.reflect.Method.invoke(Method.java:580)
at org.openqa.selenium.support.decorators.WebDriverDecorator.call(WebDriverDecorator.java:247)
at org.openqa.selenium.support.decorators.DefaultDecorated.call(DefaultDecorated.java:48)
at org.openqa.selenium.support.decorators.WebDriverDecorator.lambda$createProxy$2(WebDriverDecorator.java:314)
at net.bytebuddy.renamed.java.lang.Object$ByteBuddy$yp1bOaUV.click(Unknown Source)
at java.base/jdk.internal.reflect.DirectMethodHandleAccessor.invoke(DirectMethodHandleAccessor.java:103)
at java.base/java.lang.reflect.Method.invoke(Method.java:580)
at org.openqa.selenium.support.pagefactory.internal.LocatingElementHandler.invoke(LocatingElementHandler.java:52)
at jdk.proxy2/jdk.proxy2.$Proxy40.click(Unknown Source)
at com.demoqa.pages.elements.TextBox.enteringText(TextBox.java:53)
at com.demoqa.testcases.TextBoxTest.validateTextBoxFieldsWithInvalidData(TextBoxTest.java:68)
at java.base/jdk.internal.reflect.DirectMethodHandleAccessor.invoke(DirectMethodHandleAccessor.java:103)
at java.base/java.lang.reflect.Method.invoke(Method.java:580)
at org.testng.internal.MethodInvocationHelper.invokeMethod(MethodInvocationHelper.java:133)
at org.testng.internal.TestInvoker.invokeMethod(TestInvoker.java:598)
at org.testng.internal.TestInvoker.invokeTestMethod(TestInvoker.java:173)
at org.testng.internal.MethodRunner.runInSequence(MethodRunner.java:46)
at org.testng.internal.TestInvoker$MethodInvocationAgent.invoke(TestInvoker.java:824)
at org.testng.internal.TestInvoker.invokeTestMethods(TestInvoker.java:146)
at org.testng.internal.TestMethodWorker.invokeTestMethods(TestMethodWorker.java:146)
at org.testng.internal.TestMethodWorker.run(TestMethodWorker.java:128)
at java.base/java.util.ArrayList.forEach(ArrayList.java:1597)
at org.testng.TestRunner.privateRun(TestRunner.java:794)
at org.testng.TestRunner.run(TestRunner.java:596)
at org.testng.SuiteRunner.runTest(SuiteRunner.java:377)
at org.testng.SuiteRunner.runSequentially(SuiteRunner.java:371)
at org.testng.SuiteRunner.privateRun(SuiteRunner.java:332)
at org.testng.SuiteRunner.run(SuiteRunner.java:276)
at org.testng.SuiteRunnerWorker.runSuite(SuiteRunnerWorker.java:53)
at org.testng.SuiteRunnerWorker.run(SuiteRunnerWorker.java:96)
at org.testng.TestNG.runSuitesSequentially(TestNG.java:1212)
at org.testng.TestNG.runSuitesLocally(TestNG.java:1134)
at org.testng.TestNG.runSuites(TestNG.java:1063)
at org.testng.TestNG.run(TestNG.java:1031)
at org.apache.maven.surefire.testng.TestNGExecutor.run(TestNGExecutor.java:155)
at org.apache.maven.surefire.testng.TestNGDirectoryTestSuite.executeMulti(TestNGDirectoryTestSuite.java:169)
at org.apache.maven.surefire.testng.TestNGDirectoryTestSuite.execute(TestNGDirectoryTestSuite.java:88)
at org.apache.maven.surefire.testng.TestNGProvider.invoke(TestNGProvider.java:137)
at org.apache.maven.surefire.booter.ForkedBooter.runSuitesInProcess(ForkedBooter.java:385)
at org.apache.maven.surefire.booter.ForkedBooter.execute(ForkedBooter.java:162)
at org.apache.maven.surefire.booter.ForkedBooter.run(ForkedBooter.java:507)
at org.apache.maven.surefire.booter.ForkedBooter.main(ForkedBooter.java:495)
]]>
            </full-stacktrace>
          </exception> <!-- org.openqa.selenium.ElementClickInterceptedException -->
          <reporter-output>
          </reporter-output>
        </test-method> <!-- validateTextBoxFieldsWithInvalidData -->
        <test-method is-config="true" signature="cleanUp()[pri:0, instance:com.demoqa.testcases.TextBoxTest@7219ec67]" started-at="2025-01-28T12:55:55 MST" name="cleanUp" finished-at="2025-01-28T12:55:55 MST" duration-ms="239" status="PASS">
          <reporter-output>
          </reporter-output>
        </test-method> <!-- cleanUp -->
        <test-method is-config="true" signature="setup()[pri:0, instance:com.demoqa.testcases.TextBoxTest@7219ec67]" started-at="2025-01-28T12:55:55 MST" name="setup" finished-at="2025-01-28T12:56:15 MST" duration-ms="19888" status="PASS">
          <reporter-output>
          </reporter-output>
        </test-method> <!-- setup -->
        <test-method signature="validateTextBoxFieldsWithValidData(java.lang.String,java.lang.String,java.lang.String,java.lang.String)[pri:0, instance:com.demoqa.testcases.TextBoxTest@7219ec67]" started-at="2025-01-28T12:56:15 MST" name="validateTextBoxFieldsWithValidData" data-provider="getValidTextBoxFieldsData" finished-at="2025-01-28T12:56:17 MST" duration-ms="1637" status="FAIL">
          <params>
            <param index="0">
              <value>
                <![CDATA[Name]]>
              </value>
            </param>
            <param index="1">
              <value>
                <![CDATA[xxx@gamil.com]]>
              </value>
            </param>
            <param index="2">
              <value>
                <![CDATA[123 xxx Street, USA]]>
              </value>
            </param>
            <param index="3">
              <value>
                <![CDATA[123 xxx Street, USA]]>
              </value>
            </param>
          </params>
          <exception class="org.openqa.selenium.ElementClickInterceptedException">
            <message>
              <![CDATA[element click intercepted: Element <button id="submit" type="button" class="btn btn-primary">...</button> is not clickable at point (1041, 613). Other element would receive the click: <iframe frameborder="0" src="https://8aa798d069dc0749b9e77fc911964730.safeframe.googlesyndication.com/safeframe/1-0-40/html/container.html" id="google_ads_iframe_/21849154601,22343295815/Ad.Plus-300x250_0" title="3rd party ad content" name="" scrolling="no" marginwidth="0" marginheight="0" width="1005" height="90" data-is-safeframe="true" sandbox="allow-forms allow-popups allow-popups-to-escape-sandbox allow-same-origin allow-scripts allow-top-navigation-by-user-activation" allow="private-state-token-redemption;attribution-reporting" aria-label="Advertisement" tabindex="0" data-google-container-id="2" style="border: 0px; vertical-align: bottom; max-height: 30vh !important; overflow: hidden !important; display: block; margin: 0px auto;" data-load-complete="true"></iframe>
  (Session info: chrome=132.0.6834.111)
Build info: version: '4.8.3', revision: 'e5e76298c3'
System info: os.name: 'Mac OS X', os.arch: 'aarch64', os.version: '14.7.1', java.version: '23.0.2'
Driver info: org.openqa.selenium.chrome.ChromeDriver
Command: [0661ab05b83ed033051753c3c72de827, clickElement {id=f.C54AF3B97F0330C9BDC36076357EE7CA.d.D03222502BA97CF148615F0FF291EE7D.e.44}]
Capabilities {acceptInsecureCerts: false, browserName: chrome, browserVersion: 132.0.6834.111, chrome: {chromedriverVersion: 132.0.6834.110 (df453a35f09..., userDataDir: /var/folders/sy/w4kkw0kx79l...}, fedcm:accounts: true, goog:chromeOptions: {debuggerAddress: localhost:61423}, networkConnectionEnabled: false, pageLoadStrategy: normal, platformName: MAC, proxy: Proxy(), se:cdp: ws://localhost:61423/devtoo..., se:cdpVersion: 132.0.6834.111, setWindowRect: true, strictFileInteractability: false, timeouts: {implicit: 0, pageLoad: 300000, script: 30000}, unhandledPromptBehavior: dismiss and notify, webauthn:extension:credBlob: true, webauthn:extension:largeBlob: true, webauthn:extension:minPinLength: true, webauthn:extension:prf: true, webauthn:virtualAuthenticators: true}
Element: [[ChromeDriver: chrome on MAC (0661ab05b83ed033051753c3c72de827)] -> xpath: //button[@id='submit']]
Session ID: 0661ab05b83ed033051753c3c72de827]]>
            </message>
            <full-stacktrace>
              <![CDATA[org.openqa.selenium.ElementClickInterceptedException: element click intercepted: Element <button id="submit" type="button" class="btn btn-primary">...</button> is not clickable at point (1041, 613). Other element would receive the click: <iframe frameborder="0" src="https://8aa798d069dc0749b9e77fc911964730.safeframe.googlesyndication.com/safeframe/1-0-40/html/container.html" id="google_ads_iframe_/21849154601,22343295815/Ad.Plus-300x250_0" title="3rd party ad content" name="" scrolling="no" marginwidth="0" marginheight="0" width="1005" height="90" data-is-safeframe="true" sandbox="allow-forms allow-popups allow-popups-to-escape-sandbox allow-same-origin allow-scripts allow-top-navigation-by-user-activation" allow="private-state-token-redemption;attribution-reporting" aria-label="Advertisement" tabindex="0" data-google-container-id="2" style="border: 0px; vertical-align: bottom; max-height: 30vh !important; overflow: hidden !important; display: block; margin: 0px auto;" data-load-complete="true"></iframe>
  (Session info: chrome=132.0.6834.111)
Build info: version: '4.8.3', revision: 'e5e76298c3'
System info: os.name: 'Mac OS X', os.arch: 'aarch64', os.version: '14.7.1', java.version: '23.0.2'
Driver info: org.openqa.selenium.chrome.ChromeDriver
Command: [0661ab05b83ed033051753c3c72de827, clickElement {id=f.C54AF3B97F0330C9BDC36076357EE7CA.d.D03222502BA97CF148615F0FF291EE7D.e.44}]
Capabilities {acceptInsecureCerts: false, browserName: chrome, browserVersion: 132.0.6834.111, chrome: {chromedriverVersion: 132.0.6834.110 (df453a35f09..., userDataDir: /var/folders/sy/w4kkw0kx79l...}, fedcm:accounts: true, goog:chromeOptions: {debuggerAddress: localhost:61423}, networkConnectionEnabled: false, pageLoadStrategy: normal, platformName: MAC, proxy: Proxy(), se:cdp: ws://localhost:61423/devtoo..., se:cdpVersion: 132.0.6834.111, setWindowRect: true, strictFileInteractability: false, timeouts: {implicit: 0, pageLoad: 300000, script: 30000}, unhandledPromptBehavior: dismiss and notify, webauthn:extension:credBlob: true, webauthn:extension:largeBlob: true, webauthn:extension:minPinLength: true, webauthn:extension:prf: true, webauthn:virtualAuthenticators: true}
Element: [[ChromeDriver: chrome on MAC (0661ab05b83ed033051753c3c72de827)] -> xpath: //button[@id='submit']]
Session ID: 0661ab05b83ed033051753c3c72de827
at java.base/jdk.internal.reflect.DirectConstructorHandleAccessor.newInstance(DirectConstructorHandleAccessor.java:62)
at java.base/java.lang.reflect.Constructor.newInstanceWithCaller(Constructor.java:501)
at java.base/java.lang.reflect.Constructor.newInstance(Constructor.java:485)
at org.openqa.selenium.remote.codec.w3c.W3CHttpResponseCodec.createException(W3CHttpResponseCodec.java:200)
at org.openqa.selenium.remote.codec.w3c.W3CHttpResponseCodec.decode(W3CHttpResponseCodec.java:133)
at org.openqa.selenium.remote.codec.w3c.W3CHttpResponseCodec.decode(W3CHttpResponseCodec.java:53)
at org.openqa.selenium.remote.HttpCommandExecutor.execute(HttpCommandExecutor.java:193)
at org.openqa.selenium.remote.service.DriverCommandExecutor.invokeExecute(DriverCommandExecutor.java:183)
at org.openqa.selenium.remote.service.DriverCommandExecutor.execute(DriverCommandExecutor.java:158)
at org.openqa.selenium.remote.RemoteWebDriver.execute(RemoteWebDriver.java:543)
at org.openqa.selenium.remote.RemoteWebElement.execute(RemoteWebElement.java:257)
at org.openqa.selenium.remote.RemoteWebElement.click(RemoteWebElement.java:78)
at java.base/jdk.internal.reflect.DirectMethodHandleAccessor.invoke(DirectMethodHandleAccessor.java:103)
at java.base/java.lang.reflect.Method.invoke(Method.java:580)
at org.openqa.selenium.support.decorators.WebDriverDecorator.call(WebDriverDecorator.java:247)
at org.openqa.selenium.support.decorators.DefaultDecorated.call(DefaultDecorated.java:48)
at org.openqa.selenium.support.decorators.WebDriverDecorator.lambda$createProxy$2(WebDriverDecorator.java:314)
at net.bytebuddy.renamed.java.lang.Object$ByteBuddy$2Qi4FQg2.click(Unknown Source)
at java.base/jdk.internal.reflect.DirectMethodHandleAccessor.invoke(DirectMethodHandleAccessor.java:103)
at java.base/java.lang.reflect.Method.invoke(Method.java:580)
at org.openqa.selenium.support.pagefactory.internal.LocatingElementHandler.invoke(LocatingElementHandler.java:52)
at jdk.proxy2/jdk.proxy2.$Proxy40.click(Unknown Source)
at com.demoqa.pages.elements.TextBox.enteringText(TextBox.java:53)
at com.demoqa.testcases.TextBoxTest.validateTextBoxFieldsWithValidData(TextBoxTest.java:62)
at java.base/jdk.internal.reflect.DirectMethodHandleAccessor.invoke(DirectMethodHandleAccessor.java:103)
at java.base/java.lang.reflect.Method.invoke(Method.java:580)
at org.testng.internal.MethodInvocationHelper.invokeMethod(MethodInvocationHelper.java:133)
at org.testng.internal.TestInvoker.invokeMethod(TestInvoker.java:598)
at org.testng.internal.TestInvoker.invokeTestMethod(TestInvoker.java:173)
at org.testng.internal.MethodRunner.runInSequence(MethodRunner.java:46)
at org.testng.internal.TestInvoker$MethodInvocationAgent.invoke(TestInvoker.java:824)
at org.testng.internal.TestInvoker.invokeTestMethods(TestInvoker.java:146)
at org.testng.internal.TestMethodWorker.invokeTestMethods(TestMethodWorker.java:146)
at org.testng.internal.TestMethodWorker.run(TestMethodWorker.java:128)
at java.base/java.util.ArrayList.forEach(ArrayList.java:1597)
at org.testng.TestRunner.privateRun(TestRunner.java:794)
at org.testng.TestRunner.run(TestRunner.java:596)
at org.testng.SuiteRunner.runTest(SuiteRunner.java:377)
at org.testng.SuiteRunner.runSequentially(SuiteRunner.java:371)
at org.testng.SuiteRunner.privateRun(SuiteRunner.java:332)
at org.testng.SuiteRunner.run(SuiteRunner.java:276)
at org.testng.SuiteRunnerWorker.runSuite(SuiteRunnerWorker.java:53)
at org.testng.SuiteRunnerWorker.run(SuiteRunnerWorker.java:96)
at org.testng.TestNG.runSuitesSequentially(TestNG.java:1212)
at org.testng.TestNG.runSuitesLocally(TestNG.java:1134)
at org.testng.TestNG.runSuites(TestNG.java:1063)
at org.testng.TestNG.run(TestNG.java:1031)
at org.apache.maven.surefire.testng.TestNGExecutor.run(TestNGExecutor.java:155)
at org.apache.maven.surefire.testng.TestNGDirectoryTestSuite.executeMulti(TestNGDirectoryTestSuite.java:169)
at org.apache.maven.surefire.testng.TestNGDirectoryTestSuite.execute(TestNGDirectoryTestSuite.java:88)
at org.apache.maven.surefire.testng.TestNGProvider.invoke(TestNGProvider.java:137)
at org.apache.maven.surefire.booter.ForkedBooter.runSuitesInProcess(ForkedBooter.java:385)
at org.apache.maven.surefire.booter.ForkedBooter.execute(ForkedBooter.java:162)
at org.apache.maven.surefire.booter.ForkedBooter.run(ForkedBooter.java:507)
at org.apache.maven.surefire.booter.ForkedBooter.main(ForkedBooter.java:495)
]]>
            </full-stacktrace>
          </exception> <!-- org.openqa.selenium.ElementClickInterceptedException -->
          <reporter-output>
          </reporter-output>
        </test-method> <!-- validateTextBoxFieldsWithValidData -->
        <test-method is-config="true" signature="cleanUp()[pri:0, instance:com.demoqa.testcases.TextBoxTest@7219ec67]" started-at="2025-01-28T12:56:17 MST" name="cleanUp" finished-at="2025-01-28T12:56:17 MST" duration-ms="217" status="PASS">
          <reporter-output>
          </reporter-output>
        </test-method> <!-- cleanUp -->
        <test-method is-config="true" signature="setup()[pri:0, instance:com.demoqa.testcases.TextBoxTest@7219ec67]" started-at="2025-01-28T12:56:17 MST" name="setup" finished-at="2025-01-28T12:56:22 MST" duration-ms="5317" status="PASS">
          <reporter-output>
          </reporter-output>
        </test-method> <!-- setup -->
        <test-method signature="validateTextBoxFieldsWithValidData(java.lang.String,java.lang.String,java.lang.String,java.lang.String)[pri:0, instance:com.demoqa.testcases.TextBoxTest@7219ec67]" started-at="2025-01-28T12:56:22 MST" name="validateTextBoxFieldsWithValidData" data-provider="getValidTextBoxFieldsData" finished-at="2025-01-28T12:56:24 MST" duration-ms="1823" status="FAIL">
          <params>
            <param index="0">
              <value>
                <![CDATA[XXX]]>
              </value>
            </param>
            <param index="1">
              <value>
                <![CDATA[YYYY@Yahoo.com]]>
              </value>
            </param>
            <param index="2">
              <value>
                <![CDATA[India]]>
              </value>
            </param>
            <param index="3">
              <value>
                <![CDATA[India]]>
              </value>
            </param>
          </params>
          <exception class="org.openqa.selenium.ElementClickInterceptedException">
            <message>
              <![CDATA[element click intercepted: Element <button id="submit" type="button" class="btn btn-primary">...</button> is not clickable at point (1041, 666). Other element would receive the click: <iframe id="google_ads_iframe_/21849154601,22343295815/Ad.Plus-300x250_0" name="google_ads_iframe_/21849154601,22343295815/Ad.Plus-300x250_0" title="3rd party ad content" width="1005" height="124" scrolling="no" marginwidth="0" marginheight="0" frameborder="0" aria-label="Advertisement" tabindex="0" allow="private-state-token-redemption;attribution-reporting" data-load-complete="true" data-google-container-id="2" style="border: 0px; vertical-align: bottom; max-height: 30vh !important; overflow: hidden !important; display: block; margin: 0px auto;"></iframe>
  (Session info: chrome=132.0.6834.111)
Build info: version: '4.8.3', revision: 'e5e76298c3'
System info: os.name: 'Mac OS X', os.arch: 'aarch64', os.version: '14.7.1', java.version: '23.0.2'
Driver info: org.openqa.selenium.chrome.ChromeDriver
Command: [f87af4471b92689b459d06b232719a53, clickElement {id=f.3C2604A4E5227EE274AE7F8F7F831408.d.661513475CF5618C1B31C0FBBF84F703.e.75}]
Capabilities {acceptInsecureCerts: false, browserName: chrome, browserVersion: 132.0.6834.111, chrome: {chromedriverVersion: 132.0.6834.110 (df453a35f09..., userDataDir: /var/folders/sy/w4kkw0kx79l...}, fedcm:accounts: true, goog:chromeOptions: {debuggerAddress: localhost:61442}, networkConnectionEnabled: false, pageLoadStrategy: normal, platformName: MAC, proxy: Proxy(), se:cdp: ws://localhost:61442/devtoo..., se:cdpVersion: 132.0.6834.111, setWindowRect: true, strictFileInteractability: false, timeouts: {implicit: 0, pageLoad: 300000, script: 30000}, unhandledPromptBehavior: dismiss and notify, webauthn:extension:credBlob: true, webauthn:extension:largeBlob: true, webauthn:extension:minPinLength: true, webauthn:extension:prf: true, webauthn:virtualAuthenticators: true}
Element: [[ChromeDriver: chrome on MAC (f87af4471b92689b459d06b232719a53)] -> xpath: //button[@id='submit']]
Session ID: f87af4471b92689b459d06b232719a53]]>
            </message>
            <full-stacktrace>
              <![CDATA[org.openqa.selenium.ElementClickInterceptedException: element click intercepted: Element <button id="submit" type="button" class="btn btn-primary">...</button> is not clickable at point (1041, 666). Other element would receive the click: <iframe id="google_ads_iframe_/21849154601,22343295815/Ad.Plus-300x250_0" name="google_ads_iframe_/21849154601,22343295815/Ad.Plus-300x250_0" title="3rd party ad content" width="1005" height="124" scrolling="no" marginwidth="0" marginheight="0" frameborder="0" aria-label="Advertisement" tabindex="0" allow="private-state-token-redemption;attribution-reporting" data-load-complete="true" data-google-container-id="2" style="border: 0px; vertical-align: bottom; max-height: 30vh !important; overflow: hidden !important; display: block; margin: 0px auto;"></iframe>
  (Session info: chrome=132.0.6834.111)
Build info: version: '4.8.3', revision: 'e5e76298c3'
System info: os.name: 'Mac OS X', os.arch: 'aarch64', os.version: '14.7.1', java.version: '23.0.2'
Driver info: org.openqa.selenium.chrome.ChromeDriver
Command: [f87af4471b92689b459d06b232719a53, clickElement {id=f.3C2604A4E5227EE274AE7F8F7F831408.d.661513475CF5618C1B31C0FBBF84F703.e.75}]
Capabilities {acceptInsecureCerts: false, browserName: chrome, browserVersion: 132.0.6834.111, chrome: {chromedriverVersion: 132.0.6834.110 (df453a35f09..., userDataDir: /var/folders/sy/w4kkw0kx79l...}, fedcm:accounts: true, goog:chromeOptions: {debuggerAddress: localhost:61442}, networkConnectionEnabled: false, pageLoadStrategy: normal, platformName: MAC, proxy: Proxy(), se:cdp: ws://localhost:61442/devtoo..., se:cdpVersion: 132.0.6834.111, setWindowRect: true, strictFileInteractability: false, timeouts: {implicit: 0, pageLoad: 300000, script: 30000}, unhandledPromptBehavior: dismiss and notify, webauthn:extension:credBlob: true, webauthn:extension:largeBlob: true, webauthn:extension:minPinLength: true, webauthn:extension:prf: true, webauthn:virtualAuthenticators: true}
Element: [[ChromeDriver: chrome on MAC (f87af4471b92689b459d06b232719a53)] -> xpath: //button[@id='submit']]
Session ID: f87af4471b92689b459d06b232719a53
at java.base/jdk.internal.reflect.DirectConstructorHandleAccessor.newInstance(DirectConstructorHandleAccessor.java:62)
at java.base/java.lang.reflect.Constructor.newInstanceWithCaller(Constructor.java:501)
at java.base/java.lang.reflect.Constructor.newInstance(Constructor.java:485)
at org.openqa.selenium.remote.codec.w3c.W3CHttpResponseCodec.createException(W3CHttpResponseCodec.java:200)
at org.openqa.selenium.remote.codec.w3c.W3CHttpResponseCodec.decode(W3CHttpResponseCodec.java:133)
at org.openqa.selenium.remote.codec.w3c.W3CHttpResponseCodec.decode(W3CHttpResponseCodec.java:53)
at org.openqa.selenium.remote.HttpCommandExecutor.execute(HttpCommandExecutor.java:193)
at org.openqa.selenium.remote.service.DriverCommandExecutor.invokeExecute(DriverCommandExecutor.java:183)
at org.openqa.selenium.remote.service.DriverCommandExecutor.execute(DriverCommandExecutor.java:158)
at org.openqa.selenium.remote.RemoteWebDriver.execute(RemoteWebDriver.java:543)
at org.openqa.selenium.remote.RemoteWebElement.execute(RemoteWebElement.java:257)
at org.openqa.selenium.remote.RemoteWebElement.click(RemoteWebElement.java:78)
at java.base/jdk.internal.reflect.DirectMethodHandleAccessor.invoke(DirectMethodHandleAccessor.java:103)
at java.base/java.lang.reflect.Method.invoke(Method.java:580)
at org.openqa.selenium.support.decorators.WebDriverDecorator.call(WebDriverDecorator.java:247)
at org.openqa.selenium.support.decorators.DefaultDecorated.call(DefaultDecorated.java:48)
at org.openqa.selenium.support.decorators.WebDriverDecorator.lambda$createProxy$2(WebDriverDecorator.java:314)
at net.bytebuddy.renamed.java.lang.Object$ByteBuddy$KpIQCm6C.click(Unknown Source)
at java.base/jdk.internal.reflect.DirectMethodHandleAccessor.invoke(DirectMethodHandleAccessor.java:103)
at java.base/java.lang.reflect.Method.invoke(Method.java:580)
at org.openqa.selenium.support.pagefactory.internal.LocatingElementHandler.invoke(LocatingElementHandler.java:52)
at jdk.proxy2/jdk.proxy2.$Proxy40.click(Unknown Source)
at com.demoqa.pages.elements.TextBox.enteringText(TextBox.java:53)
at com.demoqa.testcases.TextBoxTest.validateTextBoxFieldsWithValidData(TextBoxTest.java:62)
at java.base/jdk.internal.reflect.DirectMethodHandleAccessor.invoke(DirectMethodHandleAccessor.java:103)
at java.base/java.lang.reflect.Method.invoke(Method.java:580)
at org.testng.internal.MethodInvocationHelper.invokeMethod(MethodInvocationHelper.java:133)
at org.testng.internal.TestInvoker.invokeMethod(TestInvoker.java:598)
at org.testng.internal.TestInvoker.invokeTestMethod(TestInvoker.java:173)
at org.testng.internal.MethodRunner.runInSequence(MethodRunner.java:46)
at org.testng.internal.TestInvoker$MethodInvocationAgent.invoke(TestInvoker.java:824)
at org.testng.internal.TestInvoker.invokeTestMethods(TestInvoker.java:146)
at org.testng.internal.TestMethodWorker.invokeTestMethods(TestMethodWorker.java:146)
at org.testng.internal.TestMethodWorker.run(TestMethodWorker.java:128)
at java.base/java.util.ArrayList.forEach(ArrayList.java:1597)
at org.testng.TestRunner.privateRun(TestRunner.java:794)
at org.testng.TestRunner.run(TestRunner.java:596)
at org.testng.SuiteRunner.runTest(SuiteRunner.java:377)
at org.testng.SuiteRunner.runSequentially(SuiteRunner.java:371)
at org.testng.SuiteRunner.privateRun(SuiteRunner.java:332)
at org.testng.SuiteRunner.run(SuiteRunner.java:276)
at org.testng.SuiteRunnerWorker.runSuite(SuiteRunnerWorker.java:53)
at org.testng.SuiteRunnerWorker.run(SuiteRunnerWorker.java:96)
at org.testng.TestNG.runSuitesSequentially(TestNG.java:1212)
at org.testng.TestNG.runSuitesLocally(TestNG.java:1134)
at org.testng.TestNG.runSuites(TestNG.java:1063)
at org.testng.TestNG.run(TestNG.java:1031)
at org.apache.maven.surefire.testng.TestNGExecutor.run(TestNGExecutor.java:155)
at org.apache.maven.surefire.testng.TestNGDirectoryTestSuite.executeMulti(TestNGDirectoryTestSuite.java:169)
at org.apache.maven.surefire.testng.TestNGDirectoryTestSuite.execute(TestNGDirectoryTestSuite.java:88)
at org.apache.maven.surefire.testng.TestNGProvider.invoke(TestNGProvider.java:137)
at org.apache.maven.surefire.booter.ForkedBooter.runSuitesInProcess(ForkedBooter.java:385)
at org.apache.maven.surefire.booter.ForkedBooter.execute(ForkedBooter.java:162)
at org.apache.maven.surefire.booter.ForkedBooter.run(ForkedBooter.java:507)
at org.apache.maven.surefire.booter.ForkedBooter.main(ForkedBooter.java:495)
]]>
            </full-stacktrace>
          </exception> <!-- org.openqa.selenium.ElementClickInterceptedException -->
          <reporter-output>
          </reporter-output>
        </test-method> <!-- validateTextBoxFieldsWithValidData -->
        <test-method is-config="true" signature="cleanUp()[pri:0, instance:com.demoqa.testcases.TextBoxTest@7219ec67]" started-at="2025-01-28T12:56:24 MST" name="cleanUp" finished-at="2025-01-28T12:56:24 MST" duration-ms="251" status="PASS">
          <reporter-output>
          </reporter-output>
        </test-method> <!-- cleanUp -->
        <test-method is-config="true" signature="setup()[pri:0, instance:com.demoqa.testcases.TextBoxTest@7219ec67]" started-at="2025-01-28T12:56:24 MST" name="setup" finished-at="2025-01-28T12:56:31 MST" duration-ms="6970" status="PASS">
          <reporter-output>
          </reporter-output>
        </test-method> <!-- setup -->
        <test-method signature="validateTextBoxPageTest()[pri:0, instance:com.demoqa.testcases.TextBoxTest@7219ec67]" started-at="2025-01-28T12:56:31 MST" name="validateTextBoxPageTest" finished-at="2025-01-28T12:56:31 MST" duration-ms="27" status="PASS">
          <reporter-output>
          </reporter-output>
        </test-method> <!-- validateTextBoxPageTest -->
        <test-method is-config="true" signature="cleanUp()[pri:0, instance:com.demoqa.testcases.TextBoxTest@7219ec67]" started-at="2025-01-28T12:56:31 MST" name="cleanUp" finished-at="2025-01-28T12:56:32 MST" duration-ms="176" status="PASS">
          <reporter-output>
          </reporter-output>
        </test-method> <!-- cleanUp -->
        <test-method is-config="true" signature="setup()[pri:0, instance:com.demoqa.testcases.TextBoxTest@7219ec67]" started-at="2025-01-28T12:56:32 MST" name="setup" finished-at="2025-01-28T12:56:38 MST" duration-ms="6186" status="PASS">
          <reporter-output>
          </reporter-output>
        </test-method> <!-- setup -->
        <test-method signature="validatingOutputTextField()[pri:0, instance:com.demoqa.testcases.TextBoxTest@7219ec67]" started-at="2025-01-28T12:56:38 MST" name="validatingOutputTextField" finished-at="2025-01-28T12:56:38 MST" duration-ms="34" status="PASS">
          <reporter-output>
          </reporter-output>
        </test-method> <!-- validatingOutputTextField -->
        <test-method is-config="true" signature="cleanUp()[pri:0, instance:com.demoqa.testcases.TextBoxTest@7219ec67]" started-at="2025-01-28T12:56:38 MST" name="cleanUp" finished-at="2025-01-28T12:56:38 MST" duration-ms="200" status="PASS">
          <reporter-output>
          </reporter-output>
        </test-method> <!-- cleanUp -->
        <test-method is-config="true" signature="listenerShutDown()[pri:0, instance:com.demoqa.testcases.TextBoxTest@7219ec67]" started-at="2025-01-28T12:59:29 MST" name="listenerShutDown" finished-at="2025-01-28T12:59:29 MST" duration-ms="109" status="PASS">
          <reporter-output>
          </reporter-output>
        </test-method> <!-- listenerShutDown -->
      </class> <!-- com.demoqa.testcases.TextBoxTest -->
    </test> <!-- Surefire test -->
  </suite> <!-- Surefire suite -->
</testng-results>
