<!DOCTYPE html>

<html>
  <head>
  <meta charset='utf-8'>
  <title>TestNG reports</title>

    <link type="text/css" href="testng-reports1.css" rel="stylesheet" id="ultra" />
    <link type="text/css" href="testng-reports.css" rel="stylesheet" id="retro" disabled="false"/>
    <script type="text/javascript" src="jquery.min.js"></script>
    <script type="text/javascript" src="testng-reports.js"></script>
    <script type="text/javascript" src="https://www.google.com/jsapi"></script>
    <script type='text/javascript'>
      google.load('visualization', '1', {packages:['table']});
      google.setOnLoadCallback(drawTable);
      var suiteTableInitFunctions = new Array();
      var suiteTableData = new Array();
    </script>
    <!--
      <script type="text/javascript" src="jquery-ui/js/jquery-ui-1.8.16.custom.min.js"></script>
     -->
  </head>

  <body>
    <div class="top-banner-root">
      <span class="top-banner-title-font">Test results</span>
      <button id="button" class="button">Switch Retro Theme</button> <!-- button -->
      <br/>
      <span class="top-banner-font-1">2 suites, 1 failed test</span>
    </div> <!-- top-banner-root -->
    <div class="navigator-root">
      <div class="navigator-suite-header">
        <span>All suites</span>
        <a href="#" title="Collapse/expand all the suites" class="collapse-all-link">
          <img src="collapseall.gif" class="collapse-all-icon">
          </img> <!-- collapse-all-icon -->
        </a> <!-- collapse-all-link -->
      </div> <!-- navigator-suite-header -->
      <div class="suite">
        <div class="rounded-window">
          <div class="suite-header light-rounded-window-top">
            <a href="#" panel-name="suite-DemoQA_Application_Automation__0_" class="navigator-link">
              <span class="suite-name border-passed">DemoQA Application Automation (0)</span>
            </a> <!-- navigator-link -->
          </div> <!-- suite-header light-rounded-window-top -->
          <div class="navigator-suite-content">
            <div class="suite-section-title">
              <span>Info</span>
            </div> <!-- suite-section-title -->
            <div class="suite-section-content">
              <ul>
                <li>
                  <a href="#" panel-name="test-xml-DemoQA_Application_Automation__0_" class="navigator-link ">
                    <span>TestNG_Smoke.xml</span>
                  </a> <!-- navigator-link  -->
                </li>
                <li>
                  <a href="#" panel-name="testlist-DemoQA_Application_Automation__0_" class="navigator-link ">
                    <span class="test-stats">1 test</span>
                  </a> <!-- navigator-link  -->
                </li>
                <li>
                  <a href="#" panel-name="group-DemoQA_Application_Automation__0_" class="navigator-link ">
                    <span>0 groups</span>
                  </a> <!-- navigator-link  -->
                </li>
                <li>
                  <a href="#" panel-name="times-DemoQA_Application_Automation__0_" class="navigator-link ">
                    <span>Times</span>
                  </a> <!-- navigator-link  -->
                </li>
                <li>
                  <a href="#" panel-name="reporter-DemoQA_Application_Automation__0_" class="navigator-link ">
                    <span>Reporter output</span>
                  </a> <!-- navigator-link  -->
                </li>
                <li>
                  <a href="#" panel-name="ignored-methods-DemoQA_Application_Automation__0_" class="navigator-link ">
                    <span>Ignored methods</span>
                  </a> <!-- navigator-link  -->
                </li>
                <li>
                  <a href="#" panel-name="chronological-DemoQA_Application_Automation__0_" class="navigator-link ">
                    <span>Chronological view</span>
                  </a> <!-- navigator-link  -->
                </li>
              </ul>
            </div> <!-- suite-section-content -->
            <div class="result-section">
              <div class="suite-section-title">
                <span>Results</span>
              </div> <!-- suite-section-title -->
              <div class="suite-section-content">
                <ul>
                  <li>
                    <span class="method-stats">4 methods,   4 passed</span>
                  </li>
                  <li>
                    <span class="method-list-title passed">Passed methods</span>
                    <span class="show-or-hide-methods passed">
                      <a href="#" panel-name="suite-DemoQA_Application_Automation__0_" class="hide-methods passed suite-DemoQA_Application_Automation__0_"> (hide)</a> <!-- hide-methods passed suite-DemoQA_Application_Automation__0_ -->
                      <a href="#" panel-name="suite-DemoQA_Application_Automation__0_" class="show-methods passed suite-DemoQA_Application_Automation__0_"> (show)</a> <!-- show-methods passed suite-DemoQA_Application_Automation__0_ -->
                    </span>
                    <div class="method-list-content passed suite-DemoQA_Application_Automation__0_">
                      <span>
                        <img src="passed.png" width="3%"/>
                        <a href="#" panel-name="suite-DemoQA_Application_Automation__0_" title="com.demoqa.testcases.HomePageTest" class="method navigator-link" hash-for-method="verifyHomePageLogoTest">verifyHomePageLogoTest</a> <!-- method navigator-link -->
                      </span>
                      <br/>
                      <span>
                        <img src="passed.png" width="3%"/>
                        <a href="#" panel-name="suite-DemoQA_Application_Automation__0_" title="com.demoqa.testcases.HomePageTest" class="method navigator-link" hash-for-method="verifyHomePageTitleTest">verifyHomePageTitleTest</a> <!-- method navigator-link -->
                      </span>
                      <br/>
                      <span>
                        <img src="passed.png" width="3%"/>
                        <a href="#" panel-name="suite-DemoQA_Application_Automation__0_" title="com.demoqa.testcases.JoinNowPageTest" class="method navigator-link" hash-for-method="verifyJoinNowPageLogoTest">verifyJoinNowPageLogoTest</a> <!-- method navigator-link -->
                      </span>
                      <br/>
                      <span>
                        <img src="passed.png" width="3%"/>
                        <a href="#" panel-name="suite-DemoQA_Application_Automation__0_" title="com.demoqa.testcases.JoinNowPageTest" class="method navigator-link" hash-for-method="verifyJoinNowPageTitleTest">verifyJoinNowPageTitleTest</a> <!-- method navigator-link -->
                      </span>
                      <br/>
                    </div> <!-- method-list-content passed suite-DemoQA_Application_Automation__0_ -->
                  </li>
                </ul>
              </div> <!-- suite-section-content -->
            </div> <!-- result-section -->
          </div> <!-- navigator-suite-content -->
        </div> <!-- rounded-window -->
      </div> <!-- suite -->
      <div class="suite">
        <div class="rounded-window">
          <div class="suite-header light-rounded-window-top">
            <a href="#" panel-name="suite-DemoQA_Application_Automation" class="navigator-link">
              <span class="suite-name border-failed">DemoQA Application Automation</span>
            </a> <!-- navigator-link -->
          </div> <!-- suite-header light-rounded-window-top -->
          <div class="navigator-suite-content">
            <div class="suite-section-title">
              <span>Info</span>
            </div> <!-- suite-section-title -->
            <div class="suite-section-content">
              <ul>
                <li>
                  <a href="#" panel-name="test-xml-DemoQA_Application_Automation" class="navigator-link ">
                    <span>TestNG_Regression.xml</span>
                  </a> <!-- navigator-link  -->
                </li>
                <li>
                  <a href="#" panel-name="testlist-DemoQA_Application_Automation" class="navigator-link ">
                    <span class="test-stats">1 test</span>
                  </a> <!-- navigator-link  -->
                </li>
                <li>
                  <a href="#" panel-name="group-DemoQA_Application_Automation" class="navigator-link ">
                    <span>0 groups</span>
                  </a> <!-- navigator-link  -->
                </li>
                <li>
                  <a href="#" panel-name="times-DemoQA_Application_Automation" class="navigator-link ">
                    <span>Times</span>
                  </a> <!-- navigator-link  -->
                </li>
                <li>
                  <a href="#" panel-name="reporter-DemoQA_Application_Automation" class="navigator-link ">
                    <span>Reporter output</span>
                  </a> <!-- navigator-link  -->
                </li>
                <li>
                  <a href="#" panel-name="ignored-methods-DemoQA_Application_Automation" class="navigator-link ">
                    <span>Ignored methods</span>
                  </a> <!-- navigator-link  -->
                </li>
                <li>
                  <a href="#" panel-name="chronological-DemoQA_Application_Automation" class="navigator-link ">
                    <span>Chronological view</span>
                  </a> <!-- navigator-link  -->
                </li>
              </ul>
            </div> <!-- suite-section-content -->
            <div class="result-section">
              <div class="suite-section-title">
                <span>Results</span>
              </div> <!-- suite-section-title -->
              <div class="suite-section-content">
                <ul>
                  <li>
                    <span class="method-stats">21 methods, 1 failed,  7 skipped,  13 passed</span>
                  </li>
                  <li>
                    <span class="method-list-title failed">Failed methods</span>
                    <span class="show-or-hide-methods failed">
                      <a href="#" panel-name="suite-DemoQA_Application_Automation" class="hide-methods failed suite-DemoQA_Application_Automation"> (hide)</a> <!-- hide-methods failed suite-DemoQA_Application_Automation -->
                      <a href="#" panel-name="suite-DemoQA_Application_Automation" class="show-methods failed suite-DemoQA_Application_Automation"> (show)</a> <!-- show-methods failed suite-DemoQA_Application_Automation -->
                    </span>
                    <div class="method-list-content failed suite-DemoQA_Application_Automation">
                      <span>
                        <img src="failed.png" width="3%"/>
                        <a href="#" panel-name="suite-DemoQA_Application_Automation" title="com.demoqa.testcases.ElementsPageTest" class="method navigator-link" hash-for-method="clickOnBrokenLinksAndImagesTest">clickOnBrokenLinksAndImagesTest</a> <!-- method navigator-link -->
                      </span>
                      <br/>
                    </div> <!-- method-list-content failed suite-DemoQA_Application_Automation -->
                  </li>
                  <li>
                    <span class="method-list-title skipped">Skipped methods</span>
                    <span class="show-or-hide-methods skipped">
                      <a href="#" panel-name="suite-DemoQA_Application_Automation" class="hide-methods skipped suite-DemoQA_Application_Automation"> (hide)</a> <!-- hide-methods skipped suite-DemoQA_Application_Automation -->
                      <a href="#" panel-name="suite-DemoQA_Application_Automation" class="show-methods skipped suite-DemoQA_Application_Automation"> (show)</a> <!-- show-methods skipped suite-DemoQA_Application_Automation -->
                    </span>
                    <div class="method-list-content skipped suite-DemoQA_Application_Automation">
                      <span>
                        <img src="skipped.png" width="3%"/>
                        <a href="#" panel-name="suite-DemoQA_Application_Automation" title="com.demoqa.testcases.ElementsPageTest" class="method navigator-link" hash-for-method="clickOnDynamicPropertiesTest">clickOnDynamicPropertiesTest</a> <!-- method navigator-link -->
                      </span>
                      <br/>
                      <span>
                        <img src="skipped.png" width="3%"/>
                        <a href="#" panel-name="suite-DemoQA_Application_Automation" title="com.demoqa.testcases.ElementsPageTest" class="method navigator-link" hash-for-method="clickOnLinksTest">clickOnLinksTest</a> <!-- method navigator-link -->
                      </span>
                      <br/>
                      <span>
                        <img src="skipped.png" width="3%"/>
                        <a href="#" panel-name="suite-DemoQA_Application_Automation" title="com.demoqa.testcases.ElementsPageTest" class="method navigator-link" hash-for-method="clickOnRadioButtonTest">clickOnRadioButtonTest</a> <!-- method navigator-link -->
                      </span>
                      <br/>
                      <span>
                        <img src="skipped.png" width="3%"/>
                        <a href="#" panel-name="suite-DemoQA_Application_Automation" title="com.demoqa.testcases.ElementsPageTest" class="method navigator-link" hash-for-method="clickOnTextBoxTest">clickOnTextBoxTest</a> <!-- method navigator-link -->
                      </span>
                      <br/>
                      <span>
                        <img src="skipped.png" width="3%"/>
                        <a href="#" panel-name="suite-DemoQA_Application_Automation" title="com.demoqa.testcases.ElementsPageTest" class="method navigator-link" hash-for-method="clickOnUploadAndDownloadTest">clickOnUploadAndDownloadTest</a> <!-- method navigator-link -->
                      </span>
                      <br/>
                      <span>
                        <img src="skipped.png" width="3%"/>
                        <a href="#" panel-name="suite-DemoQA_Application_Automation" title="com.demoqa.testcases.ElementsPageTest" class="method navigator-link" hash-for-method="clickOnWebTablesTest">clickOnWebTablesTest</a> <!-- method navigator-link -->
                      </span>
                      <br/>
                      <span>
                        <img src="skipped.png" width="3%"/>
                        <a href="#" panel-name="suite-DemoQA_Application_Automation" title="com.demoqa.testcases.ElementsPageTest" class="method navigator-link" hash-for-method="verifyElementPageTest">verifyElementPageTest</a> <!-- method navigator-link -->
                      </span>
                      <br/>
                    </div> <!-- method-list-content skipped suite-DemoQA_Application_Automation -->
                  </li>
                  <li>
                    <span class="method-list-title passed">Passed methods</span>
                    <span class="show-or-hide-methods passed">
                      <a href="#" panel-name="suite-DemoQA_Application_Automation" class="hide-methods passed suite-DemoQA_Application_Automation"> (hide)</a> <!-- hide-methods passed suite-DemoQA_Application_Automation -->
                      <a href="#" panel-name="suite-DemoQA_Application_Automation" class="show-methods passed suite-DemoQA_Application_Automation"> (show)</a> <!-- show-methods passed suite-DemoQA_Application_Automation -->
                    </span>
                    <div class="method-list-content passed suite-DemoQA_Application_Automation">
                      <span>
                        <img src="passed.png" width="3%"/>
                        <a href="#" panel-name="suite-DemoQA_Application_Automation" title="com.demoqa.testcases.HomePageTest" class="method navigator-link" hash-for-method="clickOnAlertsFramesWindowTest">clickOnAlertsFramesWindowTest</a> <!-- method navigator-link -->
                      </span>
                      <br/>
                      <span>
                        <img src="passed.png" width="3%"/>
                        <a href="#" panel-name="suite-DemoQA_Application_Automation" title="com.demoqa.testcases.HomePageTest" class="method navigator-link" hash-for-method="clickOnBookStoreApplicationTest">clickOnBookStoreApplicationTest</a> <!-- method navigator-link -->
                      </span>
                      <br/>
                      <span>
                        <img src="passed.png" width="3%"/>
                        <a href="#" panel-name="suite-DemoQA_Application_Automation" title="com.demoqa.testcases.ElementsPageTest" class="method navigator-link" hash-for-method="clickOnButtonsTest">clickOnButtonsTest</a> <!-- method navigator-link -->
                      </span>
                      <br/>
                      <span>
                        <img src="passed.png" width="3%"/>
                        <a href="#" panel-name="suite-DemoQA_Application_Automation" title="com.demoqa.testcases.ElementsPageTest" class="method navigator-link" hash-for-method="clickOnCheckBoxTest">clickOnCheckBoxTest</a> <!-- method navigator-link -->
                      </span>
                      <br/>
                      <span>
                        <img src="passed.png" width="3%"/>
                        <a href="#" panel-name="suite-DemoQA_Application_Automation" title="com.demoqa.testcases.HomePageTest" class="method navigator-link" hash-for-method="clickOnElementsTest">clickOnElementsTest</a> <!-- method navigator-link -->
                      </span>
                      <br/>
                      <span>
                        <img src="passed.png" width="3%"/>
                        <a href="#" panel-name="suite-DemoQA_Application_Automation" title="com.demoqa.testcases.HomePageTest" class="method navigator-link" hash-for-method="clickOnFormsTest">clickOnFormsTest</a> <!-- method navigator-link -->
                      </span>
                      <br/>
                      <span>
                        <img src="passed.png" width="3%"/>
                        <a href="#" panel-name="suite-DemoQA_Application_Automation" title="com.demoqa.testcases.HomePageTest" class="method navigator-link" hash-for-method="clickOnInteractionsTest">clickOnInteractionsTest</a> <!-- method navigator-link -->
                      </span>
                      <br/>
                      <span>
                        <img src="passed.png" width="3%"/>
                        <a href="#" panel-name="suite-DemoQA_Application_Automation" title="com.demoqa.testcases.HomePageTest" class="method navigator-link" hash-for-method="clickOnWidgetsTest">clickOnWidgetsTest</a> <!-- method navigator-link -->
                      </span>
                      <br/>
                      <span>
                        <img src="passed.png" width="3%"/>
                        <a href="#" panel-name="suite-DemoQA_Application_Automation" title="com.demoqa.testcases.TextBoxTest" class="method navigator-link" hash-for-method="validatingOutputTextField">validatingOutputTextField</a> <!-- method navigator-link -->
                      </span>
                      <br/>
                      <span>
                        <img src="passed.png" width="3%"/>
                        <a href="#" panel-name="suite-DemoQA_Application_Automation" title="com.demoqa.testcases.HomePageTest" class="method navigator-link" hash-for-method="verifyHomePageLogoTest">verifyHomePageLogoTest</a> <!-- method navigator-link -->
                      </span>
                      <br/>
                      <span>
                        <img src="passed.png" width="3%"/>
                        <a href="#" panel-name="suite-DemoQA_Application_Automation" title="com.demoqa.testcases.HomePageTest" class="method navigator-link" hash-for-method="verifyHomePageTitleTest">verifyHomePageTitleTest</a> <!-- method navigator-link -->
                      </span>
                      <br/>
                      <span>
                        <img src="passed.png" width="3%"/>
                        <a href="#" panel-name="suite-DemoQA_Application_Automation" title="com.demoqa.testcases.JoinNowPageTest" class="method navigator-link" hash-for-method="verifyJoinNowPageLogoTest">verifyJoinNowPageLogoTest</a> <!-- method navigator-link -->
                      </span>
                      <br/>
                      <span>
                        <img src="passed.png" width="3%"/>
                        <a href="#" panel-name="suite-DemoQA_Application_Automation" title="com.demoqa.testcases.JoinNowPageTest" class="method navigator-link" hash-for-method="verifyJoinNowPageTitleTest">verifyJoinNowPageTitleTest</a> <!-- method navigator-link -->
                      </span>
                      <br/>
                    </div> <!-- method-list-content passed suite-DemoQA_Application_Automation -->
                  </li>
                </ul>
              </div> <!-- suite-section-content -->
            </div> <!-- result-section -->
          </div> <!-- navigator-suite-content -->
        </div> <!-- rounded-window -->
      </div> <!-- suite -->
    </div> <!-- navigator-root -->
    <div class="wrapper">
      <div class="main-panel-root">
        <div panel-name="suite-DemoQA_Application_Automation__0_" class="panel DemoQA_Application_Automation__0_">
          <div class="suite-DemoQA_Application_Automation__0_-class-passed">
            <div class="main-panel-header rounded-window-top">
              <img src="passed.png"/>
              <span class="class-name">com.demoqa.testcases.JoinNowPageTest</span>
            </div> <!-- main-panel-header rounded-window-top -->
            <div class="main-panel-content rounded-window-bottom">
              <div class="method">
                <div class="method-content">
                  <a name="verifyJoinNowPageLogoTest">
                  </a> <!-- verifyJoinNowPageLogoTest -->
                  <span class="method-name">verifyJoinNowPageLogoTest</span>
                </div> <!-- method-content -->
              </div> <!-- method -->
              <div class="method">
                <div class="method-content">
                  <a name="verifyJoinNowPageTitleTest">
                  </a> <!-- verifyJoinNowPageTitleTest -->
                  <span class="method-name">verifyJoinNowPageTitleTest</span>
                </div> <!-- method-content -->
              </div> <!-- method -->
            </div> <!-- main-panel-content rounded-window-bottom -->
          </div> <!-- suite-DemoQA_Application_Automation__0_-class-passed -->
          <div class="suite-DemoQA_Application_Automation__0_-class-passed">
            <div class="main-panel-header rounded-window-top">
              <img src="passed.png"/>
              <span class="class-name">com.demoqa.testcases.HomePageTest</span>
            </div> <!-- main-panel-header rounded-window-top -->
            <div class="main-panel-content rounded-window-bottom">
              <div class="method">
                <div class="method-content">
                  <a name="verifyHomePageLogoTest">
                  </a> <!-- verifyHomePageLogoTest -->
                  <span class="method-name">verifyHomePageLogoTest</span>
                </div> <!-- method-content -->
              </div> <!-- method -->
              <div class="method">
                <div class="method-content">
                  <a name="verifyHomePageTitleTest">
                  </a> <!-- verifyHomePageTitleTest -->
                  <span class="method-name">verifyHomePageTitleTest</span>
                </div> <!-- method-content -->
              </div> <!-- method -->
            </div> <!-- main-panel-content rounded-window-bottom -->
          </div> <!-- suite-DemoQA_Application_Automation__0_-class-passed -->
        </div> <!-- panel DemoQA_Application_Automation__0_ -->
        <div panel-name="suite-DemoQA_Application_Automation" class="panel DemoQA_Application_Automation">
          <div class="suite-DemoQA_Application_Automation-class-failed">
            <div class="main-panel-header rounded-window-top">
              <img src="failed.png"/>
              <span class="class-name">com.demoqa.testcases.ElementsPageTest</span>
            </div> <!-- main-panel-header rounded-window-top -->
            <div class="main-panel-content rounded-window-bottom">
              <div class="method">
                <div class="method-content">
                  <a name="clickOnBrokenLinksAndImagesTest">
                  </a> <!-- clickOnBrokenLinksAndImagesTest -->
                  <span class="method-name">clickOnBrokenLinksAndImagesTest</span>
                  <div class="stack-trace">org.openqa.selenium.ElementClickInterceptedException: element click intercepted: Element &lt;li class=&quot;btn btn-light &quot; id=&quot;item-6&quot;&gt;...&lt;/li&gt; is not clickable at point (193, 32). Other element would receive the click: &lt;iframe frameborder=&quot;0&quot; src=&quot;https://7cbfbcbba8689cfe4089ba164ed5143f.safeframe.googlesyndication.com/safeframe/1-0-41/html/container.html&quot; id=&quot;google_ads_iframe_/21849154601,22343295815/Ad.Plus-300x250_0&quot; title=&quot;3rd party ad content&quot; name=&quot;&quot; scrolling=&quot;no&quot; marginwidth=&quot;0&quot; marginheight=&quot;0&quot; width=&quot;&quot; height=&quot;&quot; data-is-safeframe=&quot;true&quot; sandbox=&quot;allow-forms allow-popups allow-popups-to-escape-sandbox allow-same-origin allow-scripts allow-top-navigation-by-user-activation&quot; allow=&quot;private-state-token-redemption;attribution-reporting;autoplay&quot; aria-label=&quot;Advertisement&quot; tabindex=&quot;0&quot; data-google-container-id=&quot;2&quot; data-load-complete=&quot;true&quot; style=&quot;border: 0px !important; vertical-align: bottom !important; width: 100vw !important; height: 100vh !important; inset: 0px auto auto 0px !important; position: absolute !important; clear: none !important; display: inline !important; float: none !important; margin: 0px !important; max-height: none !important; max-width: none !important; opacity: 1 !important; overflow: visible !important; padding: 0px !important; visibility: visible !important; z-index: auto !important;&quot;&gt;&lt;/iframe&gt;
  (Session info: chrome=134.0.6998.118)
Build info: version: &apos;4.8.3&apos;, revision: &apos;e5e76298c3&apos;
System info: os.name: &apos;Mac OS X&apos;, os.arch: &apos;x86_64&apos;, os.version: &apos;14.7.1&apos;, java.version: &apos;20.0.1&apos;
Driver info: org.openqa.selenium.chrome.ChromeDriver
Command: [0debf69e45f3e1bbf46ca7ae64443819, clickElement {id=f.0C6349C63FFB098EC4B0273D48F9EFBE.d.0035DDE373FA33DFA50FC002A2EDB81E.e.49}]
Capabilities {acceptInsecureCerts: false, browserName: chrome, browserVersion: 134.0.6998.118, chrome: {chromedriverVersion: 134.0.6998.165 (fd886e2cb29..., userDataDir: /var/folders/sy/w4kkw0kx79l...}, fedcm:accounts: true, goog:chromeOptions: {debuggerAddress: localhost:65489}, networkConnectionEnabled: false, pageLoadStrategy: normal, platformName: MAC, proxy: Proxy(), se:cdp: ws://localhost:65489/devtoo..., se:cdpVersion: 134.0.6998.118, setWindowRect: true, strictFileInteractability: false, timeouts: {implicit: 0, pageLoad: 300000, script: 30000}, unhandledPromptBehavior: dismiss and notify, webauthn:extension:credBlob: true, webauthn:extension:largeBlob: true, webauthn:extension:minPinLength: true, webauthn:extension:prf: true, webauthn:virtualAuthenticators: true}
Element: [[ChromeDriver: chrome on MAC (0debf69e45f3e1bbf46ca7ae64443819)] -&gt; xpath: //li[@id=&apos;item-6&apos;]]
Session ID: 0debf69e45f3e1bbf46ca7ae64443819
	at org.openqa.selenium.remote.codec.w3c.W3CHttpResponseCodec.createException(W3CHttpResponseCodec.java:200)
	at org.openqa.selenium.remote.codec.w3c.W3CHttpResponseCodec.decode(W3CHttpResponseCodec.java:133)
	at org.openqa.selenium.remote.codec.w3c.W3CHttpResponseCodec.decode(W3CHttpResponseCodec.java:53)
	at org.openqa.selenium.remote.HttpCommandExecutor.execute(HttpCommandExecutor.java:193)
	at org.openqa.selenium.remote.service.DriverCommandExecutor.invokeExecute(DriverCommandExecutor.java:183)
	at org.openqa.selenium.remote.service.DriverCommandExecutor.execute(DriverCommandExecutor.java:158)
	at org.openqa.selenium.remote.RemoteWebDriver.execute(RemoteWebDriver.java:543)
	at org.openqa.selenium.remote.RemoteWebElement.execute(RemoteWebElement.java:257)
	at org.openqa.selenium.remote.RemoteWebElement.click(RemoteWebElement.java:78)
	at org.openqa.selenium.support.decorators.WebDriverDecorator.call(WebDriverDecorator.java:247)
	at org.openqa.selenium.support.decorators.DefaultDecorated.call(DefaultDecorated.java:48)
	at org.openqa.selenium.support.decorators.WebDriverDecorator.lambda$createProxy$2(WebDriverDecorator.java:314)
	at net.bytebuddy.renamed.java.lang.Object$ByteBuddy$duq5lBES.click(Unknown Source)
	at org.openqa.selenium.support.pagefactory.internal.LocatingElementHandler.invoke(LocatingElementHandler.java:52)
	at jdk.proxy2/jdk.proxy2.$Proxy43.click(Unknown Source)
	at com.demoqa.pages.ElementsPage.clickOnBrokenLinksAndImages(ElementsPage.java:95)
	at com.demoqa.testcases.ElementsPageTest.clickOnBrokenLinksAndImagesTest(ElementsPageTest.java:69)
	at java.base/java.util.ArrayList.forEach(ArrayList.java:1511)
... Removed 32 stack frames
</div> <!-- stack-trace -->
                </div> <!-- method-content -->
              </div> <!-- method -->
            </div> <!-- main-panel-content rounded-window-bottom -->
          </div> <!-- suite-DemoQA_Application_Automation-class-failed -->
          <div class="suite-DemoQA_Application_Automation-class-skipped">
            <div class="main-panel-header rounded-window-top">
              <img src="skipped.png"/>
              <span class="class-name">com.demoqa.testcases.ElementsPageTest</span>
            </div> <!-- main-panel-header rounded-window-top -->
            <div class="main-panel-content rounded-window-bottom">
              <div class="method">
                <div class="method-content">
                  <a name="clickOnDynamicPropertiesTest">
                  </a> <!-- clickOnDynamicPropertiesTest -->
                  <span class="method-name">clickOnDynamicPropertiesTest</span>
                  <div class="stack-trace">org.openqa.selenium.NoSuchElementException: no such element: Unable to locate element: {&quot;method&quot;:&quot;xpath&quot;,&quot;selector&quot;:&quot;//div[@class=&apos;card-body&apos;and contains(h5,&apos;Elements&apos;)]&quot;}
  (Session info: chrome=134.0.6998.118)
For documentation on this error, please visit: https://selenium.dev/exceptions/#no_such_element
Build info: version: &apos;4.8.3&apos;, revision: &apos;e5e76298c3&apos;
System info: os.name: &apos;Mac OS X&apos;, os.arch: &apos;x86_64&apos;, os.version: &apos;14.7.1&apos;, java.version: &apos;20.0.1&apos;
Driver info: org.openqa.selenium.chrome.ChromeDriver
Command: [f009e9b51d40727a7b1a76227e9504b5, findElement {using=xpath, value=//div[@class=&apos;card-body&apos;and contains(h5,&apos;Elements&apos;)]}]
Capabilities {acceptInsecureCerts: false, browserName: chrome, browserVersion: 134.0.6998.118, chrome: {chromedriverVersion: 134.0.6998.165 (fd886e2cb29..., userDataDir: /var/folders/sy/w4kkw0kx79l...}, fedcm:accounts: true, goog:chromeOptions: {debuggerAddress: localhost:49167}, networkConnectionEnabled: false, pageLoadStrategy: normal, platformName: MAC, proxy: Proxy(), se:cdp: ws://localhost:49167/devtoo..., se:cdpVersion: 134.0.6998.118, setWindowRect: true, strictFileInteractability: false, timeouts: {implicit: 0, pageLoad: 300000, script: 30000}, unhandledPromptBehavior: dismiss and notify, webauthn:extension:credBlob: true, webauthn:extension:largeBlob: true, webauthn:extension:minPinLength: true, webauthn:extension:prf: true, webauthn:virtualAuthenticators: true}
Session ID: f009e9b51d40727a7b1a76227e9504b5
	at org.openqa.selenium.remote.codec.w3c.W3CHttpResponseCodec.createException(W3CHttpResponseCodec.java:200)
	at org.openqa.selenium.remote.codec.w3c.W3CHttpResponseCodec.decode(W3CHttpResponseCodec.java:133)
	at org.openqa.selenium.remote.codec.w3c.W3CHttpResponseCodec.decode(W3CHttpResponseCodec.java:53)
	at org.openqa.selenium.remote.HttpCommandExecutor.execute(HttpCommandExecutor.java:193)
	at org.openqa.selenium.remote.service.DriverCommandExecutor.invokeExecute(DriverCommandExecutor.java:183)
	at org.openqa.selenium.remote.service.DriverCommandExecutor.execute(DriverCommandExecutor.java:158)
	at org.openqa.selenium.remote.RemoteWebDriver.execute(RemoteWebDriver.java:543)
	at org.openqa.selenium.remote.ElementLocation$ElementFinder$2.findElement(ElementLocation.java:162)
	at org.openqa.selenium.remote.ElementLocation.findElement(ElementLocation.java:60)
	at org.openqa.selenium.remote.RemoteWebDriver.findElement(RemoteWebDriver.java:352)
	at org.openqa.selenium.remote.RemoteWebDriver.findElement(RemoteWebDriver.java:344)
	at org.openqa.selenium.support.decorators.WebDriverDecorator.call(WebDriverDecorator.java:247)
	at org.openqa.selenium.support.decorators.DefaultDecorated.call(DefaultDecorated.java:48)
	at org.openqa.selenium.support.decorators.WebDriverDecorator.lambda$createProxy$2(WebDriverDecorator.java:314)
	at net.bytebuddy.renamed.java.lang.Object$ByteBuddy$mRll0vhx.findElement(Unknown Source)
	at org.openqa.selenium.support.pagefactory.DefaultElementLocator.findElement(DefaultElementLocator.java:70)
	at org.openqa.selenium.support.pagefactory.internal.LocatingElementHandler.invoke(LocatingElementHandler.java:39)
	at jdk.proxy2/jdk.proxy2.$Proxy43.getWrappedElement(Unknown Source)
	at org.openqa.selenium.remote.internal.WebElementToJsonConverter.apply(WebElementToJsonConverter.java:52)
	at java.base/java.util.stream.ReferencePipeline$3$1.accept(ReferencePipeline.java:197)
	at java.base/java.util.Spliterators$ArraySpliterator.forEachRemaining(Spliterators.java:1006)
	at java.base/java.util.stream.AbstractPipeline.copyInto(AbstractPipeline.java:509)
	at java.base/java.util.stream.AbstractPipeline.wrapAndCopyInto(AbstractPipeline.java:499)
	at java.base/java.util.stream.ReduceOps$ReduceOp.evaluateSequential(ReduceOps.java:921)
	at java.base/java.util.stream.AbstractPipeline.evaluate(AbstractPipeline.java:234)
	at java.base/java.util.stream.ReferencePipeline.collect(ReferencePipeline.java:682)
	at org.openqa.selenium.remote.RemoteWebDriver.executeScript(RemoteWebDriver.java:477)
	at org.openqa.selenium.support.decorators.WebDriverDecorator.call(WebDriverDecorator.java:247)
	at org.openqa.selenium.support.decorators.DefaultDecorated.call(DefaultDecorated.java:48)
	at org.openqa.selenium.support.decorators.WebDriverDecorator.lambda$createProxy$2(WebDriverDecorator.java:314)
	at net.bytebuddy.renamed.java.lang.Object$ByteBuddy$mRll0vhx.executeScript(Unknown Source)
	at com.demoqa.util.TestUtil.windowScroll(TestUtil.java:42)
	at com.demoqa.pages.HomePage.clickOnElements(HomePage.java:50)
	at com.demoqa.testcases.ElementsPageTest.setUp(ElementsPageTest.java:29)
	at java.base/java.util.ArrayList.forEach(ArrayList.java:1511)
... Removed 36 stack frames
</div> <!-- stack-trace -->
                </div> <!-- method-content -->
              </div> <!-- method -->
              <div class="method">
                <div class="method-content">
                  <a name="clickOnLinksTest">
                  </a> <!-- clickOnLinksTest -->
                  <span class="method-name">clickOnLinksTest</span>
                  <div class="stack-trace">org.openqa.selenium.NoSuchElementException: no such element: Unable to locate element: {&quot;method&quot;:&quot;xpath&quot;,&quot;selector&quot;:&quot;//div[@class=&apos;card-body&apos;and contains(h5,&apos;Elements&apos;)]&quot;}
  (Session info: chrome=134.0.6998.118)
For documentation on this error, please visit: https://selenium.dev/exceptions/#no_such_element
Build info: version: &apos;4.8.3&apos;, revision: &apos;e5e76298c3&apos;
System info: os.name: &apos;Mac OS X&apos;, os.arch: &apos;x86_64&apos;, os.version: &apos;14.7.1&apos;, java.version: &apos;20.0.1&apos;
Driver info: org.openqa.selenium.chrome.ChromeDriver
Command: [f009e9b51d40727a7b1a76227e9504b5, findElement {using=xpath, value=//div[@class=&apos;card-body&apos;and contains(h5,&apos;Elements&apos;)]}]
Capabilities {acceptInsecureCerts: false, browserName: chrome, browserVersion: 134.0.6998.118, chrome: {chromedriverVersion: 134.0.6998.165 (fd886e2cb29..., userDataDir: /var/folders/sy/w4kkw0kx79l...}, fedcm:accounts: true, goog:chromeOptions: {debuggerAddress: localhost:49167}, networkConnectionEnabled: false, pageLoadStrategy: normal, platformName: MAC, proxy: Proxy(), se:cdp: ws://localhost:49167/devtoo..., se:cdpVersion: 134.0.6998.118, setWindowRect: true, strictFileInteractability: false, timeouts: {implicit: 0, pageLoad: 300000, script: 30000}, unhandledPromptBehavior: dismiss and notify, webauthn:extension:credBlob: true, webauthn:extension:largeBlob: true, webauthn:extension:minPinLength: true, webauthn:extension:prf: true, webauthn:virtualAuthenticators: true}
Session ID: f009e9b51d40727a7b1a76227e9504b5
	at org.openqa.selenium.remote.codec.w3c.W3CHttpResponseCodec.createException(W3CHttpResponseCodec.java:200)
	at org.openqa.selenium.remote.codec.w3c.W3CHttpResponseCodec.decode(W3CHttpResponseCodec.java:133)
	at org.openqa.selenium.remote.codec.w3c.W3CHttpResponseCodec.decode(W3CHttpResponseCodec.java:53)
	at org.openqa.selenium.remote.HttpCommandExecutor.execute(HttpCommandExecutor.java:193)
	at org.openqa.selenium.remote.service.DriverCommandExecutor.invokeExecute(DriverCommandExecutor.java:183)
	at org.openqa.selenium.remote.service.DriverCommandExecutor.execute(DriverCommandExecutor.java:158)
	at org.openqa.selenium.remote.RemoteWebDriver.execute(RemoteWebDriver.java:543)
	at org.openqa.selenium.remote.ElementLocation$ElementFinder$2.findElement(ElementLocation.java:162)
	at org.openqa.selenium.remote.ElementLocation.findElement(ElementLocation.java:60)
	at org.openqa.selenium.remote.RemoteWebDriver.findElement(RemoteWebDriver.java:352)
	at org.openqa.selenium.remote.RemoteWebDriver.findElement(RemoteWebDriver.java:344)
	at org.openqa.selenium.support.decorators.WebDriverDecorator.call(WebDriverDecorator.java:247)
	at org.openqa.selenium.support.decorators.DefaultDecorated.call(DefaultDecorated.java:48)
	at org.openqa.selenium.support.decorators.WebDriverDecorator.lambda$createProxy$2(WebDriverDecorator.java:314)
	at net.bytebuddy.renamed.java.lang.Object$ByteBuddy$mRll0vhx.findElement(Unknown Source)
	at org.openqa.selenium.support.pagefactory.DefaultElementLocator.findElement(DefaultElementLocator.java:70)
	at org.openqa.selenium.support.pagefactory.internal.LocatingElementHandler.invoke(LocatingElementHandler.java:39)
	at jdk.proxy2/jdk.proxy2.$Proxy43.getWrappedElement(Unknown Source)
	at org.openqa.selenium.remote.internal.WebElementToJsonConverter.apply(WebElementToJsonConverter.java:52)
	at java.base/java.util.stream.ReferencePipeline$3$1.accept(ReferencePipeline.java:197)
	at java.base/java.util.Spliterators$ArraySpliterator.forEachRemaining(Spliterators.java:1006)
	at java.base/java.util.stream.AbstractPipeline.copyInto(AbstractPipeline.java:509)
	at java.base/java.util.stream.AbstractPipeline.wrapAndCopyInto(AbstractPipeline.java:499)
	at java.base/java.util.stream.ReduceOps$ReduceOp.evaluateSequential(ReduceOps.java:921)
	at java.base/java.util.stream.AbstractPipeline.evaluate(AbstractPipeline.java:234)
	at java.base/java.util.stream.ReferencePipeline.collect(ReferencePipeline.java:682)
	at org.openqa.selenium.remote.RemoteWebDriver.executeScript(RemoteWebDriver.java:477)
	at org.openqa.selenium.support.decorators.WebDriverDecorator.call(WebDriverDecorator.java:247)
	at org.openqa.selenium.support.decorators.DefaultDecorated.call(DefaultDecorated.java:48)
	at org.openqa.selenium.support.decorators.WebDriverDecorator.lambda$createProxy$2(WebDriverDecorator.java:314)
	at net.bytebuddy.renamed.java.lang.Object$ByteBuddy$mRll0vhx.executeScript(Unknown Source)
	at com.demoqa.util.TestUtil.windowScroll(TestUtil.java:42)
	at com.demoqa.pages.HomePage.clickOnElements(HomePage.java:50)
	at com.demoqa.testcases.ElementsPageTest.setUp(ElementsPageTest.java:29)
	at java.base/java.util.ArrayList.forEach(ArrayList.java:1511)
... Removed 36 stack frames
</div> <!-- stack-trace -->
                </div> <!-- method-content -->
              </div> <!-- method -->
              <div class="method">
                <div class="method-content">
                  <a name="clickOnRadioButtonTest">
                  </a> <!-- clickOnRadioButtonTest -->
                  <span class="method-name">clickOnRadioButtonTest</span>
                  <div class="stack-trace">org.openqa.selenium.NoSuchElementException: no such element: Unable to locate element: {&quot;method&quot;:&quot;xpath&quot;,&quot;selector&quot;:&quot;//div[@class=&apos;card-body&apos;and contains(h5,&apos;Elements&apos;)]&quot;}
  (Session info: chrome=134.0.6998.118)
For documentation on this error, please visit: https://selenium.dev/exceptions/#no_such_element
Build info: version: &apos;4.8.3&apos;, revision: &apos;e5e76298c3&apos;
System info: os.name: &apos;Mac OS X&apos;, os.arch: &apos;x86_64&apos;, os.version: &apos;14.7.1&apos;, java.version: &apos;20.0.1&apos;
Driver info: org.openqa.selenium.chrome.ChromeDriver
Command: [f009e9b51d40727a7b1a76227e9504b5, findElement {using=xpath, value=//div[@class=&apos;card-body&apos;and contains(h5,&apos;Elements&apos;)]}]
Capabilities {acceptInsecureCerts: false, browserName: chrome, browserVersion: 134.0.6998.118, chrome: {chromedriverVersion: 134.0.6998.165 (fd886e2cb29..., userDataDir: /var/folders/sy/w4kkw0kx79l...}, fedcm:accounts: true, goog:chromeOptions: {debuggerAddress: localhost:49167}, networkConnectionEnabled: false, pageLoadStrategy: normal, platformName: MAC, proxy: Proxy(), se:cdp: ws://localhost:49167/devtoo..., se:cdpVersion: 134.0.6998.118, setWindowRect: true, strictFileInteractability: false, timeouts: {implicit: 0, pageLoad: 300000, script: 30000}, unhandledPromptBehavior: dismiss and notify, webauthn:extension:credBlob: true, webauthn:extension:largeBlob: true, webauthn:extension:minPinLength: true, webauthn:extension:prf: true, webauthn:virtualAuthenticators: true}
Session ID: f009e9b51d40727a7b1a76227e9504b5
	at org.openqa.selenium.remote.codec.w3c.W3CHttpResponseCodec.createException(W3CHttpResponseCodec.java:200)
	at org.openqa.selenium.remote.codec.w3c.W3CHttpResponseCodec.decode(W3CHttpResponseCodec.java:133)
	at org.openqa.selenium.remote.codec.w3c.W3CHttpResponseCodec.decode(W3CHttpResponseCodec.java:53)
	at org.openqa.selenium.remote.HttpCommandExecutor.execute(HttpCommandExecutor.java:193)
	at org.openqa.selenium.remote.service.DriverCommandExecutor.invokeExecute(DriverCommandExecutor.java:183)
	at org.openqa.selenium.remote.service.DriverCommandExecutor.execute(DriverCommandExecutor.java:158)
	at org.openqa.selenium.remote.RemoteWebDriver.execute(RemoteWebDriver.java:543)
	at org.openqa.selenium.remote.ElementLocation$ElementFinder$2.findElement(ElementLocation.java:162)
	at org.openqa.selenium.remote.ElementLocation.findElement(ElementLocation.java:60)
	at org.openqa.selenium.remote.RemoteWebDriver.findElement(RemoteWebDriver.java:352)
	at org.openqa.selenium.remote.RemoteWebDriver.findElement(RemoteWebDriver.java:344)
	at org.openqa.selenium.support.decorators.WebDriverDecorator.call(WebDriverDecorator.java:247)
	at org.openqa.selenium.support.decorators.DefaultDecorated.call(DefaultDecorated.java:48)
	at org.openqa.selenium.support.decorators.WebDriverDecorator.lambda$createProxy$2(WebDriverDecorator.java:314)
	at net.bytebuddy.renamed.java.lang.Object$ByteBuddy$mRll0vhx.findElement(Unknown Source)
	at org.openqa.selenium.support.pagefactory.DefaultElementLocator.findElement(DefaultElementLocator.java:70)
	at org.openqa.selenium.support.pagefactory.internal.LocatingElementHandler.invoke(LocatingElementHandler.java:39)
	at jdk.proxy2/jdk.proxy2.$Proxy43.getWrappedElement(Unknown Source)
	at org.openqa.selenium.remote.internal.WebElementToJsonConverter.apply(WebElementToJsonConverter.java:52)
	at java.base/java.util.stream.ReferencePipeline$3$1.accept(ReferencePipeline.java:197)
	at java.base/java.util.Spliterators$ArraySpliterator.forEachRemaining(Spliterators.java:1006)
	at java.base/java.util.stream.AbstractPipeline.copyInto(AbstractPipeline.java:509)
	at java.base/java.util.stream.AbstractPipeline.wrapAndCopyInto(AbstractPipeline.java:499)
	at java.base/java.util.stream.ReduceOps$ReduceOp.evaluateSequential(ReduceOps.java:921)
	at java.base/java.util.stream.AbstractPipeline.evaluate(AbstractPipeline.java:234)
	at java.base/java.util.stream.ReferencePipeline.collect(ReferencePipeline.java:682)
	at org.openqa.selenium.remote.RemoteWebDriver.executeScript(RemoteWebDriver.java:477)
	at org.openqa.selenium.support.decorators.WebDriverDecorator.call(WebDriverDecorator.java:247)
	at org.openqa.selenium.support.decorators.DefaultDecorated.call(DefaultDecorated.java:48)
	at org.openqa.selenium.support.decorators.WebDriverDecorator.lambda$createProxy$2(WebDriverDecorator.java:314)
	at net.bytebuddy.renamed.java.lang.Object$ByteBuddy$mRll0vhx.executeScript(Unknown Source)
	at com.demoqa.util.TestUtil.windowScroll(TestUtil.java:42)
	at com.demoqa.pages.HomePage.clickOnElements(HomePage.java:50)
	at com.demoqa.testcases.ElementsPageTest.setUp(ElementsPageTest.java:29)
	at java.base/java.util.ArrayList.forEach(ArrayList.java:1511)
... Removed 36 stack frames
</div> <!-- stack-trace -->
                </div> <!-- method-content -->
              </div> <!-- method -->
              <div class="method">
                <div class="method-content">
                  <a name="clickOnTextBoxTest">
                  </a> <!-- clickOnTextBoxTest -->
                  <span class="method-name">clickOnTextBoxTest</span>
                  <div class="stack-trace">org.openqa.selenium.NoSuchElementException: no such element: Unable to locate element: {&quot;method&quot;:&quot;xpath&quot;,&quot;selector&quot;:&quot;//div[@class=&apos;card-body&apos;and contains(h5,&apos;Elements&apos;)]&quot;}
  (Session info: chrome=134.0.6998.118)
For documentation on this error, please visit: https://selenium.dev/exceptions/#no_such_element
Build info: version: &apos;4.8.3&apos;, revision: &apos;e5e76298c3&apos;
System info: os.name: &apos;Mac OS X&apos;, os.arch: &apos;x86_64&apos;, os.version: &apos;14.7.1&apos;, java.version: &apos;20.0.1&apos;
Driver info: org.openqa.selenium.chrome.ChromeDriver
Command: [f009e9b51d40727a7b1a76227e9504b5, findElement {using=xpath, value=//div[@class=&apos;card-body&apos;and contains(h5,&apos;Elements&apos;)]}]
Capabilities {acceptInsecureCerts: false, browserName: chrome, browserVersion: 134.0.6998.118, chrome: {chromedriverVersion: 134.0.6998.165 (fd886e2cb29..., userDataDir: /var/folders/sy/w4kkw0kx79l...}, fedcm:accounts: true, goog:chromeOptions: {debuggerAddress: localhost:49167}, networkConnectionEnabled: false, pageLoadStrategy: normal, platformName: MAC, proxy: Proxy(), se:cdp: ws://localhost:49167/devtoo..., se:cdpVersion: 134.0.6998.118, setWindowRect: true, strictFileInteractability: false, timeouts: {implicit: 0, pageLoad: 300000, script: 30000}, unhandledPromptBehavior: dismiss and notify, webauthn:extension:credBlob: true, webauthn:extension:largeBlob: true, webauthn:extension:minPinLength: true, webauthn:extension:prf: true, webauthn:virtualAuthenticators: true}
Session ID: f009e9b51d40727a7b1a76227e9504b5
	at org.openqa.selenium.remote.codec.w3c.W3CHttpResponseCodec.createException(W3CHttpResponseCodec.java:200)
	at org.openqa.selenium.remote.codec.w3c.W3CHttpResponseCodec.decode(W3CHttpResponseCodec.java:133)
	at org.openqa.selenium.remote.codec.w3c.W3CHttpResponseCodec.decode(W3CHttpResponseCodec.java:53)
	at org.openqa.selenium.remote.HttpCommandExecutor.execute(HttpCommandExecutor.java:193)
	at org.openqa.selenium.remote.service.DriverCommandExecutor.invokeExecute(DriverCommandExecutor.java:183)
	at org.openqa.selenium.remote.service.DriverCommandExecutor.execute(DriverCommandExecutor.java:158)
	at org.openqa.selenium.remote.RemoteWebDriver.execute(RemoteWebDriver.java:543)
	at org.openqa.selenium.remote.ElementLocation$ElementFinder$2.findElement(ElementLocation.java:162)
	at org.openqa.selenium.remote.ElementLocation.findElement(ElementLocation.java:60)
	at org.openqa.selenium.remote.RemoteWebDriver.findElement(RemoteWebDriver.java:352)
	at org.openqa.selenium.remote.RemoteWebDriver.findElement(RemoteWebDriver.java:344)
	at org.openqa.selenium.support.decorators.WebDriverDecorator.call(WebDriverDecorator.java:247)
	at org.openqa.selenium.support.decorators.DefaultDecorated.call(DefaultDecorated.java:48)
	at org.openqa.selenium.support.decorators.WebDriverDecorator.lambda$createProxy$2(WebDriverDecorator.java:314)
	at net.bytebuddy.renamed.java.lang.Object$ByteBuddy$mRll0vhx.findElement(Unknown Source)
	at org.openqa.selenium.support.pagefactory.DefaultElementLocator.findElement(DefaultElementLocator.java:70)
	at org.openqa.selenium.support.pagefactory.internal.LocatingElementHandler.invoke(LocatingElementHandler.java:39)
	at jdk.proxy2/jdk.proxy2.$Proxy43.getWrappedElement(Unknown Source)
	at org.openqa.selenium.remote.internal.WebElementToJsonConverter.apply(WebElementToJsonConverter.java:52)
	at java.base/java.util.stream.ReferencePipeline$3$1.accept(ReferencePipeline.java:197)
	at java.base/java.util.Spliterators$ArraySpliterator.forEachRemaining(Spliterators.java:1006)
	at java.base/java.util.stream.AbstractPipeline.copyInto(AbstractPipeline.java:509)
	at java.base/java.util.stream.AbstractPipeline.wrapAndCopyInto(AbstractPipeline.java:499)
	at java.base/java.util.stream.ReduceOps$ReduceOp.evaluateSequential(ReduceOps.java:921)
	at java.base/java.util.stream.AbstractPipeline.evaluate(AbstractPipeline.java:234)
	at java.base/java.util.stream.ReferencePipeline.collect(ReferencePipeline.java:682)
	at org.openqa.selenium.remote.RemoteWebDriver.executeScript(RemoteWebDriver.java:477)
	at org.openqa.selenium.support.decorators.WebDriverDecorator.call(WebDriverDecorator.java:247)
	at org.openqa.selenium.support.decorators.DefaultDecorated.call(DefaultDecorated.java:48)
	at org.openqa.selenium.support.decorators.WebDriverDecorator.lambda$createProxy$2(WebDriverDecorator.java:314)
	at net.bytebuddy.renamed.java.lang.Object$ByteBuddy$mRll0vhx.executeScript(Unknown Source)
	at com.demoqa.util.TestUtil.windowScroll(TestUtil.java:42)
	at com.demoqa.pages.HomePage.clickOnElements(HomePage.java:50)
	at com.demoqa.testcases.ElementsPageTest.setUp(ElementsPageTest.java:29)
	at java.base/java.util.ArrayList.forEach(ArrayList.java:1511)
... Removed 36 stack frames
</div> <!-- stack-trace -->
                </div> <!-- method-content -->
              </div> <!-- method -->
              <div class="method">
                <div class="method-content">
                  <a name="clickOnUploadAndDownloadTest">
                  </a> <!-- clickOnUploadAndDownloadTest -->
                  <span class="method-name">clickOnUploadAndDownloadTest</span>
                  <div class="stack-trace">org.openqa.selenium.NoSuchElementException: no such element: Unable to locate element: {&quot;method&quot;:&quot;xpath&quot;,&quot;selector&quot;:&quot;//div[@class=&apos;card-body&apos;and contains(h5,&apos;Elements&apos;)]&quot;}
  (Session info: chrome=134.0.6998.118)
For documentation on this error, please visit: https://selenium.dev/exceptions/#no_such_element
Build info: version: &apos;4.8.3&apos;, revision: &apos;e5e76298c3&apos;
System info: os.name: &apos;Mac OS X&apos;, os.arch: &apos;x86_64&apos;, os.version: &apos;14.7.1&apos;, java.version: &apos;20.0.1&apos;
Driver info: org.openqa.selenium.chrome.ChromeDriver
Command: [f009e9b51d40727a7b1a76227e9504b5, findElement {using=xpath, value=//div[@class=&apos;card-body&apos;and contains(h5,&apos;Elements&apos;)]}]
Capabilities {acceptInsecureCerts: false, browserName: chrome, browserVersion: 134.0.6998.118, chrome: {chromedriverVersion: 134.0.6998.165 (fd886e2cb29..., userDataDir: /var/folders/sy/w4kkw0kx79l...}, fedcm:accounts: true, goog:chromeOptions: {debuggerAddress: localhost:49167}, networkConnectionEnabled: false, pageLoadStrategy: normal, platformName: MAC, proxy: Proxy(), se:cdp: ws://localhost:49167/devtoo..., se:cdpVersion: 134.0.6998.118, setWindowRect: true, strictFileInteractability: false, timeouts: {implicit: 0, pageLoad: 300000, script: 30000}, unhandledPromptBehavior: dismiss and notify, webauthn:extension:credBlob: true, webauthn:extension:largeBlob: true, webauthn:extension:minPinLength: true, webauthn:extension:prf: true, webauthn:virtualAuthenticators: true}
Session ID: f009e9b51d40727a7b1a76227e9504b5
	at org.openqa.selenium.remote.codec.w3c.W3CHttpResponseCodec.createException(W3CHttpResponseCodec.java:200)
	at org.openqa.selenium.remote.codec.w3c.W3CHttpResponseCodec.decode(W3CHttpResponseCodec.java:133)
	at org.openqa.selenium.remote.codec.w3c.W3CHttpResponseCodec.decode(W3CHttpResponseCodec.java:53)
	at org.openqa.selenium.remote.HttpCommandExecutor.execute(HttpCommandExecutor.java:193)
	at org.openqa.selenium.remote.service.DriverCommandExecutor.invokeExecute(DriverCommandExecutor.java:183)
	at org.openqa.selenium.remote.service.DriverCommandExecutor.execute(DriverCommandExecutor.java:158)
	at org.openqa.selenium.remote.RemoteWebDriver.execute(RemoteWebDriver.java:543)
	at org.openqa.selenium.remote.ElementLocation$ElementFinder$2.findElement(ElementLocation.java:162)
	at org.openqa.selenium.remote.ElementLocation.findElement(ElementLocation.java:60)
	at org.openqa.selenium.remote.RemoteWebDriver.findElement(RemoteWebDriver.java:352)
	at org.openqa.selenium.remote.RemoteWebDriver.findElement(RemoteWebDriver.java:344)
	at org.openqa.selenium.support.decorators.WebDriverDecorator.call(WebDriverDecorator.java:247)
	at org.openqa.selenium.support.decorators.DefaultDecorated.call(DefaultDecorated.java:48)
	at org.openqa.selenium.support.decorators.WebDriverDecorator.lambda$createProxy$2(WebDriverDecorator.java:314)
	at net.bytebuddy.renamed.java.lang.Object$ByteBuddy$mRll0vhx.findElement(Unknown Source)
	at org.openqa.selenium.support.pagefactory.DefaultElementLocator.findElement(DefaultElementLocator.java:70)
	at org.openqa.selenium.support.pagefactory.internal.LocatingElementHandler.invoke(LocatingElementHandler.java:39)
	at jdk.proxy2/jdk.proxy2.$Proxy43.getWrappedElement(Unknown Source)
	at org.openqa.selenium.remote.internal.WebElementToJsonConverter.apply(WebElementToJsonConverter.java:52)
	at java.base/java.util.stream.ReferencePipeline$3$1.accept(ReferencePipeline.java:197)
	at java.base/java.util.Spliterators$ArraySpliterator.forEachRemaining(Spliterators.java:1006)
	at java.base/java.util.stream.AbstractPipeline.copyInto(AbstractPipeline.java:509)
	at java.base/java.util.stream.AbstractPipeline.wrapAndCopyInto(AbstractPipeline.java:499)
	at java.base/java.util.stream.ReduceOps$ReduceOp.evaluateSequential(ReduceOps.java:921)
	at java.base/java.util.stream.AbstractPipeline.evaluate(AbstractPipeline.java:234)
	at java.base/java.util.stream.ReferencePipeline.collect(ReferencePipeline.java:682)
	at org.openqa.selenium.remote.RemoteWebDriver.executeScript(RemoteWebDriver.java:477)
	at org.openqa.selenium.support.decorators.WebDriverDecorator.call(WebDriverDecorator.java:247)
	at org.openqa.selenium.support.decorators.DefaultDecorated.call(DefaultDecorated.java:48)
	at org.openqa.selenium.support.decorators.WebDriverDecorator.lambda$createProxy$2(WebDriverDecorator.java:314)
	at net.bytebuddy.renamed.java.lang.Object$ByteBuddy$mRll0vhx.executeScript(Unknown Source)
	at com.demoqa.util.TestUtil.windowScroll(TestUtil.java:42)
	at com.demoqa.pages.HomePage.clickOnElements(HomePage.java:50)
	at com.demoqa.testcases.ElementsPageTest.setUp(ElementsPageTest.java:29)
	at java.base/java.util.ArrayList.forEach(ArrayList.java:1511)
... Removed 36 stack frames
</div> <!-- stack-trace -->
                </div> <!-- method-content -->
              </div> <!-- method -->
              <div class="method">
                <div class="method-content">
                  <a name="clickOnWebTablesTest">
                  </a> <!-- clickOnWebTablesTest -->
                  <span class="method-name">clickOnWebTablesTest</span>
                  <div class="stack-trace">org.openqa.selenium.NoSuchElementException: no such element: Unable to locate element: {&quot;method&quot;:&quot;xpath&quot;,&quot;selector&quot;:&quot;//div[@class=&apos;card-body&apos;and contains(h5,&apos;Elements&apos;)]&quot;}
  (Session info: chrome=134.0.6998.118)
For documentation on this error, please visit: https://selenium.dev/exceptions/#no_such_element
Build info: version: &apos;4.8.3&apos;, revision: &apos;e5e76298c3&apos;
System info: os.name: &apos;Mac OS X&apos;, os.arch: &apos;x86_64&apos;, os.version: &apos;14.7.1&apos;, java.version: &apos;20.0.1&apos;
Driver info: org.openqa.selenium.chrome.ChromeDriver
Command: [f009e9b51d40727a7b1a76227e9504b5, findElement {using=xpath, value=//div[@class=&apos;card-body&apos;and contains(h5,&apos;Elements&apos;)]}]
Capabilities {acceptInsecureCerts: false, browserName: chrome, browserVersion: 134.0.6998.118, chrome: {chromedriverVersion: 134.0.6998.165 (fd886e2cb29..., userDataDir: /var/folders/sy/w4kkw0kx79l...}, fedcm:accounts: true, goog:chromeOptions: {debuggerAddress: localhost:49167}, networkConnectionEnabled: false, pageLoadStrategy: normal, platformName: MAC, proxy: Proxy(), se:cdp: ws://localhost:49167/devtoo..., se:cdpVersion: 134.0.6998.118, setWindowRect: true, strictFileInteractability: false, timeouts: {implicit: 0, pageLoad: 300000, script: 30000}, unhandledPromptBehavior: dismiss and notify, webauthn:extension:credBlob: true, webauthn:extension:largeBlob: true, webauthn:extension:minPinLength: true, webauthn:extension:prf: true, webauthn:virtualAuthenticators: true}
Session ID: f009e9b51d40727a7b1a76227e9504b5
	at org.openqa.selenium.remote.codec.w3c.W3CHttpResponseCodec.createException(W3CHttpResponseCodec.java:200)
	at org.openqa.selenium.remote.codec.w3c.W3CHttpResponseCodec.decode(W3CHttpResponseCodec.java:133)
	at org.openqa.selenium.remote.codec.w3c.W3CHttpResponseCodec.decode(W3CHttpResponseCodec.java:53)
	at org.openqa.selenium.remote.HttpCommandExecutor.execute(HttpCommandExecutor.java:193)
	at org.openqa.selenium.remote.service.DriverCommandExecutor.invokeExecute(DriverCommandExecutor.java:183)
	at org.openqa.selenium.remote.service.DriverCommandExecutor.execute(DriverCommandExecutor.java:158)
	at org.openqa.selenium.remote.RemoteWebDriver.execute(RemoteWebDriver.java:543)
	at org.openqa.selenium.remote.ElementLocation$ElementFinder$2.findElement(ElementLocation.java:162)
	at org.openqa.selenium.remote.ElementLocation.findElement(ElementLocation.java:60)
	at org.openqa.selenium.remote.RemoteWebDriver.findElement(RemoteWebDriver.java:352)
	at org.openqa.selenium.remote.RemoteWebDriver.findElement(RemoteWebDriver.java:344)
	at org.openqa.selenium.support.decorators.WebDriverDecorator.call(WebDriverDecorator.java:247)
	at org.openqa.selenium.support.decorators.DefaultDecorated.call(DefaultDecorated.java:48)
	at org.openqa.selenium.support.decorators.WebDriverDecorator.lambda$createProxy$2(WebDriverDecorator.java:314)
	at net.bytebuddy.renamed.java.lang.Object$ByteBuddy$mRll0vhx.findElement(Unknown Source)
	at org.openqa.selenium.support.pagefactory.DefaultElementLocator.findElement(DefaultElementLocator.java:70)
	at org.openqa.selenium.support.pagefactory.internal.LocatingElementHandler.invoke(LocatingElementHandler.java:39)
	at jdk.proxy2/jdk.proxy2.$Proxy43.getWrappedElement(Unknown Source)
	at org.openqa.selenium.remote.internal.WebElementToJsonConverter.apply(WebElementToJsonConverter.java:52)
	at java.base/java.util.stream.ReferencePipeline$3$1.accept(ReferencePipeline.java:197)
	at java.base/java.util.Spliterators$ArraySpliterator.forEachRemaining(Spliterators.java:1006)
	at java.base/java.util.stream.AbstractPipeline.copyInto(AbstractPipeline.java:509)
	at java.base/java.util.stream.AbstractPipeline.wrapAndCopyInto(AbstractPipeline.java:499)
	at java.base/java.util.stream.ReduceOps$ReduceOp.evaluateSequential(ReduceOps.java:921)
	at java.base/java.util.stream.AbstractPipeline.evaluate(AbstractPipeline.java:234)
	at java.base/java.util.stream.ReferencePipeline.collect(ReferencePipeline.java:682)
	at org.openqa.selenium.remote.RemoteWebDriver.executeScript(RemoteWebDriver.java:477)
	at org.openqa.selenium.support.decorators.WebDriverDecorator.call(WebDriverDecorator.java:247)
	at org.openqa.selenium.support.decorators.DefaultDecorated.call(DefaultDecorated.java:48)
	at org.openqa.selenium.support.decorators.WebDriverDecorator.lambda$createProxy$2(WebDriverDecorator.java:314)
	at net.bytebuddy.renamed.java.lang.Object$ByteBuddy$mRll0vhx.executeScript(Unknown Source)
	at com.demoqa.util.TestUtil.windowScroll(TestUtil.java:42)
	at com.demoqa.pages.HomePage.clickOnElements(HomePage.java:50)
	at com.demoqa.testcases.ElementsPageTest.setUp(ElementsPageTest.java:29)
	at java.base/java.util.ArrayList.forEach(ArrayList.java:1511)
... Removed 36 stack frames
</div> <!-- stack-trace -->
                </div> <!-- method-content -->
              </div> <!-- method -->
              <div class="method">
                <div class="method-content">
                  <a name="verifyElementPageTest">
                  </a> <!-- verifyElementPageTest -->
                  <span class="method-name">verifyElementPageTest</span>
                  <div class="stack-trace">org.openqa.selenium.NoSuchElementException: no such element: Unable to locate element: {&quot;method&quot;:&quot;xpath&quot;,&quot;selector&quot;:&quot;//div[@class=&apos;card-body&apos;and contains(h5,&apos;Elements&apos;)]&quot;}
  (Session info: chrome=134.0.6998.118)
For documentation on this error, please visit: https://selenium.dev/exceptions/#no_such_element
Build info: version: &apos;4.8.3&apos;, revision: &apos;e5e76298c3&apos;
System info: os.name: &apos;Mac OS X&apos;, os.arch: &apos;x86_64&apos;, os.version: &apos;14.7.1&apos;, java.version: &apos;20.0.1&apos;
Driver info: org.openqa.selenium.chrome.ChromeDriver
Command: [f009e9b51d40727a7b1a76227e9504b5, findElement {using=xpath, value=//div[@class=&apos;card-body&apos;and contains(h5,&apos;Elements&apos;)]}]
Capabilities {acceptInsecureCerts: false, browserName: chrome, browserVersion: 134.0.6998.118, chrome: {chromedriverVersion: 134.0.6998.165 (fd886e2cb29..., userDataDir: /var/folders/sy/w4kkw0kx79l...}, fedcm:accounts: true, goog:chromeOptions: {debuggerAddress: localhost:49167}, networkConnectionEnabled: false, pageLoadStrategy: normal, platformName: MAC, proxy: Proxy(), se:cdp: ws://localhost:49167/devtoo..., se:cdpVersion: 134.0.6998.118, setWindowRect: true, strictFileInteractability: false, timeouts: {implicit: 0, pageLoad: 300000, script: 30000}, unhandledPromptBehavior: dismiss and notify, webauthn:extension:credBlob: true, webauthn:extension:largeBlob: true, webauthn:extension:minPinLength: true, webauthn:extension:prf: true, webauthn:virtualAuthenticators: true}
Session ID: f009e9b51d40727a7b1a76227e9504b5
	at org.openqa.selenium.remote.codec.w3c.W3CHttpResponseCodec.createException(W3CHttpResponseCodec.java:200)
	at org.openqa.selenium.remote.codec.w3c.W3CHttpResponseCodec.decode(W3CHttpResponseCodec.java:133)
	at org.openqa.selenium.remote.codec.w3c.W3CHttpResponseCodec.decode(W3CHttpResponseCodec.java:53)
	at org.openqa.selenium.remote.HttpCommandExecutor.execute(HttpCommandExecutor.java:193)
	at org.openqa.selenium.remote.service.DriverCommandExecutor.invokeExecute(DriverCommandExecutor.java:183)
	at org.openqa.selenium.remote.service.DriverCommandExecutor.execute(DriverCommandExecutor.java:158)
	at org.openqa.selenium.remote.RemoteWebDriver.execute(RemoteWebDriver.java:543)
	at org.openqa.selenium.remote.ElementLocation$ElementFinder$2.findElement(ElementLocation.java:162)
	at org.openqa.selenium.remote.ElementLocation.findElement(ElementLocation.java:60)
	at org.openqa.selenium.remote.RemoteWebDriver.findElement(RemoteWebDriver.java:352)
	at org.openqa.selenium.remote.RemoteWebDriver.findElement(RemoteWebDriver.java:344)
	at org.openqa.selenium.support.decorators.WebDriverDecorator.call(WebDriverDecorator.java:247)
	at org.openqa.selenium.support.decorators.DefaultDecorated.call(DefaultDecorated.java:48)
	at org.openqa.selenium.support.decorators.WebDriverDecorator.lambda$createProxy$2(WebDriverDecorator.java:314)
	at net.bytebuddy.renamed.java.lang.Object$ByteBuddy$mRll0vhx.findElement(Unknown Source)
	at org.openqa.selenium.support.pagefactory.DefaultElementLocator.findElement(DefaultElementLocator.java:70)
	at org.openqa.selenium.support.pagefactory.internal.LocatingElementHandler.invoke(LocatingElementHandler.java:39)
	at jdk.proxy2/jdk.proxy2.$Proxy43.getWrappedElement(Unknown Source)
	at org.openqa.selenium.remote.internal.WebElementToJsonConverter.apply(WebElementToJsonConverter.java:52)
	at java.base/java.util.stream.ReferencePipeline$3$1.accept(ReferencePipeline.java:197)
	at java.base/java.util.Spliterators$ArraySpliterator.forEachRemaining(Spliterators.java:1006)
	at java.base/java.util.stream.AbstractPipeline.copyInto(AbstractPipeline.java:509)
	at java.base/java.util.stream.AbstractPipeline.wrapAndCopyInto(AbstractPipeline.java:499)
	at java.base/java.util.stream.ReduceOps$ReduceOp.evaluateSequential(ReduceOps.java:921)
	at java.base/java.util.stream.AbstractPipeline.evaluate(AbstractPipeline.java:234)
	at java.base/java.util.stream.ReferencePipeline.collect(ReferencePipeline.java:682)
	at org.openqa.selenium.remote.RemoteWebDriver.executeScript(RemoteWebDriver.java:477)
	at org.openqa.selenium.support.decorators.WebDriverDecorator.call(WebDriverDecorator.java:247)
	at org.openqa.selenium.support.decorators.DefaultDecorated.call(DefaultDecorated.java:48)
	at org.openqa.selenium.support.decorators.WebDriverDecorator.lambda$createProxy$2(WebDriverDecorator.java:314)
	at net.bytebuddy.renamed.java.lang.Object$ByteBuddy$mRll0vhx.executeScript(Unknown Source)
	at com.demoqa.util.TestUtil.windowScroll(TestUtil.java:42)
	at com.demoqa.pages.HomePage.clickOnElements(HomePage.java:50)
	at com.demoqa.testcases.ElementsPageTest.setUp(ElementsPageTest.java:29)
	at java.base/java.util.ArrayList.forEach(ArrayList.java:1511)
... Removed 36 stack frames
</div> <!-- stack-trace -->
                </div> <!-- method-content -->
              </div> <!-- method -->
            </div> <!-- main-panel-content rounded-window-bottom -->
          </div> <!-- suite-DemoQA_Application_Automation-class-skipped -->
          <div class="suite-DemoQA_Application_Automation-class-passed">
            <div class="main-panel-header rounded-window-top">
              <img src="passed.png"/>
              <span class="class-name">com.demoqa.testcases.ElementsPageTest</span>
            </div> <!-- main-panel-header rounded-window-top -->
            <div class="main-panel-content rounded-window-bottom">
              <div class="method">
                <div class="method-content">
                  <a name="clickOnButtonsTest">
                  </a> <!-- clickOnButtonsTest -->
                  <span class="method-name">clickOnButtonsTest</span>
                </div> <!-- method-content -->
              </div> <!-- method -->
              <div class="method">
                <div class="method-content">
                  <a name="clickOnCheckBoxTest">
                  </a> <!-- clickOnCheckBoxTest -->
                  <span class="method-name">clickOnCheckBoxTest</span>
                </div> <!-- method-content -->
              </div> <!-- method -->
            </div> <!-- main-panel-content rounded-window-bottom -->
          </div> <!-- suite-DemoQA_Application_Automation-class-passed -->
          <div class="suite-DemoQA_Application_Automation-class-passed">
            <div class="main-panel-header rounded-window-top">
              <img src="passed.png"/>
              <span class="class-name">com.demoqa.testcases.JoinNowPageTest</span>
            </div> <!-- main-panel-header rounded-window-top -->
            <div class="main-panel-content rounded-window-bottom">
              <div class="method">
                <div class="method-content">
                  <a name="verifyJoinNowPageLogoTest">
                  </a> <!-- verifyJoinNowPageLogoTest -->
                  <span class="method-name">verifyJoinNowPageLogoTest</span>
                </div> <!-- method-content -->
              </div> <!-- method -->
              <div class="method">
                <div class="method-content">
                  <a name="verifyJoinNowPageTitleTest">
                  </a> <!-- verifyJoinNowPageTitleTest -->
                  <span class="method-name">verifyJoinNowPageTitleTest</span>
                </div> <!-- method-content -->
              </div> <!-- method -->
            </div> <!-- main-panel-content rounded-window-bottom -->
          </div> <!-- suite-DemoQA_Application_Automation-class-passed -->
          <div class="suite-DemoQA_Application_Automation-class-passed">
            <div class="main-panel-header rounded-window-top">
              <img src="passed.png"/>
              <span class="class-name">com.demoqa.testcases.HomePageTest</span>
            </div> <!-- main-panel-header rounded-window-top -->
            <div class="main-panel-content rounded-window-bottom">
              <div class="method">
                <div class="method-content">
                  <a name="clickOnAlertsFramesWindowTest">
                  </a> <!-- clickOnAlertsFramesWindowTest -->
                  <span class="method-name">clickOnAlertsFramesWindowTest</span>
                </div> <!-- method-content -->
              </div> <!-- method -->
              <div class="method">
                <div class="method-content">
                  <a name="clickOnBookStoreApplicationTest">
                  </a> <!-- clickOnBookStoreApplicationTest -->
                  <span class="method-name">clickOnBookStoreApplicationTest</span>
                </div> <!-- method-content -->
              </div> <!-- method -->
              <div class="method">
                <div class="method-content">
                  <a name="clickOnElementsTest">
                  </a> <!-- clickOnElementsTest -->
                  <span class="method-name">clickOnElementsTest</span>
                </div> <!-- method-content -->
              </div> <!-- method -->
              <div class="method">
                <div class="method-content">
                  <a name="clickOnFormsTest">
                  </a> <!-- clickOnFormsTest -->
                  <span class="method-name">clickOnFormsTest</span>
                </div> <!-- method-content -->
              </div> <!-- method -->
              <div class="method">
                <div class="method-content">
                  <a name="clickOnInteractionsTest">
                  </a> <!-- clickOnInteractionsTest -->
                  <span class="method-name">clickOnInteractionsTest</span>
                </div> <!-- method-content -->
              </div> <!-- method -->
              <div class="method">
                <div class="method-content">
                  <a name="clickOnWidgetsTest">
                  </a> <!-- clickOnWidgetsTest -->
                  <span class="method-name">clickOnWidgetsTest</span>
                </div> <!-- method-content -->
              </div> <!-- method -->
              <div class="method">
                <div class="method-content">
                  <a name="verifyHomePageLogoTest">
                  </a> <!-- verifyHomePageLogoTest -->
                  <span class="method-name">verifyHomePageLogoTest</span>
                </div> <!-- method-content -->
              </div> <!-- method -->
              <div class="method">
                <div class="method-content">
                  <a name="verifyHomePageTitleTest">
                  </a> <!-- verifyHomePageTitleTest -->
                  <span class="method-name">verifyHomePageTitleTest</span>
                </div> <!-- method-content -->
              </div> <!-- method -->
            </div> <!-- main-panel-content rounded-window-bottom -->
          </div> <!-- suite-DemoQA_Application_Automation-class-passed -->
          <div class="suite-DemoQA_Application_Automation-class-passed">
            <div class="main-panel-header rounded-window-top">
              <img src="passed.png"/>
              <span class="class-name">com.demoqa.testcases.TextBoxTest</span>
            </div> <!-- main-panel-header rounded-window-top -->
            <div class="main-panel-content rounded-window-bottom">
              <div class="method">
                <div class="method-content">
                  <a name="validatingOutputTextField">
                  </a> <!-- validatingOutputTextField -->
                  <span class="method-name">validatingOutputTextField</span>
                </div> <!-- method-content -->
              </div> <!-- method -->
            </div> <!-- main-panel-content rounded-window-bottom -->
          </div> <!-- suite-DemoQA_Application_Automation-class-passed -->
        </div> <!-- panel DemoQA_Application_Automation -->
        <div panel-name="test-xml-DemoQA_Application_Automation__0_" class="panel">
          <div class="main-panel-header rounded-window-top">
            <span class="header-content">/Users/revubharu/eclipse-workspace/DemoQAAutomation/TestNG_Smoke.xml</span>
          </div> <!-- main-panel-header rounded-window-top -->
          <div class="main-panel-content rounded-window-bottom">
            <pre>
&lt;?xml version=&quot;1.0&quot; encoding=&quot;UTF-8&quot;?&gt;
&lt;!DOCTYPE suite SYSTEM &quot;https://testng.org/testng-1.0.dtd&quot;&gt;
&lt;suite name=&quot;DemoQA Application Automation (0)&quot; guice-stage=&quot;DEVELOPMENT&quot;&gt;
  &lt;listeners&gt;
    &lt;listener class-name=&quot;com.demoqa.util.WebEventListener&quot;/&gt;
    &lt;listener class-name=&quot;com.demoqa.extentReportListener.ExtentReportListener&quot;/&gt;
  &lt;/listeners&gt;
  &lt;test thread-count=&quot;5&quot; name=&quot;Smoke Test Cases&quot;&gt;
    &lt;classes&gt;
      &lt;class name=&quot;com.demoqa.testcases.JoinNowPageTest&quot;/&gt;
      &lt;class name=&quot;com.demoqa.testcases.HomePageTest&quot;&gt;
        &lt;methods&gt;
          &lt;include name=&quot;verifyHomePageTitleTest&quot;/&gt;
          &lt;include name=&quot;verifyHomePageLogoTest&quot;/&gt;
        &lt;/methods&gt;
      &lt;/class&gt; &lt;!-- com.demoqa.testcases.HomePageTest --&gt;
    &lt;/classes&gt;
  &lt;/test&gt; &lt;!-- Smoke Test Cases --&gt;
&lt;/suite&gt; &lt;!-- DemoQA Application Automation (0) --&gt;
            </pre>
          </div> <!-- main-panel-content rounded-window-bottom -->
        </div> <!-- panel -->
        <div panel-name="test-xml-DemoQA_Application_Automation" class="panel">
          <div class="main-panel-header rounded-window-top">
            <span class="header-content">/Users/revubharu/eclipse-workspace/DemoQAAutomation/TestNG_Regression.xml</span>
          </div> <!-- main-panel-header rounded-window-top -->
          <div class="main-panel-content rounded-window-bottom">
            <pre>
&lt;?xml version=&quot;1.0&quot; encoding=&quot;UTF-8&quot;?&gt;
&lt;!DOCTYPE suite SYSTEM &quot;https://testng.org/testng-1.0.dtd&quot;&gt;
&lt;suite name=&quot;DemoQA Application Automation&quot; guice-stage=&quot;DEVELOPMENT&quot;&gt;
  &lt;listeners&gt;
    &lt;listener class-name=&quot;com.demoqa.util.WebEventListener&quot;/&gt;
    &lt;listener class-name=&quot;com.demoqa.extentReportListener.ExtentReportListener&quot;/&gt;
  &lt;/listeners&gt;
  &lt;test thread-count=&quot;5&quot; name=&quot;Regression Test Cases&quot;&gt;
    &lt;classes&gt;
      &lt;class name=&quot;com.demoqa.testcases.JoinNowPageTest&quot;/&gt;
      &lt;class name=&quot;com.demoqa.testcases.HomePageTest&quot;/&gt;
      &lt;class name=&quot;com.demoqa.testcases.ElementsPageTest&quot;/&gt;
      &lt;class name=&quot;com.demoqa.testcases.TextBoxTest&quot;&gt;
        &lt;methods&gt;
          &lt;include name=&quot;validatingOutputTextField&quot;/&gt;
        &lt;/methods&gt;
      &lt;/class&gt; &lt;!-- com.demoqa.testcases.TextBoxTest --&gt;
    &lt;/classes&gt;
  &lt;/test&gt; &lt;!-- Regression Test Cases --&gt;
&lt;/suite&gt; &lt;!-- DemoQA Application Automation --&gt;
            </pre>
          </div> <!-- main-panel-content rounded-window-bottom -->
        </div> <!-- panel -->
        <div panel-name="testlist-DemoQA_Application_Automation__0_" class="panel">
          <div class="main-panel-header rounded-window-top">
            <span class="header-content">Tests for DemoQA Application Automation (0)</span>
          </div> <!-- main-panel-header rounded-window-top -->
          <div class="main-panel-content rounded-window-bottom">
            <ul>
              <li>
                <span class="test-name">Smoke Test Cases (2 classes)</span>
              </li>
            </ul>
          </div> <!-- main-panel-content rounded-window-bottom -->
        </div> <!-- panel -->
        <div panel-name="testlist-DemoQA_Application_Automation" class="panel">
          <div class="main-panel-header rounded-window-top">
            <span class="header-content">Tests for DemoQA Application Automation</span>
          </div> <!-- main-panel-header rounded-window-top -->
          <div class="main-panel-content rounded-window-bottom">
            <ul>
              <li>
                <span class="test-name">Regression Test Cases (4 classes)</span>
              </li>
            </ul>
          </div> <!-- main-panel-content rounded-window-bottom -->
        </div> <!-- panel -->
        <div panel-name="group-DemoQA_Application_Automation__0_" class="panel">
          <div class="main-panel-header rounded-window-top">
            <span class="header-content">Groups for DemoQA Application Automation (0)</span>
          </div> <!-- main-panel-header rounded-window-top -->
          <div class="main-panel-content rounded-window-bottom">
          </div> <!-- main-panel-content rounded-window-bottom -->
        </div> <!-- panel -->
        <div panel-name="group-DemoQA_Application_Automation" class="panel">
          <div class="main-panel-header rounded-window-top">
            <span class="header-content">Groups for DemoQA Application Automation</span>
          </div> <!-- main-panel-header rounded-window-top -->
          <div class="main-panel-content rounded-window-bottom">
          </div> <!-- main-panel-content rounded-window-bottom -->
        </div> <!-- panel -->
        <div panel-name="times-DemoQA_Application_Automation__0_" class="panel">
          <div class="main-panel-header rounded-window-top">
            <span class="header-content">Times for DemoQA Application Automation (0)</span>
          </div> <!-- main-panel-header rounded-window-top -->
          <div class="main-panel-content rounded-window-bottom">
            <div class="times-div">
              <script type="text/javascript">
suiteTableInitFunctions.push('tableData_DemoQA_Application_Automation__0_');
function tableData_DemoQA_Application_Automation__0_() {
var data = new google.visualization.DataTable();
data.addColumn('number', 'Number');
data.addColumn('string', 'Method');
data.addColumn('string', 'Class');
data.addColumn('number', 'Time (ms)');
data.addRows(4);
data.setCell(0, 0, 0)
data.setCell(0, 1, 'verifyJoinNowPageTitleTest')
data.setCell(0, 2, 'com.demoqa.testcases.JoinNowPageTest')
data.setCell(0, 3, 23258);
data.setCell(1, 0, 1)
data.setCell(1, 1, 'verifyJoinNowPageLogoTest')
data.setCell(1, 2, 'com.demoqa.testcases.JoinNowPageTest')
data.setCell(1, 3, 22309);
data.setCell(2, 0, 2)
data.setCell(2, 1, 'verifyHomePageLogoTest')
data.setCell(2, 2, 'com.demoqa.testcases.HomePageTest')
data.setCell(2, 3, 1011);
data.setCell(3, 0, 3)
data.setCell(3, 1, 'verifyHomePageTitleTest')
data.setCell(3, 2, 'com.demoqa.testcases.HomePageTest')
data.setCell(3, 3, 104);
window.suiteTableData['DemoQA_Application_Automation__0_']= { tableData: data, tableDiv: 'times-div-DemoQA_Application_Automation__0_'}
return data;
}
              </script>
              <span class="suite-total-time">Total running time: 46 seconds</span>
              <div id="times-div-DemoQA_Application_Automation__0_">
              </div> <!-- times-div-DemoQA_Application_Automation__0_ -->
            </div> <!-- times-div -->
          </div> <!-- main-panel-content rounded-window-bottom -->
        </div> <!-- panel -->
        <div panel-name="times-DemoQA_Application_Automation" class="panel">
          <div class="main-panel-header rounded-window-top">
            <span class="header-content">Times for DemoQA Application Automation</span>
          </div> <!-- main-panel-header rounded-window-top -->
          <div class="main-panel-content rounded-window-bottom">
            <div class="times-div">
              <script type="text/javascript">
suiteTableInitFunctions.push('tableData_DemoQA_Application_Automation');
function tableData_DemoQA_Application_Automation() {
var data = new google.visualization.DataTable();
data.addColumn('number', 'Number');
data.addColumn('string', 'Method');
data.addColumn('string', 'Class');
data.addColumn('number', 'Time (ms)');
data.addRows(21);
data.setCell(0, 0, 0)
data.setCell(0, 1, 'clickOnBrokenLinksAndImagesTest')
data.setCell(0, 2, 'com.demoqa.testcases.ElementsPageTest')
data.setCell(0, 3, 35597);
data.setCell(1, 0, 1)
data.setCell(1, 1, 'verifyJoinNowPageLogoTest')
data.setCell(1, 2, 'com.demoqa.testcases.JoinNowPageTest')
data.setCell(1, 3, 22430);
data.setCell(2, 0, 2)
data.setCell(2, 1, 'verifyJoinNowPageTitleTest')
data.setCell(2, 2, 'com.demoqa.testcases.JoinNowPageTest')
data.setCell(2, 3, 18695);
data.setCell(3, 0, 3)
data.setCell(3, 1, 'clickOnCheckBoxTest')
data.setCell(3, 2, 'com.demoqa.testcases.ElementsPageTest')
data.setCell(3, 3, 14226);
data.setCell(4, 0, 4)
data.setCell(4, 1, 'clickOnAlertsFramesWindowTest')
data.setCell(4, 2, 'com.demoqa.testcases.HomePageTest')
data.setCell(4, 3, 11877);
data.setCell(5, 0, 5)
data.setCell(5, 1, 'clickOnButtonsTest')
data.setCell(5, 2, 'com.demoqa.testcases.ElementsPageTest')
data.setCell(5, 3, 11838);
data.setCell(6, 0, 6)
data.setCell(6, 1, 'clickOnElementsTest')
data.setCell(6, 2, 'com.demoqa.testcases.HomePageTest')
data.setCell(6, 3, 11442);
data.setCell(7, 0, 7)
data.setCell(7, 1, 'clickOnWidgetsTest')
data.setCell(7, 2, 'com.demoqa.testcases.HomePageTest')
data.setCell(7, 3, 8970);
data.setCell(8, 0, 8)
data.setCell(8, 1, 'clickOnInteractionsTest')
data.setCell(8, 2, 'com.demoqa.testcases.HomePageTest')
data.setCell(8, 3, 8791);
data.setCell(9, 0, 9)
data.setCell(9, 1, 'clickOnFormsTest')
data.setCell(9, 2, 'com.demoqa.testcases.HomePageTest')
data.setCell(9, 3, 8551);
data.setCell(10, 0, 10)
data.setCell(10, 1, 'clickOnBookStoreApplicationTest')
data.setCell(10, 2, 'com.demoqa.testcases.HomePageTest')
data.setCell(10, 3, 7447);
data.setCell(11, 0, 11)
data.setCell(11, 1, 'validatingOutputTextField')
data.setCell(11, 2, 'com.demoqa.testcases.TextBoxTest')
data.setCell(11, 3, 2165);
data.setCell(12, 0, 12)
data.setCell(12, 1, 'verifyHomePageLogoTest')
data.setCell(12, 2, 'com.demoqa.testcases.HomePageTest')
data.setCell(12, 3, 1314);
data.setCell(13, 0, 13)
data.setCell(13, 1, 'verifyHomePageTitleTest')
data.setCell(13, 2, 'com.demoqa.testcases.HomePageTest')
data.setCell(13, 3, 82);
data.setCell(14, 0, 14)
data.setCell(14, 1, 'clickOnLinksTest')
data.setCell(14, 2, 'com.demoqa.testcases.ElementsPageTest')
data.setCell(14, 3, 0);
data.setCell(15, 0, 15)
data.setCell(15, 1, 'clickOnTextBoxTest')
data.setCell(15, 2, 'com.demoqa.testcases.ElementsPageTest')
data.setCell(15, 3, 0);
data.setCell(16, 0, 16)
data.setCell(16, 1, 'clickOnRadioButtonTest')
data.setCell(16, 2, 'com.demoqa.testcases.ElementsPageTest')
data.setCell(16, 3, 0);
data.setCell(17, 0, 17)
data.setCell(17, 1, 'clickOnUploadAndDownloadTest')
data.setCell(17, 2, 'com.demoqa.testcases.ElementsPageTest')
data.setCell(17, 3, 0);
data.setCell(18, 0, 18)
data.setCell(18, 1, 'clickOnWebTablesTest')
data.setCell(18, 2, 'com.demoqa.testcases.ElementsPageTest')
data.setCell(18, 3, 0);
data.setCell(19, 0, 19)
data.setCell(19, 1, 'clickOnDynamicPropertiesTest')
data.setCell(19, 2, 'com.demoqa.testcases.ElementsPageTest')
data.setCell(19, 3, 0);
data.setCell(20, 0, 20)
data.setCell(20, 1, 'verifyElementPageTest')
data.setCell(20, 2, 'com.demoqa.testcases.ElementsPageTest')
data.setCell(20, 3, 0);
window.suiteTableData['DemoQA_Application_Automation']= { tableData: data, tableDiv: 'times-div-DemoQA_Application_Automation'}
return data;
}
              </script>
              <span class="suite-total-time">Total running time: 2 minutes</span>
              <div id="times-div-DemoQA_Application_Automation">
              </div> <!-- times-div-DemoQA_Application_Automation -->
            </div> <!-- times-div -->
          </div> <!-- main-panel-content rounded-window-bottom -->
        </div> <!-- panel -->
        <div panel-name="reporter-DemoQA_Application_Automation__0_" class="panel">
          <div class="main-panel-header rounded-window-top">
            <span class="header-content">Reporter output for DemoQA Application Automation (0)</span>
          </div> <!-- main-panel-header rounded-window-top -->
          <div class="main-panel-content rounded-window-bottom">
          </div> <!-- main-panel-content rounded-window-bottom -->
        </div> <!-- panel -->
        <div panel-name="reporter-DemoQA_Application_Automation" class="panel">
          <div class="main-panel-header rounded-window-top">
            <span class="header-content">Reporter output for DemoQA Application Automation</span>
          </div> <!-- main-panel-header rounded-window-top -->
          <div class="main-panel-content rounded-window-bottom">
          </div> <!-- main-panel-content rounded-window-bottom -->
        </div> <!-- panel -->
        <div panel-name="ignored-methods-DemoQA_Application_Automation__0_" class="panel">
          <div class="main-panel-header rounded-window-top">
            <span class="header-content">8 ignored methods</span>
          </div> <!-- main-panel-header rounded-window-top -->
          <div class="main-panel-content rounded-window-bottom">
            <div class="ignored-class-div">
              <span class="ignored-class-name">com.demoqa.testcases.HomePageTest</span>
              <div class="ignored-methods-div">
                <span class="ignored-method-name">listnerSetup</span>
                <br/>
                <span class="ignored-method-name">clickOnFormsTest</span>
                <br/>
                <span class="ignored-method-name">clickOnElementsTest</span>
                <br/>
                <span class="ignored-method-name">clickOnWidgetsTest</span>
                <br/>
                <span class="ignored-method-name">listenerShutDown</span>
                <br/>
                <span class="ignored-method-name">clickOnInteractionsTest</span>
                <br/>
                <span class="ignored-method-name">clickOnBookStoreApplicationTest</span>
                <br/>
                <span class="ignored-method-name">clickOnAlertsFramesWindowTest</span>
                <br/>
              </div> <!-- ignored-methods-div -->
            </div> <!-- ignored-class-div -->
          </div> <!-- main-panel-content rounded-window-bottom -->
        </div> <!-- panel -->
        <div panel-name="ignored-methods-DemoQA_Application_Automation" class="panel">
          <div class="main-panel-header rounded-window-top">
            <span class="header-content">10 ignored methods</span>
          </div> <!-- main-panel-header rounded-window-top -->
          <div class="main-panel-content rounded-window-bottom">
            <div class="ignored-class-div">
              <span class="ignored-class-name">com.demoqa.testcases.ElementsPageTest</span>
              <div class="ignored-methods-div">
                <span class="ignored-method-name">listnerSetup</span>
                <br/>
                <span class="ignored-method-name">listenerShutDown</span>
                <br/>
              </div> <!-- ignored-methods-div -->
            </div> <!-- ignored-class-div -->
            <div class="ignored-class-div">
              <span class="ignored-class-name">com.demoqa.testcases.HomePageTest</span>
              <div class="ignored-methods-div">
                <span class="ignored-method-name">listnerSetup</span>
                <br/>
                <span class="ignored-method-name">listenerShutDown</span>
                <br/>
              </div> <!-- ignored-methods-div -->
            </div> <!-- ignored-class-div -->
            <div class="ignored-class-div">
              <span class="ignored-class-name">com.demoqa.testcases.TextBoxTest</span>
              <div class="ignored-methods-div">
                <span class="ignored-method-name">listnerSetup</span>
                <br/>
                <span class="ignored-method-name">listenerShutDown</span>
                <br/>
                <span class="ignored-method-name">validateTextBoxFeatureTest</span>
                <br/>
                <span class="ignored-method-name">validateTextBoxFieldsWithInvalidData</span>
                <br/>
                <span class="ignored-method-name">validateTextBoxFieldsWithValidData</span>
                <br/>
                <span class="ignored-method-name">validateTextBoxPageTest</span>
                <br/>
              </div> <!-- ignored-methods-div -->
            </div> <!-- ignored-class-div -->
          </div> <!-- main-panel-content rounded-window-bottom -->
        </div> <!-- panel -->
        <div panel-name="chronological-DemoQA_Application_Automation__0_" class="panel">
          <div class="main-panel-header rounded-window-top">
            <span class="header-content">Methods in chronological order</span>
          </div> <!-- main-panel-header rounded-window-top -->
          <div class="main-panel-content rounded-window-bottom">
            <div class="chronological-class">
              <div class="chronological-class-name">com.demoqa.testcases.JoinNowPageTest</div> <!-- chronological-class-name -->
              <div class="configuration-suite before">
                <span class="method-name">listnerSetup</span>
                <span class="method-start">0 ms</span>
              </div> <!-- configuration-suite before -->
              <div class="configuration-method before">
                <span class="method-name">setUp</span>
                <span class="method-start">41 ms</span>
              </div> <!-- configuration-method before -->
              <div class="test-method">
                <span class="method-name">verifyJoinNowPageTitleTest</span>
                <span class="method-start">39440 ms</span>
              </div> <!-- test-method -->
              <div class="configuration-method after">
                <span class="method-name">cleanUp</span>
                <span class="method-start">62728 ms</span>
              </div> <!-- configuration-method after -->
              <div class="configuration-method before">
                <span class="method-name">setUp</span>
                <span class="method-start">63114 ms</span>
              </div> <!-- configuration-method before -->
              <div class="test-method">
                <span class="method-name">verifyJoinNowPageLogoTest</span>
                <span class="method-start">106318 ms</span>
              </div> <!-- test-method -->
              <div class="configuration-method after">
                <span class="method-name">cleanUp</span>
                <span class="method-start">128643 ms</span>
              </div> <!-- configuration-method after -->
            </div> <!-- chronological-class -->
            <div class="chronological-class">
              <div class="chronological-class-name">com.demoqa.testcases.HomePageTest</div> <!-- chronological-class-name -->
              <div class="configuration-method before">
                <span class="method-name">setUp</span>
                <span class="method-start">129025 ms</span>
              </div> <!-- configuration-method before -->
              <div class="test-method">
                <span class="method-name">verifyHomePageTitleTest</span>
                <span class="method-start">164211 ms</span>
              </div> <!-- test-method -->
              <div class="configuration-method after">
                <span class="method-name">cleanUp</span>
                <span class="method-start">164317 ms</span>
              </div> <!-- configuration-method after -->
              <div class="configuration-method before">
                <span class="method-name">setUp</span>
                <span class="method-start">164698 ms</span>
              </div> <!-- configuration-method before -->
              <div class="test-method">
                <span class="method-name">verifyHomePageLogoTest</span>
                <span class="method-start">202004 ms</span>
              </div> <!-- test-method -->
              <div class="configuration-method after">
                <span class="method-name">cleanUp</span>
                <span class="method-start">203065 ms</span>
              </div> <!-- configuration-method after -->
            </div> <!-- chronological-class -->
            <div class="chronological-class">
              <div class="chronological-class-name">com.demoqa.testcases.JoinNowPageTest</div> <!-- chronological-class-name -->
              <div class="configuration-suite after">
                <span class="method-name">listenerShutDown</span>
                <span class="method-start">203363 ms</span>
              </div> <!-- configuration-suite after -->
          </div> <!-- main-panel-content rounded-window-bottom -->
        </div> <!-- panel -->
        <div panel-name="chronological-DemoQA_Application_Automation" class="panel">
          <div class="main-panel-header rounded-window-top">
            <span class="header-content">Methods in chronological order</span>
          </div> <!-- main-panel-header rounded-window-top -->
          <div class="main-panel-content rounded-window-bottom">
            <div class="chronological-class">
              <div class="chronological-class-name">com.demoqa.testcases.JoinNowPageTest</div> <!-- chronological-class-name -->
              <div class="configuration-suite before">
                <span class="method-name">listnerSetup</span>
                <span class="method-start">0 ms</span>
              </div> <!-- configuration-suite before -->
              <div class="configuration-method before">
                <span class="method-name">setUp</span>
                <span class="method-start">709 ms</span>
              </div> <!-- configuration-method before -->
              <div class="test-method">
                <span class="method-name">verifyJoinNowPageTitleTest</span>
                <span class="method-start">84652 ms</span>
              </div> <!-- test-method -->
              <div class="configuration-method after">
                <span class="method-name">cleanUp</span>
                <span class="method-start">103370 ms</span>
              </div> <!-- configuration-method after -->
              <div class="configuration-method before">
                <span class="method-name">setUp</span>
                <span class="method-start">103701 ms</span>
              </div> <!-- configuration-method before -->
              <div class="test-method">
                <span class="method-name">verifyJoinNowPageLogoTest</span>
                <span class="method-start">142266 ms</span>
              </div> <!-- test-method -->
              <div class="configuration-method after">
                <span class="method-name">cleanUp</span>
                <span class="method-start">164720 ms</span>
              </div> <!-- configuration-method after -->
            </div> <!-- chronological-class -->
            <div class="chronological-class">
              <div class="chronological-class-name">com.demoqa.testcases.HomePageTest</div> <!-- chronological-class-name -->
              <div class="configuration-method before">
                <span class="method-name">setUp</span>
                <span class="method-start">165116 ms</span>
              </div> <!-- configuration-method before -->
              <div class="test-method">
                <span class="method-name">verifyHomePageTitleTest</span>
                <span class="method-start">198340 ms</span>
              </div> <!-- test-method -->
              <div class="configuration-method after">
                <span class="method-name">cleanUp</span>
                <span class="method-start">198429 ms</span>
              </div> <!-- configuration-method after -->
              <div class="configuration-method before">
                <span class="method-name">setUp</span>
                <span class="method-start">198660 ms</span>
              </div> <!-- configuration-method before -->
              <div class="test-method">
                <span class="method-name">verifyHomePageLogoTest</span>
                <span class="method-start">233781 ms</span>
              </div> <!-- test-method -->
              <div class="configuration-method after">
                <span class="method-name">cleanUp</span>
                <span class="method-start">235099 ms</span>
              </div> <!-- configuration-method after -->
              <div class="configuration-method before">
                <span class="method-name">setUp</span>
                <span class="method-start">235429 ms</span>
              </div> <!-- configuration-method before -->
              <div class="test-method">
                <span class="method-name">clickOnElementsTest</span>
                <span class="method-start">268144 ms</span>
              </div> <!-- test-method -->
              <div class="configuration-method after">
                <span class="method-name">cleanUp</span>
                <span class="method-start">279607 ms</span>
              </div> <!-- configuration-method after -->
              <div class="configuration-method before">
                <span class="method-name">setUp</span>
                <span class="method-start">279933 ms</span>
              </div> <!-- configuration-method before -->
              <div class="test-method">
                <span class="method-name">clickOnFormsTest</span>
                <span class="method-start">305088 ms</span>
              </div> <!-- test-method -->
              <div class="configuration-method after">
                <span class="method-name">cleanUp</span>
                <span class="method-start">313650 ms</span>
              </div> <!-- configuration-method after -->
              <div class="configuration-method before">
                <span class="method-name">setUp</span>
                <span class="method-start">313920 ms</span>
              </div> <!-- configuration-method before -->
              <div class="test-method">
                <span class="method-name">clickOnAlertsFramesWindowTest</span>
                <span class="method-start">346724 ms</span>
              </div> <!-- test-method -->
              <div class="configuration-method after">
                <span class="method-name">cleanUp</span>
                <span class="method-start">358628 ms</span>
              </div> <!-- configuration-method after -->
              <div class="configuration-method before">
                <span class="method-name">setUp</span>
                <span class="method-start">358976 ms</span>
              </div> <!-- configuration-method before -->
              <div class="test-method">
                <span class="method-name">clickOnWidgetsTest</span>
                <span class="method-start">392480 ms</span>
              </div> <!-- test-method -->
              <div class="configuration-method after">
                <span class="method-name">cleanUp</span>
                <span class="method-start">401467 ms</span>
              </div> <!-- configuration-method after -->
              <div class="configuration-method before">
                <span class="method-name">setUp</span>
                <span class="method-start">401745 ms</span>
              </div> <!-- configuration-method before -->
              <div class="test-method">
                <span class="method-name">clickOnInteractionsTest</span>
                <span class="method-start">439310 ms</span>
              </div> <!-- test-method -->
              <div class="configuration-method after">
                <span class="method-name">cleanUp</span>
                <span class="method-start">448111 ms</span>
              </div> <!-- configuration-method after -->
              <div class="configuration-method before">
                <span class="method-name">setUp</span>
                <span class="method-start">448462 ms</span>
              </div> <!-- configuration-method before -->
              <div class="test-method">
                <span class="method-name">clickOnBookStoreApplicationTest</span>
                <span class="method-start">481155 ms</span>
              </div> <!-- test-method -->
              <div class="configuration-method after">
                <span class="method-name">cleanUp</span>
                <span class="method-start">488607 ms</span>
              </div> <!-- configuration-method after -->
            </div> <!-- chronological-class -->
            <div class="chronological-class">
              <div class="chronological-class-name">com.demoqa.testcases.ElementsPageTest</div> <!-- chronological-class-name -->
              <div class="configuration-method before">
                <span class="method-name">setUp</span>
                <span class="method-start">488932 ms</span>
              </div> <!-- configuration-method before -->
              <div class="test-method">
                <img src="failed.png">
                </img>
                <span class="method-name">clickOnBrokenLinksAndImagesTest</span>
                <span class="method-start">530692 ms</span>
              </div> <!-- test-method -->
              <div class="configuration-method after">
                <span class="method-name">cleanUp</span>
                <span class="method-start">566858 ms</span>
              </div> <!-- configuration-method after -->
              <div class="configuration-method before">
                <span class="method-name">setUp</span>
                <span class="method-start">567217 ms</span>
              </div> <!-- configuration-method before -->
              <div class="test-method">
                <span class="method-name">clickOnButtonsTest</span>
                <span class="method-start">618702 ms</span>
              </div> <!-- test-method -->
              <div class="configuration-method after">
                <span class="method-name">cleanUp</span>
                <span class="method-start">630549 ms</span>
              </div> <!-- configuration-method after -->
              <div class="configuration-method before">
                <span class="method-name">setUp</span>
                <span class="method-start">630956 ms</span>
              </div> <!-- configuration-method before -->
              <div class="test-method">
                <span class="method-name">clickOnCheckBoxTest</span>
                <span class="method-start">671368 ms</span>
              </div> <!-- test-method -->
              <div class="configuration-method after">
                <span class="method-name">cleanUp</span>
                <span class="method-start">685600 ms</span>
              </div> <!-- configuration-method after -->
              <div class="configuration-method before">
                <img src="failed.png">
                </img>
                <span class="method-name">setUp</span>
                <span class="method-start">685911 ms</span>
              </div> <!-- configuration-method before -->
              <div class="test-method">
                <span class="method-name">clickOnDynamicPropertiesTest</span>
                <span class="method-start">695385 ms</span>
              </div> <!-- test-method -->
              <div class="configuration-method after">
                <span class="method-name">cleanUp</span>
                <span class="method-start">695395 ms</span>
              </div> <!-- configuration-method after -->
              <div class="configuration-method before">
                <span class="method-name">setUp</span>
                <span class="method-start">695397 ms</span>
              </div> <!-- configuration-method before -->
              <div class="test-method">
                <span class="method-name">clickOnLinksTest</span>
                <span class="method-start">695400 ms</span>
              </div> <!-- test-method -->
              <div class="configuration-method after">
                <span class="method-name">cleanUp</span>
                <span class="method-start">695403 ms</span>
              </div> <!-- configuration-method after -->
              <div class="configuration-method before">
                <span class="method-name">setUp</span>
                <span class="method-start">695404 ms</span>
              </div> <!-- configuration-method before -->
              <div class="test-method">
                <span class="method-name">clickOnRadioButtonTest</span>
                <span class="method-start">695405 ms</span>
              </div> <!-- test-method -->
              <div class="configuration-method after">
                <span class="method-name">cleanUp</span>
                <span class="method-start">695410 ms</span>
              </div> <!-- configuration-method after -->
              <div class="configuration-method before">
                <span class="method-name">setUp</span>
                <span class="method-start">695411 ms</span>
              </div> <!-- configuration-method before -->
              <div class="test-method">
                <span class="method-name">clickOnTextBoxTest</span>
                <span class="method-start">695412 ms</span>
              </div> <!-- test-method -->
              <div class="configuration-method after">
                <span class="method-name">cleanUp</span>
                <span class="method-start">695417 ms</span>
              </div> <!-- configuration-method after -->
              <div class="configuration-method before">
                <span class="method-name">setUp</span>
                <span class="method-start">695418 ms</span>
              </div> <!-- configuration-method before -->
              <div class="test-method">
                <span class="method-name">clickOnUploadAndDownloadTest</span>
                <span class="method-start">695419 ms</span>
              </div> <!-- test-method -->
              <div class="configuration-method after">
                <span class="method-name">cleanUp</span>
                <span class="method-start">695422 ms</span>
              </div> <!-- configuration-method after -->
              <div class="test-method">
                <span class="method-name">clickOnWebTablesTest</span>
                <span class="method-start">695423 ms</span>
              </div> <!-- test-method -->
              <div class="configuration-method before">
                <span class="method-name">setUp</span>
                <span class="method-start">695423 ms</span>
              </div> <!-- configuration-method before -->
              <div class="configuration-method after">
                <span class="method-name">cleanUp</span>
                <span class="method-start">695426 ms</span>
              </div> <!-- configuration-method after -->
              <div class="configuration-method before">
                <span class="method-name">setUp</span>
                <span class="method-start">695426 ms</span>
              </div> <!-- configuration-method before -->
              <div class="test-method">
                <span class="method-name">verifyElementPageTest</span>
                <span class="method-start">695427 ms</span>
              </div> <!-- test-method -->
              <div class="configuration-method after">
                <span class="method-name">cleanUp</span>
                <span class="method-start">695431 ms</span>
              </div> <!-- configuration-method after -->
            </div> <!-- chronological-class -->
            <div class="chronological-class">
              <div class="chronological-class-name">com.demoqa.testcases.TextBoxTest</div> <!-- chronological-class-name -->
              <div class="configuration-method before">
                <span class="method-name">setup</span>
                <span class="method-start">695433 ms</span>
              </div> <!-- configuration-method before -->
              <div class="test-method">
                <span class="method-name">validatingOutputTextField</span>
                <span class="method-start">773328 ms</span>
              </div> <!-- test-method -->
              <div class="configuration-method after">
                <span class="method-name">cleanUp</span>
                <span class="method-start">775498 ms</span>
              </div> <!-- configuration-method after -->
            </div> <!-- chronological-class -->
            <div class="chronological-class">
              <div class="chronological-class-name">com.demoqa.testcases.JoinNowPageTest</div> <!-- chronological-class-name -->
              <div class="configuration-suite after">
                <span class="method-name">listenerShutDown</span>
                <span class="method-start">776275 ms</span>
              </div> <!-- configuration-suite after -->
          </div> <!-- main-panel-content rounded-window-bottom -->
        </div> <!-- panel -->
      </div> <!-- main-panel-root -->
    </div> <!-- wrapper -->
  </body>
<script type="text/javascript" src="testng-reports2.js"></script>
</html>
