<?xml version="1.0" encoding="UTF-8"?>
<!-- Generated by org.testng.reporters.JUnitXMLReporter -->
<testsuite ignored="10" hostname="Revathis-MacBook-Air.local" failures="1" tests="21" name="Regression Test Cases" time="775.182" errors="0" timestamp="2025-03-21T11:31:58 MST">
  <testcase classname="com.demoqa.testcases.ElementsPageTest" name="@BeforeMethod setUp" time="9.465">
    <failure type="org.openqa.selenium.NoSuchElementException" message="no such element: Unable to locate element: {&amp;quot;method&amp;quot;:&amp;quot;xpath&amp;quot;,&amp;quot;selector&amp;quot;:&amp;quot;//div[@class=&amp;apos;card-body&amp;apos;and contains(h5,&amp;apos;Elements&amp;apos;)]&amp;quot;}
  (Session info: chrome=134.0.6998.118)
For documentation on this error, please visit: https://selenium.dev/exceptions/#no_such_element
Build info: version: &amp;apos;4.8.3&amp;apos;, revision: &amp;apos;e5e76298c3&amp;apos;
System info: os.name: &amp;apos;Mac OS X&amp;apos;, os.arch: &amp;apos;x86_64&amp;apos;, os.version: &amp;apos;14.7.1&amp;apos;, java.version: &amp;apos;20.0.1&amp;apos;
Driver info: org.openqa.selenium.chrome.ChromeDriver
Command: [f009e9b51d40727a7b1a76227e9504b5, findElement {using=xpath, value=//div[@class=&amp;apos;card-body&amp;apos;and contains(h5,&amp;apos;Elements&amp;apos;)]}]
Capabilities {acceptInsecureCerts: false, browserName: chrome, browserVersion: 134.0.6998.118, chrome: {chromedriverVersion: 134.0.6998.165 (fd886e2cb29..., userDataDir: /var/folders/sy/w4kkw0kx79l...}, fedcm:accounts: true, goog:chromeOptions: {debuggerAddress: localhost:49167}, networkConnectionEnabled: false, pageLoadStrategy: normal, platformName: MAC, proxy: Proxy(), se:cdp: ws://localhost:49167/devtoo..., se:cdpVersion: 134.0.6998.118, setWindowRect: true, strictFileInteractability: false, timeouts: {implicit: 0, pageLoad: 300000, script: 30000}, unhandledPromptBehavior: dismiss and notify, webauthn:extension:credBlob: true, webauthn:extension:largeBlob: true, webauthn:extension:minPinLength: true, webauthn:extension:prf: true, webauthn:virtualAuthenticators: true}
Session ID: f009e9b51d40727a7b1a76227e9504b5">
      <![CDATA[org.openqa.selenium.NoSuchElementException: no such element: Unable to locate element: {"method":"xpath","selector":"//div[@class='card-body'and contains(h5,'Elements')]"}
  (Session info: chrome=134.0.6998.118)
For documentation on this error, please visit: https://selenium.dev/exceptions/#no_such_element
Build info: version: '4.8.3', revision: 'e5e76298c3'
System info: os.name: 'Mac OS X', os.arch: 'x86_64', os.version: '14.7.1', java.version: '20.0.1'
Driver info: org.openqa.selenium.chrome.ChromeDriver
Command: [f009e9b51d40727a7b1a76227e9504b5, findElement {using=xpath, value=//div[@class='card-body'and contains(h5,'Elements')]}]
Capabilities {acceptInsecureCerts: false, browserName: chrome, browserVersion: 134.0.6998.118, chrome: {chromedriverVersion: 134.0.6998.165 (fd886e2cb29..., userDataDir: /var/folders/sy/w4kkw0kx79l...}, fedcm:accounts: true, goog:chromeOptions: {debuggerAddress: localhost:49167}, networkConnectionEnabled: false, pageLoadStrategy: normal, platformName: MAC, proxy: Proxy(), se:cdp: ws://localhost:49167/devtoo..., se:cdpVersion: 134.0.6998.118, setWindowRect: true, strictFileInteractability: false, timeouts: {implicit: 0, pageLoad: 300000, script: 30000}, unhandledPromptBehavior: dismiss and notify, webauthn:extension:credBlob: true, webauthn:extension:largeBlob: true, webauthn:extension:minPinLength: true, webauthn:extension:prf: true, webauthn:virtualAuthenticators: true}
Session ID: f009e9b51d40727a7b1a76227e9504b5
at org.openqa.selenium.remote.codec.w3c.W3CHttpResponseCodec.createException(W3CHttpResponseCodec.java:200)
at org.openqa.selenium.remote.codec.w3c.W3CHttpResponseCodec.decode(W3CHttpResponseCodec.java:133)
at org.openqa.selenium.remote.codec.w3c.W3CHttpResponseCodec.decode(W3CHttpResponseCodec.java:53)
at org.openqa.selenium.remote.HttpCommandExecutor.execute(HttpCommandExecutor.java:193)
at org.openqa.selenium.remote.service.DriverCommandExecutor.invokeExecute(DriverCommandExecutor.java:183)
at org.openqa.selenium.remote.service.DriverCommandExecutor.execute(DriverCommandExecutor.java:158)
at org.openqa.selenium.remote.RemoteWebDriver.execute(RemoteWebDriver.java:543)
at org.openqa.selenium.remote.ElementLocation$ElementFinder$2.findElement(ElementLocation.java:162)
at org.openqa.selenium.remote.ElementLocation.findElement(ElementLocation.java:60)
at org.openqa.selenium.remote.RemoteWebDriver.findElement(RemoteWebDriver.java:352)
at org.openqa.selenium.remote.RemoteWebDriver.findElement(RemoteWebDriver.java:344)
at org.openqa.selenium.support.decorators.WebDriverDecorator.call(WebDriverDecorator.java:247)
at org.openqa.selenium.support.decorators.DefaultDecorated.call(DefaultDecorated.java:48)
at org.openqa.selenium.support.decorators.WebDriverDecorator.lambda$createProxy$2(WebDriverDecorator.java:314)
at net.bytebuddy.renamed.java.lang.Object$ByteBuddy$mRll0vhx.findElement(Unknown Source)
at org.openqa.selenium.support.pagefactory.DefaultElementLocator.findElement(DefaultElementLocator.java:70)
at org.openqa.selenium.support.pagefactory.internal.LocatingElementHandler.invoke(LocatingElementHandler.java:39)
at jdk.proxy2/jdk.proxy2.$Proxy43.getWrappedElement(Unknown Source)
at org.openqa.selenium.remote.internal.WebElementToJsonConverter.apply(WebElementToJsonConverter.java:52)
at java.base/java.util.stream.ReferencePipeline$3$1.accept(ReferencePipeline.java:197)
at java.base/java.util.Spliterators$ArraySpliterator.forEachRemaining(Spliterators.java:1006)
at java.base/java.util.stream.AbstractPipeline.copyInto(AbstractPipeline.java:509)
at java.base/java.util.stream.AbstractPipeline.wrapAndCopyInto(AbstractPipeline.java:499)
at java.base/java.util.stream.ReduceOps$ReduceOp.evaluateSequential(ReduceOps.java:921)
at java.base/java.util.stream.AbstractPipeline.evaluate(AbstractPipeline.java:234)
at java.base/java.util.stream.ReferencePipeline.collect(ReferencePipeline.java:682)
at org.openqa.selenium.remote.RemoteWebDriver.executeScript(RemoteWebDriver.java:477)
at org.openqa.selenium.support.decorators.WebDriverDecorator.call(WebDriverDecorator.java:247)
at org.openqa.selenium.support.decorators.DefaultDecorated.call(DefaultDecorated.java:48)
at org.openqa.selenium.support.decorators.WebDriverDecorator.lambda$createProxy$2(WebDriverDecorator.java:314)
at net.bytebuddy.renamed.java.lang.Object$ByteBuddy$mRll0vhx.executeScript(Unknown Source)
at com.demoqa.util.TestUtil.windowScroll(TestUtil.java:42)
at com.demoqa.pages.HomePage.clickOnElements(HomePage.java:50)
at com.demoqa.testcases.ElementsPageTest.setUp(ElementsPageTest.java:29)
at java.base/java.util.ArrayList.forEach(ArrayList.java:1511)
... Removed 36 stack frames]]>
    </failure>
  </testcase> <!-- @BeforeMethod setUp -->
  <testcase classname="com.demoqa.testcases.ElementsPageTest" name="@AfterMethod cleanUp" time="-1.742581837791E9">
    <skipped/>
  </testcase> <!-- @AfterMethod cleanUp -->
  <testcase classname="com.demoqa.testcases.ElementsPageTest" name="@BeforeMethod setUp" time="-1.742581837793E9">
    <skipped/>
  </testcase> <!-- @BeforeMethod setUp -->
  <testcase classname="com.demoqa.testcases.ElementsPageTest" name="@AfterMethod cleanUp" time="-1.742581837799E9">
    <skipped/>
  </testcase> <!-- @AfterMethod cleanUp -->
  <testcase classname="com.demoqa.testcases.ElementsPageTest" name="@BeforeMethod setUp" time="-1.7425818378E9">
    <skipped/>
  </testcase> <!-- @BeforeMethod setUp -->
  <testcase classname="com.demoqa.testcases.ElementsPageTest" name="@AfterMethod cleanUp" time="-1.742581837806E9">
    <skipped/>
  </testcase> <!-- @AfterMethod cleanUp -->
  <testcase classname="com.demoqa.testcases.ElementsPageTest" name="@BeforeMethod setUp" time="-1.742581837807E9">
    <skipped/>
  </testcase> <!-- @BeforeMethod setUp -->
  <testcase classname="com.demoqa.testcases.ElementsPageTest" name="@AfterMethod cleanUp" time="-1.742581837813E9">
    <skipped/>
  </testcase> <!-- @AfterMethod cleanUp -->
  <testcase classname="com.demoqa.testcases.ElementsPageTest" name="@BeforeMethod setUp" time="-1.742581837814E9">
    <skipped/>
  </testcase> <!-- @BeforeMethod setUp -->
  <testcase classname="com.demoqa.testcases.ElementsPageTest" name="@AfterMethod cleanUp" time="-1.742581837818E9">
    <skipped/>
  </testcase> <!-- @AfterMethod cleanUp -->
  <testcase classname="com.demoqa.testcases.ElementsPageTest" name="@BeforeMethod setUp" time="-1.742581837819E9">
    <skipped/>
  </testcase> <!-- @BeforeMethod setUp -->
  <testcase classname="com.demoqa.testcases.ElementsPageTest" name="@AfterMethod cleanUp" time="-1.742581837822E9">
    <skipped/>
  </testcase> <!-- @AfterMethod cleanUp -->
  <testcase classname="com.demoqa.testcases.ElementsPageTest" name="@BeforeMethod setUp" time="-1.742581837822E9">
    <skipped/>
  </testcase> <!-- @BeforeMethod setUp -->
  <testcase classname="com.demoqa.testcases.ElementsPageTest" name="@AfterMethod cleanUp" time="-1.742581837827E9">
    <skipped/>
  </testcase> <!-- @AfterMethod cleanUp -->
  <testcase classname="com.demoqa.testcases.JoinNowPageTest" name="verifyJoinNowPageTitleTest" time="18.695"/>
  <testcase classname="com.demoqa.testcases.JoinNowPageTest" name="verifyJoinNowPageLogoTest" time="22.43"/>
  <testcase classname="com.demoqa.testcases.HomePageTest" name="verifyHomePageTitleTest" time="0.082"/>
  <testcase classname="com.demoqa.testcases.HomePageTest" name="verifyHomePageLogoTest" time="1.314"/>
  <testcase classname="com.demoqa.testcases.HomePageTest" name="clickOnElementsTest" time="11.442"/>
  <testcase classname="com.demoqa.testcases.HomePageTest" name="clickOnFormsTest" time="8.551"/>
  <testcase classname="com.demoqa.testcases.HomePageTest" name="clickOnAlertsFramesWindowTest" time="11.877"/>
  <testcase classname="com.demoqa.testcases.HomePageTest" name="clickOnWidgetsTest" time="8.97"/>
  <testcase classname="com.demoqa.testcases.HomePageTest" name="clickOnInteractionsTest" time="8.791"/>
  <testcase classname="com.demoqa.testcases.HomePageTest" name="clickOnBookStoreApplicationTest" time="7.447"/>
  <testcase classname="com.demoqa.testcases.ElementsPageTest" name="clickOnBrokenLinksAndImagesTest" time="35.597">
    <failure type="org.openqa.selenium.ElementClickInterceptedException" message="element click intercepted: Element &amp;lt;li class=&amp;quot;btn btn-light &amp;quot; id=&amp;quot;item-6&amp;quot;&amp;gt;...&amp;lt;/li&amp;gt; is not clickable at point (193, 32). Other element would receive the click: &amp;lt;iframe frameborder=&amp;quot;0&amp;quot; src=&amp;quot;https://7cbfbcbba8689cfe4089ba164ed5143f.safeframe.googlesyndication.com/safeframe/1-0-41/html/container.html&amp;quot; id=&amp;quot;google_ads_iframe_/21849154601,22343295815/Ad.Plus-300x250_0&amp;quot; title=&amp;quot;3rd party ad content&amp;quot; name=&amp;quot;&amp;quot; scrolling=&amp;quot;no&amp;quot; marginwidth=&amp;quot;0&amp;quot; marginheight=&amp;quot;0&amp;quot; width=&amp;quot;&amp;quot; height=&amp;quot;&amp;quot; data-is-safeframe=&amp;quot;true&amp;quot; sandbox=&amp;quot;allow-forms allow-popups allow-popups-to-escape-sandbox allow-same-origin allow-scripts allow-top-navigation-by-user-activation&amp;quot; allow=&amp;quot;private-state-token-redemption;attribution-reporting;autoplay&amp;quot; aria-label=&amp;quot;Advertisement&amp;quot; tabindex=&amp;quot;0&amp;quot; data-google-container-id=&amp;quot;2&amp;quot; data-load-complete=&amp;quot;true&amp;quot; style=&amp;quot;border: 0px !important; vertical-align: bottom !important; width: 100vw !important; height: 100vh !important; inset: 0px auto auto 0px !important; position: absolute !important; clear: none !important; display: inline !important; float: none !important; margin: 0px !important; max-height: none !important; max-width: none !important; opacity: 1 !important; overflow: visible !important; padding: 0px !important; visibility: visible !important; z-index: auto !important;&amp;quot;&amp;gt;&amp;lt;/iframe&amp;gt;
  (Session info: chrome=134.0.6998.118)
Build info: version: &amp;apos;4.8.3&amp;apos;, revision: &amp;apos;e5e76298c3&amp;apos;
System info: os.name: &amp;apos;Mac OS X&amp;apos;, os.arch: &amp;apos;x86_64&amp;apos;, os.version: &amp;apos;14.7.1&amp;apos;, java.version: &amp;apos;20.0.1&amp;apos;
Driver info: org.openqa.selenium.chrome.ChromeDriver
Command: [0debf69e45f3e1bbf46ca7ae64443819, clickElement {id=f.0C6349C63FFB098EC4B0273D48F9EFBE.d.0035DDE373FA33DFA50FC002A2EDB81E.e.49}]
Capabilities {acceptInsecureCerts: false, browserName: chrome, browserVersion: 134.0.6998.118, chrome: {chromedriverVersion: 134.0.6998.165 (fd886e2cb29..., userDataDir: /var/folders/sy/w4kkw0kx79l...}, fedcm:accounts: true, goog:chromeOptions: {debuggerAddress: localhost:65489}, networkConnectionEnabled: false, pageLoadStrategy: normal, platformName: MAC, proxy: Proxy(), se:cdp: ws://localhost:65489/devtoo..., se:cdpVersion: 134.0.6998.118, setWindowRect: true, strictFileInteractability: false, timeouts: {implicit: 0, pageLoad: 300000, script: 30000}, unhandledPromptBehavior: dismiss and notify, webauthn:extension:credBlob: true, webauthn:extension:largeBlob: true, webauthn:extension:minPinLength: true, webauthn:extension:prf: true, webauthn:virtualAuthenticators: true}
Element: [[ChromeDriver: chrome on MAC (0debf69e45f3e1bbf46ca7ae64443819)] -&amp;gt; xpath: //li[@id=&amp;apos;item-6&amp;apos;]]
Session ID: 0debf69e45f3e1bbf46ca7ae64443819">
      <![CDATA[org.openqa.selenium.ElementClickInterceptedException: element click intercepted: Element <li class="btn btn-light " id="item-6">...</li> is not clickable at point (193, 32). Other element would receive the click: <iframe frameborder="0" src="https://7cbfbcbba8689cfe4089ba164ed5143f.safeframe.googlesyndication.com/safeframe/1-0-41/html/container.html" id="google_ads_iframe_/21849154601,22343295815/Ad.Plus-300x250_0" title="3rd party ad content" name="" scrolling="no" marginwidth="0" marginheight="0" width="" height="" data-is-safeframe="true" sandbox="allow-forms allow-popups allow-popups-to-escape-sandbox allow-same-origin allow-scripts allow-top-navigation-by-user-activation" allow="private-state-token-redemption;attribution-reporting;autoplay" aria-label="Advertisement" tabindex="0" data-google-container-id="2" data-load-complete="true" style="border: 0px !important; vertical-align: bottom !important; width: 100vw !important; height: 100vh !important; inset: 0px auto auto 0px !important; position: absolute !important; clear: none !important; display: inline !important; float: none !important; margin: 0px !important; max-height: none !important; max-width: none !important; opacity: 1 !important; overflow: visible !important; padding: 0px !important; visibility: visible !important; z-index: auto !important;"></iframe>
  (Session info: chrome=134.0.6998.118)
Build info: version: '4.8.3', revision: 'e5e76298c3'
System info: os.name: 'Mac OS X', os.arch: 'x86_64', os.version: '14.7.1', java.version: '20.0.1'
Driver info: org.openqa.selenium.chrome.ChromeDriver
Command: [0debf69e45f3e1bbf46ca7ae64443819, clickElement {id=f.0C6349C63FFB098EC4B0273D48F9EFBE.d.0035DDE373FA33DFA50FC002A2EDB81E.e.49}]
Capabilities {acceptInsecureCerts: false, browserName: chrome, browserVersion: 134.0.6998.118, chrome: {chromedriverVersion: 134.0.6998.165 (fd886e2cb29..., userDataDir: /var/folders/sy/w4kkw0kx79l...}, fedcm:accounts: true, goog:chromeOptions: {debuggerAddress: localhost:65489}, networkConnectionEnabled: false, pageLoadStrategy: normal, platformName: MAC, proxy: Proxy(), se:cdp: ws://localhost:65489/devtoo..., se:cdpVersion: 134.0.6998.118, setWindowRect: true, strictFileInteractability: false, timeouts: {implicit: 0, pageLoad: 300000, script: 30000}, unhandledPromptBehavior: dismiss and notify, webauthn:extension:credBlob: true, webauthn:extension:largeBlob: true, webauthn:extension:minPinLength: true, webauthn:extension:prf: true, webauthn:virtualAuthenticators: true}
Element: [[ChromeDriver: chrome on MAC (0debf69e45f3e1bbf46ca7ae64443819)] -> xpath: //li[@id='item-6']]
Session ID: 0debf69e45f3e1bbf46ca7ae64443819
at org.openqa.selenium.remote.codec.w3c.W3CHttpResponseCodec.createException(W3CHttpResponseCodec.java:200)
at org.openqa.selenium.remote.codec.w3c.W3CHttpResponseCodec.decode(W3CHttpResponseCodec.java:133)
at org.openqa.selenium.remote.codec.w3c.W3CHttpResponseCodec.decode(W3CHttpResponseCodec.java:53)
at org.openqa.selenium.remote.HttpCommandExecutor.execute(HttpCommandExecutor.java:193)
at org.openqa.selenium.remote.service.DriverCommandExecutor.invokeExecute(DriverCommandExecutor.java:183)
at org.openqa.selenium.remote.service.DriverCommandExecutor.execute(DriverCommandExecutor.java:158)
at org.openqa.selenium.remote.RemoteWebDriver.execute(RemoteWebDriver.java:543)
at org.openqa.selenium.remote.RemoteWebElement.execute(RemoteWebElement.java:257)
at org.openqa.selenium.remote.RemoteWebElement.click(RemoteWebElement.java:78)
at org.openqa.selenium.support.decorators.WebDriverDecorator.call(WebDriverDecorator.java:247)
at org.openqa.selenium.support.decorators.DefaultDecorated.call(DefaultDecorated.java:48)
at org.openqa.selenium.support.decorators.WebDriverDecorator.lambda$createProxy$2(WebDriverDecorator.java:314)
at net.bytebuddy.renamed.java.lang.Object$ByteBuddy$duq5lBES.click(Unknown Source)
at org.openqa.selenium.support.pagefactory.internal.LocatingElementHandler.invoke(LocatingElementHandler.java:52)
at jdk.proxy2/jdk.proxy2.$Proxy43.click(Unknown Source)
at com.demoqa.pages.ElementsPage.clickOnBrokenLinksAndImages(ElementsPage.java:95)
at com.demoqa.testcases.ElementsPageTest.clickOnBrokenLinksAndImagesTest(ElementsPageTest.java:69)
at java.base/java.util.ArrayList.forEach(ArrayList.java:1511)
... Removed 32 stack frames]]>
    </failure>
  </testcase> <!-- clickOnBrokenLinksAndImagesTest -->
  <testcase classname="com.demoqa.testcases.ElementsPageTest" name="clickOnButtonsTest" time="11.838"/>
  <testcase classname="com.demoqa.testcases.ElementsPageTest" name="clickOnCheckBoxTest" time="14.226"/>
  <testcase classname="com.demoqa.testcases.ElementsPageTest" name="clickOnDynamicPropertiesTest" time="0.0">
    <skipped/>
  </testcase> <!-- clickOnDynamicPropertiesTest -->
  <testcase classname="com.demoqa.testcases.ElementsPageTest" name="clickOnLinksTest" time="0.0">
    <skipped/>
  </testcase> <!-- clickOnLinksTest -->
  <testcase classname="com.demoqa.testcases.ElementsPageTest" name="clickOnRadioButtonTest" time="0.0">
    <skipped/>
  </testcase> <!-- clickOnRadioButtonTest -->
  <testcase classname="com.demoqa.testcases.ElementsPageTest" name="clickOnTextBoxTest" time="0.0">
    <skipped/>
  </testcase> <!-- clickOnTextBoxTest -->
  <testcase classname="com.demoqa.testcases.ElementsPageTest" name="clickOnUploadAndDownloadTest" time="0.0">
    <skipped/>
  </testcase> <!-- clickOnUploadAndDownloadTest -->
  <testcase classname="com.demoqa.testcases.ElementsPageTest" name="clickOnWebTablesTest" time="0.0">
    <skipped/>
  </testcase> <!-- clickOnWebTablesTest -->
  <testcase classname="com.demoqa.testcases.ElementsPageTest" name="verifyElementPageTest" time="0.0">
    <skipped/>
  </testcase> <!-- verifyElementPageTest -->
  <testcase classname="com.demoqa.testcases.TextBoxTest" name="validatingOutputTextField" time="2.165"/>
  <testcase classname="com.demoqa.base.TestBase" name="@BeforeSuite listnerSetup" time="0.0">
    <ignored/>
  </testcase> <!-- @BeforeSuite listnerSetup -->
  <testcase classname="com.demoqa.base.TestBase" name="@BeforeSuite listnerSetup" time="0.0">
    <ignored/>
  </testcase> <!-- @BeforeSuite listnerSetup -->
  <testcase classname="com.demoqa.base.TestBase" name="@BeforeSuite listnerSetup" time="0.0">
    <ignored/>
  </testcase> <!-- @BeforeSuite listnerSetup -->
  <testcase classname="com.demoqa.base.TestBase" name="@AfterSuite listenerShutDown" time="0.0">
    <ignored/>
  </testcase> <!-- @AfterSuite listenerShutDown -->
  <testcase classname="com.demoqa.base.TestBase" name="@AfterSuite listenerShutDown" time="0.0">
    <ignored/>
  </testcase> <!-- @AfterSuite listenerShutDown -->
  <testcase classname="com.demoqa.base.TestBase" name="@AfterSuite listenerShutDown" time="0.0">
    <ignored/>
  </testcase> <!-- @AfterSuite listenerShutDown -->
  <testcase classname="com.demoqa.testcases.TextBoxTest" name="validateTextBoxFeatureTest" time="0.0">
    <ignored/>
  </testcase> <!-- validateTextBoxFeatureTest -->
  <testcase classname="com.demoqa.testcases.TextBoxTest" name="validateTextBoxFieldsWithInvalidData" time="0.0">
    <ignored/>
  </testcase> <!-- validateTextBoxFieldsWithInvalidData -->
  <testcase classname="com.demoqa.testcases.TextBoxTest" name="validateTextBoxFieldsWithValidData" time="0.0">
    <ignored/>
  </testcase> <!-- validateTextBoxFieldsWithValidData -->
  <testcase classname="com.demoqa.testcases.TextBoxTest" name="validateTextBoxPageTest" time="0.0">
    <ignored/>
  </testcase> <!-- validateTextBoxPageTest -->
</testsuite> <!-- Regression Test Cases -->
