<?xml version="1.0" encoding="UTF-8"?>
<!-- Generated by org.testng.reporters.JUnitXMLReporter -->
<testsuite ignored="8" hostname="Revathis-MacBook-Air.local" failures="2" tests="4" name="Smoke Test Cases" time="190.761" errors="0" timestamp="2025-01-27T15:05:57 MST">
  <testcase classname="com.demoqa.testcases.JoinNowPageTest" name="verifyJoinNowPageTitleTest" time="2.69">
    <failure type="java.lang.AssertionError" message="JoinNowPage Title not matched expected [Tools QA - Selenium Training] but found []">
      <![CDATA[java.lang.AssertionError: JoinNowPage Title not matched expected [Tools QA - Selenium Training] but found []
at com.demoqa.testcases.JoinNowPageTest.verifyJoinNowPageTitleTest(JoinNowPageTest.java:36)
at java.base/java.util.ArrayList.forEach(ArrayList.java:1511)
... Removed 30 stack frames]]>
    </failure>
  </testcase> <!-- verifyJoinNowPageTitleTest -->
  <testcase classname="com.demoqa.testcases.JoinNowPageTest" name="verifyJoinNowPageLogoTest" time="13.164">
    <failure type="java.lang.AssertionError" message=" expected [false] but found [true]">
      <![CDATA[java.lang.AssertionError:  expected [false] but found [true]
at com.demoqa.testcases.JoinNowPageTest.verifyJoinNowPageLogoTest(JoinNowPageTest.java:46)
at java.base/java.util.ArrayList.forEach(ArrayList.java:1511)
... Removed 28 stack frames]]>
    </failure>
  </testcase> <!-- verifyJoinNowPageLogoTest -->
  <testcase classname="com.demoqa.testcases.HomePageTest" name="verifyHomePageTitleTest" time="0.427"/>
  <testcase classname="com.demoqa.testcases.HomePageTest" name="verifyHomePageLogoTest" time="0.6"/>
  <testcase classname="com.demoqa.base.TestBase" name="@BeforeSuite listnerSetup" time="0.0">
    <ignored/>
  </testcase> <!-- @BeforeSuite listnerSetup -->
  <testcase classname="com.demoqa.testcases.HomePageTest" name="clickOnFormsTest" time="0.0">
    <ignored/>
  </testcase> <!-- clickOnFormsTest -->
  <testcase classname="com.demoqa.testcases.HomePageTest" name="clickOnElementsTest" time="0.0">
    <ignored/>
  </testcase> <!-- clickOnElementsTest -->
  <testcase classname="com.demoqa.testcases.HomePageTest" name="clickOnWidgetsTest" time="0.0">
    <ignored/>
  </testcase> <!-- clickOnWidgetsTest -->
  <testcase classname="com.demoqa.base.TestBase" name="@AfterSuite listenerShutDown" time="0.0">
    <ignored/>
  </testcase> <!-- @AfterSuite listenerShutDown -->
  <testcase classname="com.demoqa.testcases.HomePageTest" name="clickOnInteractionsTest" time="0.0">
    <ignored/>
  </testcase> <!-- clickOnInteractionsTest -->
  <testcase classname="com.demoqa.testcases.HomePageTest" name="clickOnBookStoreApplicationTest" time="0.0">
    <ignored/>
  </testcase> <!-- clickOnBookStoreApplicationTest -->
  <testcase classname="com.demoqa.testcases.HomePageTest" name="clickOnAlertsFramesWindowTest" time="0.0">
    <ignored/>
  </testcase> <!-- clickOnAlertsFramesWindowTest -->
</testsuite> <!-- Smoke Test Cases -->
