<?xml version="1.0" encoding="UTF-8"?>
<!-- Generated by org.testng.reporters.JUnitXMLReporter -->
<testsuite ignored="0" hostname="Revathis-MacBook-Air.local" failures="1" tests="20" name="Regression Test Cases" time="712.712" errors="0" timestamp="2024-10-09T15:01:41 MST">
  <testcase classname="com.demoq.testcases.JoinNowPageTest" name="verifyJoinNowPageTitleTest" time="1.662"/>
  <testcase classname="com.demoq.testcases.JoinNowPageTest" name="verifyJoinNowPageLogoTest" time="11.071"/>
  <testcase classname="com.demoq.testcases.HomePageTest" name="verifyHomePageTitleTest" time="2.978"/>
  <testcase classname="com.demoq.testcases.HomePageTest" name="verifyHomePageLogoTest" time="1.63"/>
  <testcase classname="com.demoq.testcases.HomePageTest" name="clickOnElementsTest" time="5.659"/>
  <testcase classname="com.demoq.testcases.HomePageTest" name="clickOnFormsTest" time="1.621">
    <failure type="org.openqa.selenium.JavascriptException" message="javascript error: x is not defined
  (Session info: chrome=129.0.6668.100)
Build info: version: &amp;apos;4.8.3&amp;apos;, revision: &amp;apos;e5e76298c3&amp;apos;
System info: os.name: &amp;apos;Mac OS X&amp;apos;, os.arch: &amp;apos;aarch64&amp;apos;, os.version: &amp;apos;14.4.1&amp;apos;, java.version: &amp;apos;20.0.1&amp;apos;
Driver info: org.openqa.selenium.chrome.ChromeDriver
Command: [96058bc74c658e7720f1bbf60d08deb0, executeScript {script=window.scrollBy(x,y), args=[]}]
Capabilities {acceptInsecureCerts: false, browserName: chrome, browserVersion: 129.0.6668.100, chrome: {chromedriverVersion: 128.0.6613.137 (fe621c5aa2d..., userDataDir: /var/folders/sy/w4kkw0kx79l...}, fedcm:accounts: true, goog:chromeOptions: {debuggerAddress: localhost:62019}, networkConnectionEnabled: false, pageLoadStrategy: normal, platformName: MAC, proxy: Proxy(), se:cdp: ws://localhost:62019/devtoo..., se:cdpVersion: 129.0.6668.100, setWindowRect: true, strictFileInteractability: false, timeouts: {implicit: 0, pageLoad: 300000, script: 30000}, unhandledPromptBehavior: dismiss and notify, webauthn:extension:credBlob: true, webauthn:extension:largeBlob: true, webauthn:extension:minPinLength: true, webauthn:extension:prf: true, webauthn:virtualAuthenticators: true}
Session ID: 96058bc74c658e7720f1bbf60d08deb0">
      <![CDATA[org.openqa.selenium.JavascriptException: javascript error: x is not defined
  (Session info: chrome=129.0.6668.100)
Build info: version: '4.8.3', revision: 'e5e76298c3'
System info: os.name: 'Mac OS X', os.arch: 'aarch64', os.version: '14.4.1', java.version: '20.0.1'
Driver info: org.openqa.selenium.chrome.ChromeDriver
Command: [96058bc74c658e7720f1bbf60d08deb0, executeScript {script=window.scrollBy(x,y), args=[]}]
Capabilities {acceptInsecureCerts: false, browserName: chrome, browserVersion: 129.0.6668.100, chrome: {chromedriverVersion: 128.0.6613.137 (fe621c5aa2d..., userDataDir: /var/folders/sy/w4kkw0kx79l...}, fedcm:accounts: true, goog:chromeOptions: {debuggerAddress: localhost:62019}, networkConnectionEnabled: false, pageLoadStrategy: normal, platformName: MAC, proxy: Proxy(), se:cdp: ws://localhost:62019/devtoo..., se:cdpVersion: 129.0.6668.100, setWindowRect: true, strictFileInteractability: false, timeouts: {implicit: 0, pageLoad: 300000, script: 30000}, unhandledPromptBehavior: dismiss and notify, webauthn:extension:credBlob: true, webauthn:extension:largeBlob: true, webauthn:extension:minPinLength: true, webauthn:extension:prf: true, webauthn:virtualAuthenticators: true}
Session ID: 96058bc74c658e7720f1bbf60d08deb0
at org.openqa.selenium.remote.codec.w3c.W3CHttpResponseCodec.createException(W3CHttpResponseCodec.java:200)
at org.openqa.selenium.remote.codec.w3c.W3CHttpResponseCodec.decode(W3CHttpResponseCodec.java:133)
at org.openqa.selenium.remote.codec.w3c.W3CHttpResponseCodec.decode(W3CHttpResponseCodec.java:53)
at org.openqa.selenium.remote.HttpCommandExecutor.execute(HttpCommandExecutor.java:193)
at org.openqa.selenium.remote.service.DriverCommandExecutor.invokeExecute(DriverCommandExecutor.java:183)
at org.openqa.selenium.remote.service.DriverCommandExecutor.execute(DriverCommandExecutor.java:158)
at org.openqa.selenium.remote.RemoteWebDriver.execute(RemoteWebDriver.java:543)
at org.openqa.selenium.remote.RemoteWebDriver.executeScript(RemoteWebDriver.java:480)
at com.demoq.util.TestUtil.windowScroll(TestUtil.java:32)
at com.demoq.pages.HomePage.clickOnForms(HomePage.java:60)
at com.demoq.testcases.HomePageTest.clickOnFormsTest(HomePageTest.java:49)
at java.base/java.util.ArrayList.forEach(ArrayList.java:1511)
... Removed 28 stack frames]]>
    </failure>
  </testcase> <!-- clickOnFormsTest -->
  <testcase classname="com.demoq.testcases.HomePageTest" name="clickOnAlertsFramesWindowTest" time="4.852"/>
  <testcase classname="com.demoq.testcases.HomePageTest" name="clickOnWidgetsTest" time="5.414"/>
  <testcase classname="com.demoq.testcases.HomePageTest" name="clickOnInteractionsTest" time="5.324"/>
  <testcase classname="com.demoq.testcases.HomePageTest" name="clickOnBookStoreApplicationTest" time="5.294"/>
  <testcase classname="com.demoq.testcases.ElementsPageTest" name="clickOnBrokenLinksAndImagesTest" time="7.168"/>
  <testcase classname="com.demoq.testcases.ElementsPageTest" name="clickOnButtonsTest" time="4.506"/>
  <testcase classname="com.demoq.testcases.ElementsPageTest" name="clickOnCheckBoxTest" time="4.518"/>
  <testcase classname="com.demoq.testcases.ElementsPageTest" name="clickOnDynamicPropertiesTest" time="8.61"/>
  <testcase classname="com.demoq.testcases.ElementsPageTest" name="clickOnLinksTest" time="8.821"/>
  <testcase classname="com.demoq.testcases.ElementsPageTest" name="clickOnRadioButtonTest" time="8.415"/>
  <testcase classname="com.demoq.testcases.ElementsPageTest" name="clickOnTextBoxTest" time="7.376"/>
  <testcase classname="com.demoq.testcases.ElementsPageTest" name="clickOnUploadAndDownloadTest" time="4.747"/>
  <testcase classname="com.demoq.testcases.ElementsPageTest" name="clickOnWebTablesTest" time="9.374"/>
  <testcase classname="com.demoq.testcases.ElementsPageTest" name="verifyElementPageTest" time="3.122"/>
</testsuite> <!-- Regression Test Cases -->
